 T =     0.18922E+13

          X              Y          COND*TMPy

    0.10000E+02    0.20390E+04   -0.21026E+02    1


    0.10000E+02    0.15496E+04   -0.34747E+02    1
    0.19990E+02    0.15496E+04   -0.34690E+02    1
    0.29980E+02    0.15496E+04   -0.34817E+02    1
    0.39970E+02    0.15496E+04   -0.34790E+02    1
    0.49960E+02    0.15496E+04   -0.34743E+02    1
    0.59950E+02    0.15496E+04   -0.34677E+02    1
    0.69940E+02    0.15496E+04   -0.34592E+02    1
    0.79930E+02    0.15496E+04   -0.34488E+02    1
    0.89920E+02    0.15496E+04   -0.34365E+02    1
    0.99910E+02    0.15496E+04   -0.34225E+02    1
    0.10990E+03    0.15496E+04   -0.34067E+02    1
    0.11989E+03    0.15496E+04   -0.32826E+02    1
    0.12988E+03    0.15496E+04   -0.25391E+02    1
    0.13987E+03    0.15496E+04   -0.17525E+02    1
    0.14986E+03    0.15496E+04   -0.13394E+02    1
    0.15985E+03    0.15496E+04   -0.13146E+02    1
    0.16984E+03    0.15496E+04   -0.12903E+02    1
    0.17983E+03    0.15496E+04   -0.12663E+02    1
    0.18982E+03    0.15496E+04   -0.12426E+02    1
    0.19981E+03    0.15496E+04   -0.12538E+02    1
    0.20980E+03    0.15496E+04   -0.12554E+02    1
    0.21979E+03    0.15496E+04   -0.12568E+02    1
    0.22978E+03    0.15496E+04   -0.12579E+02    1
    0.23977E+03    0.15496E+04   -0.12585E+02    1
    0.24976E+03    0.15496E+04   -0.12591E+02    1
    0.25975E+03    0.15496E+04   -0.12503E+02    1
    0.26974E+03    0.15496E+04   -0.12414E+02    1
    0.27973E+03    0.15496E+04   -0.12328E+02    1
    0.28972E+03    0.15496E+04   -0.12247E+02    1
    0.29971E+03    0.15496E+04   -0.12166E+02    1
    0.30970E+03    0.15496E+04   -0.12078E+02    1
    0.31969E+03    0.15496E+04   -0.11987E+02    1
    0.32968E+03    0.15496E+04   -0.11883E+02    1
    0.33967E+03    0.15496E+04   -0.11809E+02    1
    0.34966E+03    0.15496E+04   -0.11735E+02    1
    0.35965E+03    0.15496E+04   -0.11659E+02    1
    0.36964E+03    0.15496E+04   -0.11582E+02    1
    0.37963E+03    0.15496E+04   -0.11511E+02    1
    0.38962E+03    0.15496E+04   -0.11440E+02    1
    0.39961E+03    0.15496E+04   -0.11370E+02    1
    0.40960E+03    0.15496E+04   -0.11279E+02    1
    0.41959E+03    0.15496E+04   -0.11216E+02    1
    0.42958E+03    0.15496E+04   -0.11153E+02    1
    0.43957E+03    0.15496E+04   -0.11091E+02    1
    0.44956E+03    0.15496E+04   -0.11030E+02    1
    0.45955E+03    0.15496E+04   -0.10968E+02    1
    0.46954E+03    0.15496E+04   -0.10903E+02    1
    0.47953E+03    0.15496E+04   -0.10839E+02    1
    0.48952E+03    0.15496E+04   -0.10772E+02    1
    0.49951E+03    0.15496E+04   -0.10704E+02    1
    0.50950E+03    0.15496E+04   -0.10645E+02    1
    0.51949E+03    0.15496E+04   -0.10586E+02    1
    0.52948E+03    0.15496E+04   -0.10529E+02    1
    0.53947E+03    0.15496E+04   -0.10468E+02    1
    0.54946E+03    0.15496E+04   -0.10407E+02    1
    0.55945E+03    0.15496E+04   -0.10345E+02    1
    0.56944E+03    0.15496E+04   -0.10282E+02    1
    0.57943E+03    0.15496E+04   -0.10219E+02    1
    0.58942E+03    0.15496E+04   -0.10157E+02    1
    0.59941E+03    0.15496E+04   -0.10062E+02    1
    0.60940E+03    0.15496E+04   -0.99952E+01    1
    0.61939E+03    0.15496E+04   -0.99270E+01    1
    0.62938E+03    0.15496E+04   -0.99480E+01    1
    0.63937E+03    0.15496E+04   -0.98923E+01    1
    0.64936E+03    0.15496E+04   -0.98372E+01    1
    0.65935E+03    0.15496E+04   -0.97845E+01    1
    0.66934E+03    0.15496E+04   -0.97345E+01    1
    0.67933E+03    0.15496E+04   -0.96850E+01    1
    0.68932E+03    0.15496E+04   -0.95984E+01    1
    0.69931E+03    0.15496E+04   -0.95129E+01    1
    0.70930E+03    0.15496E+04   -0.94492E+01    1
    0.71929E+03    0.15496E+04   -0.94028E+01    1
    0.72928E+03    0.15496E+04   -0.93568E+01    1
    0.73927E+03    0.15496E+04   -0.93145E+01    1
    0.74926E+03    0.15496E+04   -0.92757E+01    1
    0.75925E+03    0.15496E+04   -0.92119E+01    1
    0.76924E+03    0.15496E+04   -0.91393E+01    1
    0.77923E+03    0.15496E+04   -0.90679E+01    1
    0.78922E+03    0.15496E+04   -0.90249E+01    1
    0.79921E+03    0.15496E+04   -0.89919E+01    1
    0.80920E+03    0.15496E+04   -0.89296E+01    1
    0.81919E+03    0.15496E+04   -0.88682E+01    1
    0.82918E+03    0.15496E+04   -0.88271E+01    1
    0.83917E+03    0.15496E+04   -0.87986E+01    1
    0.84916E+03    0.15496E+04   -0.75597E+01    1
    0.85915E+03    0.15496E+04   -0.31373E+01    1
    0.86914E+03    0.15496E+04    0.10169E+01    1
    0.87913E+03    0.15496E+04    0.12218E+01    1
    0.88912E+03    0.15496E+04    0.11457E+01    1
    0.89911E+03    0.15496E+04    0.10725E+01    1
    0.90910E+03    0.15496E+04    0.84334E+00    1
    0.91909E+03    0.15496E+04    0.78378E+00    1
    0.92908E+03    0.15496E+04    0.94954E+00    1
    0.93907E+03    0.15496E+04    0.95287E+00    1
    0.94906E+03    0.15496E+04    0.95650E+00    1
    0.95905E+03    0.15496E+04    0.96044E+00    1
    0.96904E+03    0.15496E+04    0.96329E+00    1
    0.97903E+03    0.15496E+04    0.96613E+00    1
    0.98902E+03    0.15496E+04    0.95683E+00    1
    0.99901E+03    0.15496E+04    0.95112E+00    1
    0.10090E+04    0.15496E+04    0.94580E+00    1
    0.10190E+04    0.15496E+04    0.93949E+00    1
    0.10290E+04    0.15496E+04    0.93018E+00    1
    0.10390E+04    0.15496E+04    0.92127E+00    1
    0.10490E+04    0.15496E+04    0.91274E+00    1
    0.10590E+04    0.15496E+04    0.91007E+00    1
    0.10689E+04    0.15496E+04    0.90359E+00    1
    0.10789E+04    0.15496E+04    0.89791E+00    1
    0.10889E+04    0.15496E+04    0.89239E+00    1
    0.10989E+04    0.15496E+04    0.88704E+00    1
    0.11089E+04    0.15496E+04    0.88184E+00    1
    0.11189E+04    0.15496E+04    0.87761E+00    1
    0.11289E+04    0.15496E+04    0.87499E+00    1
    0.11389E+04    0.15496E+04    0.87252E+00    1
    0.11489E+04    0.15496E+04    0.87020E+00    1
    0.11589E+04    0.15496E+04    0.86728E+00    1
    0.11688E+04    0.15496E+04    0.86423E+00    1
    0.11788E+04    0.15496E+04    0.85629E+00    1
    0.11888E+04    0.15496E+04    0.85509E+00    1
    0.11988E+04    0.15496E+04    0.85516E+00    1
    0.12088E+04    0.15496E+04    0.85561E+00    1
    0.12188E+04    0.15496E+04    0.84605E+00    1
    0.12288E+04    0.15496E+04    0.84699E+00    1
    0.12388E+04    0.15496E+04    0.84801E+00    1
    0.12488E+04    0.15496E+04    0.84910E+00    1
    0.12588E+04    0.15496E+04    0.85558E+00    1
    0.12687E+04    0.15496E+04    0.85126E+00    1
    0.12787E+04    0.15496E+04    0.84705E+00    1
    0.12887E+04    0.15496E+04    0.84513E+00    1
    0.12987E+04    0.15496E+04    0.84541E+00    1
    0.13087E+04    0.15496E+04    0.84574E+00    1
    0.13187E+04    0.15496E+04    0.84629E+00    1
    0.13287E+04    0.15496E+04    0.84697E+00    1
    0.13387E+04    0.15496E+04    0.85078E+00    1
    0.13487E+04    0.15496E+04    0.85323E+00    1
    0.13587E+04    0.15496E+04    0.85570E+00    1
    0.13686E+04    0.15496E+04    0.85820E+00    1
    0.13786E+04    0.15496E+04    0.86183E+00    1
    0.13886E+04    0.15496E+04    0.86899E+00    1
    0.13986E+04    0.15496E+04    0.87615E+00    1
    0.14086E+04    0.15496E+04    0.88332E+00    1
    0.14186E+04    0.15496E+04    0.89048E+00    1
    0.14286E+04    0.15496E+04    0.89764E+00    1
    0.14386E+04    0.15496E+04    0.90481E+00    1
    0.14486E+04    0.15496E+04    0.91197E+00    1
    0.14585E+04    0.15496E+04    0.91914E+00    1
    0.14685E+04    0.15496E+04    0.94635E+00    1
    0.14785E+04    0.15496E+04    0.95588E+00    1
    0.14885E+04    0.15496E+04    0.96477E+00    1
    0.14985E+04    0.15496E+04    0.97366E+00    1
    0.15085E+04    0.15496E+04    0.98253E+00    1
    0.15185E+04    0.15496E+04    0.98991E+00    1
    0.15285E+04    0.15496E+04    0.10110E+01    1
    0.15385E+04    0.15496E+04    0.10277E+01    1
    0.15485E+04    0.15496E+04    0.10427E+01    1
    0.15585E+04    0.15496E+04    0.10634E+01    1
    0.15684E+04    0.15496E+04    0.10811E+01    1
    0.15784E+04    0.15496E+04    0.10999E+01    1
    0.15884E+04    0.15496E+04    0.11194E+01    1
    0.15984E+04    0.15496E+04    0.11389E+01    1
    0.16084E+04    0.15496E+04    0.11583E+01    1
    0.16184E+04    0.15496E+04    0.11776E+01    1
    0.16284E+04    0.15496E+04    0.11970E+01    1
    0.16384E+04    0.15496E+04    0.12163E+01    1
    0.16484E+04    0.15496E+04    0.12666E+01    1
    0.16584E+04    0.15496E+04    0.12549E+01    1
    0.16683E+04    0.15496E+04    0.12887E+01    1
    0.16783E+04    0.15496E+04    0.13225E+01    1
    0.16883E+04    0.15496E+04    0.13561E+01    1
    0.16983E+04    0.15496E+04    0.13897E+01    1
    0.17083E+04    0.15496E+04    0.14541E+01    1
    0.17183E+04    0.15496E+04    0.14902E+01    1
    0.17283E+04    0.15496E+04    0.15161E+01    1
    0.17383E+04    0.15496E+04    0.15611E+01    1
    0.17483E+04    0.15496E+04    0.16060E+01    1
    0.17582E+04    0.15496E+04    0.16508E+01    1
    0.17682E+04    0.15496E+04    0.16947E+01    1
    0.17782E+04    0.15496E+04    0.17617E+01    1
    0.17882E+04    0.15496E+04    0.18285E+01    1
    0.17982E+04    0.15496E+04    0.18950E+01    1
    0.18082E+04    0.15496E+04    0.19820E+01    1
    0.18182E+04    0.15496E+04    0.20730E+01    1
    0.18282E+04    0.15496E+04    0.22843E+01    1
    0.18382E+04    0.15496E+04    0.23763E+01    1
    0.18482E+04    0.15496E+04    0.24680E+01    1
    0.18582E+04    0.15496E+04    0.25595E+01    1
    0.18681E+04    0.15496E+04    0.26507E+01    1
    0.18781E+04    0.15496E+04    0.27672E+01    1
    0.18881E+04    0.15496E+04    0.29719E+01    1
    0.18981E+04    0.15496E+04    0.31752E+01    1
    0.19081E+04    0.15496E+04    0.33769E+01    1
    0.19181E+04    0.15496E+04    0.35756E+01    1
    0.19281E+04    0.15496E+04    0.37714E+01    1
    0.19381E+04    0.15496E+04    0.39645E+01    1
    0.19481E+04    0.15496E+04    0.41547E+01    1
    0.19580E+04    0.15496E+04    0.43418E+01    1
    0.19680E+04    0.15496E+04    0.45255E+01    1
    0.19780E+04    0.15496E+04    0.47058E+01    1
    0.19880E+04    0.15496E+04    0.48824E+01    1
    0.19980E+04    0.15496E+04    0.12019E+02    1
    0.20080E+04    0.15496E+04   -0.92739E-01    1
    0.20180E+04    0.15496E+04   -0.94865E-01    1
    0.20280E+04    0.15496E+04   -0.96991E-01    1
    0.20380E+04    0.15496E+04   -0.99117E-01    1
    0.20480E+04    0.15496E+04   -0.10124E+00    1
    0.20579E+04    0.15496E+04   -0.10337E+00    1
    0.20679E+04    0.15496E+04   -0.10549E+00    1
    0.20779E+04    0.15496E+04   -0.10762E+00    1
    0.20879E+04    0.15496E+04   -0.10975E+00    1
    0.20979E+04    0.15496E+04   -0.11187E+00    1
    0.21079E+04    0.15496E+04   -0.11400E+00    1
    0.21179E+04    0.15496E+04   -0.11612E+00    1
    0.21279E+04    0.15496E+04   -0.11817E+00    1
    0.21379E+04    0.15496E+04   -0.11967E+00    1
    0.21479E+04    0.15496E+04   -0.12118E+00    1
    0.21578E+04    0.15496E+04   -0.12268E+00    1
    0.21678E+04    0.15496E+04   -0.12418E+00    1
    0.21778E+04    0.15496E+04   -0.12568E+00    1
    0.21878E+04    0.15496E+04   -0.12718E+00    1
    0.21978E+04    0.15496E+04   -0.12869E+00    1
    0.22078E+04    0.15496E+04   -0.13019E+00    1
    0.22178E+04    0.15496E+04   -0.13169E+00    1
    0.22278E+04    0.15496E+04   -0.13319E+00    1
    0.22378E+04    0.15496E+04   -0.13469E+00    1
    0.22478E+04    0.15496E+04   -0.13572E+00    1
    0.22578E+04    0.15496E+04   -0.13603E+00    1
    0.22677E+04    0.15496E+04   -0.13660E+00    1
    0.22777E+04    0.15496E+04   -0.13717E+00    1
    0.22877E+04    0.15496E+04   -0.13773E+00    1
    0.22977E+04    0.15496E+04   -0.13830E+00    1
    0.23077E+04    0.15496E+04   -0.13886E+00    1
    0.23177E+04    0.15496E+04   -0.13943E+00    1
    0.23277E+04    0.15496E+04   -0.13999E+00    1
    0.23377E+04    0.15496E+04   -0.14056E+00    1
    0.23477E+04    0.15496E+04   -0.14113E+00    1
    0.23577E+04    0.15496E+04   -0.14169E+00    1
    0.23676E+04    0.15496E+04   -0.14226E+00    1
    0.23776E+04    0.15496E+04   -0.14279E+00    1
    0.23876E+04    0.15496E+04   -0.14330E+00    1
    0.23976E+04    0.15496E+04   -0.14380E+00    1
    0.24076E+04    0.15496E+04   -0.14430E+00    1
    0.24176E+04    0.15496E+04   -0.14480E+00    1
    0.24276E+04    0.15496E+04   -0.14530E+00    1
    0.24376E+04    0.15496E+04   -0.14580E+00    1
    0.24476E+04    0.15496E+04   -0.14631E+00    1
    0.24576E+04    0.15496E+04   -0.14681E+00    1
    0.24675E+04    0.15496E+04   -0.14731E+00    1
    0.24775E+04    0.15496E+04   -0.14781E+00    1
    0.24875E+04    0.15496E+04   -0.14831E+00    1
    0.24975E+04    0.15496E+04   -0.14842E+00    1
    0.25075E+04    0.15496E+04   -0.14900E+00    1
    0.25175E+04    0.15496E+04   -0.14922E+00    1
    0.25275E+04    0.15496E+04   -0.14944E+00    1
    0.25375E+04    0.15496E+04   -0.14965E+00    1
    0.25475E+04    0.15496E+04   -0.14987E+00    1
    0.25575E+04    0.15496E+04   -0.15009E+00    1
    0.25674E+04    0.15496E+04   -0.15031E+00    1
    0.25774E+04    0.15496E+04   -0.15052E+00    1
    0.25874E+04    0.15496E+04   -0.15074E+00    1
    0.25974E+04    0.15496E+04   -0.15096E+00    1
    0.26074E+04    0.15496E+04   -0.15118E+00    1
    0.26174E+04    0.15496E+04   -0.15139E+00    1
    0.26274E+04    0.15496E+04   -0.15154E+00    1
    0.26374E+04    0.15496E+04   -0.15158E+00    1
    0.26474E+04    0.15496E+04   -0.15163E+00    1
    0.26573E+04    0.15496E+04   -0.15168E+00    1
    0.26673E+04    0.15496E+04   -0.15172E+00    1
    0.26773E+04    0.15496E+04   -0.15177E+00    1
    0.26873E+04    0.15496E+04   -0.15182E+00    1
    0.26973E+04    0.15496E+04   -0.15186E+00    1
    0.27073E+04    0.15496E+04   -0.15191E+00    1
    0.27173E+04    0.15496E+04   -0.15195E+00    1
    0.27273E+04    0.15496E+04   -0.15200E+00    1
    0.27373E+04    0.15496E+04   -0.15205E+00    1
    0.27473E+04    0.15496E+04   -0.15145E+00    1
    0.27572E+04    0.15496E+04   -0.15177E+00    1
    0.27672E+04    0.15496E+04   -0.15151E+00    1
    0.27772E+04    0.15496E+04   -0.15126E+00    1
    0.27872E+04    0.15496E+04   -0.15100E+00    1
    0.27972E+04    0.15496E+04   -0.15075E+00    1
    0.28072E+04    0.15496E+04   -0.15049E+00    1
    0.28172E+04    0.15496E+04   -0.15024E+00    1
    0.28272E+04    0.15496E+04   -0.14998E+00    1
    0.28372E+04    0.15496E+04   -0.14973E+00    1
    0.28472E+04    0.15496E+04   -0.14947E+00    1
    0.28572E+04    0.15496E+04   -0.14922E+00    1
    0.28671E+04    0.15496E+04   -0.14896E+00    1
    0.28771E+04    0.15496E+04   -0.14867E+00    1
    0.28871E+04    0.15496E+04   -0.14832E+00    1
    0.28971E+04    0.15496E+04   -0.14797E+00    1
    0.29071E+04    0.15496E+04   -0.14762E+00    1
    0.29171E+04    0.15496E+04   -0.14727E+00    1
    0.29271E+04    0.15496E+04   -0.14692E+00    1
    0.29371E+04    0.15496E+04   -0.14657E+00    1
    0.29471E+04    0.15496E+04   -0.14622E+00    1
    0.29571E+04    0.15496E+04   -0.14587E+00    1
    0.29670E+04    0.15496E+04   -0.14553E+00    1
    0.29770E+04    0.15496E+04   -0.14518E+00    1
    0.29870E+04    0.15496E+04   -0.14483E+00    1
    0.29970E+04    0.15496E+04   -0.14417E+00    1
    0.30070E+04    0.15496E+04   -0.14374E+00    1
    0.30170E+04    0.15496E+04   -0.14339E+00    1
    0.30270E+04    0.15496E+04   -0.14303E+00    1
    0.30370E+04    0.15496E+04   -0.14267E+00    1
    0.30470E+04    0.15496E+04   -0.14231E+00    1
    0.30570E+04    0.15496E+04   -0.14195E+00    1
    0.30669E+04    0.15496E+04   -0.14160E+00    1
    0.30769E+04    0.15496E+04   -0.14124E+00    1
    0.30869E+04    0.15496E+04   -0.14088E+00    1
    0.30969E+04    0.15496E+04   -0.14052E+00    1
    0.31069E+04    0.15496E+04   -0.14016E+00    1
    0.31169E+04    0.15496E+04   -0.13981E+00    1
    0.31269E+04    0.15496E+04   -0.13948E+00    1
    0.31369E+04    0.15496E+04   -0.13919E+00    1
    0.31469E+04    0.15496E+04   -0.13891E+00    1
    0.31568E+04    0.15496E+04   -0.13862E+00    1
    0.31668E+04    0.15496E+04   -0.13834E+00    1
    0.31768E+04    0.15496E+04   -0.13806E+00    1
    0.31868E+04    0.15496E+04   -0.13777E+00    1
    0.31968E+04    0.15496E+04   -0.13749E+00    1
    0.32068E+04    0.15496E+04   -0.13720E+00    1
    0.32168E+04    0.15496E+04   -0.13692E+00    1
    0.32268E+04    0.15496E+04   -0.13664E+00    1
    0.32368E+04    0.15496E+04   -0.13635E+00    1
    0.32468E+04    0.15496E+04   -0.13672E+00    1
    0.32568E+04    0.15496E+04   -0.13619E+00    1
    0.32667E+04    0.15496E+04   -0.13620E+00    1
    0.32767E+04    0.15496E+04   -0.13621E+00    1
    0.32867E+04    0.15496E+04   -0.13622E+00    1
    0.32967E+04    0.15496E+04   -0.13622E+00    1
    0.33067E+04    0.15496E+04   -0.13623E+00    1
    0.33167E+04    0.15496E+04   -0.13624E+00    1
    0.33267E+04    0.15496E+04   -0.13625E+00    1
    0.33367E+04    0.15496E+04   -0.13625E+00    1
    0.33467E+04    0.15496E+04   -0.13626E+00    1
    0.33567E+04    0.15496E+04   -0.13627E+00    1
    0.33666E+04    0.15496E+04   -0.13628E+00    1
    0.33766E+04    0.15496E+04   -0.13630E+00    1
    0.33866E+04    0.15496E+04   -0.13636E+00    1
    0.33966E+04    0.15496E+04   -0.13642E+00    1
    0.34066E+04    0.15496E+04   -0.13648E+00    1
    0.34166E+04    0.15496E+04   -0.13654E+00    1
    0.34266E+04    0.15496E+04   -0.13660E+00    1
    0.34366E+04    0.15496E+04   -0.13666E+00    1
    0.34466E+04    0.15496E+04   -0.13671E+00    1
    0.34566E+04    0.15496E+04   -0.13677E+00    1
    0.34665E+04    0.15496E+04   -0.13683E+00    1
    0.34765E+04    0.15496E+04   -0.13689E+00    1
    0.34865E+04    0.15496E+04   -0.13695E+00    1
    0.34965E+04    0.15496E+04   -0.13701E+00    1
    0.35065E+04    0.15496E+04   -0.13728E+00    1
    0.35165E+04    0.15496E+04   -0.13738E+00    1
    0.35265E+04    0.15496E+04   -0.13748E+00    1
    0.35365E+04    0.15496E+04   -0.13758E+00    1
    0.35465E+04    0.15496E+04   -0.13768E+00    1
    0.35565E+04    0.15496E+04   -0.13778E+00    1
    0.35664E+04    0.15496E+04   -0.13788E+00    1
    0.35764E+04    0.15496E+04   -0.13798E+00    1
    0.35864E+04    0.15496E+04   -0.13808E+00    1
    0.35964E+04    0.15496E+04   -0.13818E+00    1
    0.36064E+04    0.15496E+04   -0.13828E+00    1
    0.36164E+04    0.15496E+04   -0.13838E+00    1
    0.36264E+04    0.15496E+04   -0.13848E+00    1
    0.36364E+04    0.15496E+04   -0.13858E+00    1
    0.36464E+04    0.15496E+04   -0.13868E+00    1
    0.36563E+04    0.15496E+04   -0.13879E+00    1
    0.36663E+04    0.15496E+04   -0.13889E+00    1
    0.36763E+04    0.15496E+04   -0.13899E+00    1
    0.36863E+04    0.15496E+04   -0.13909E+00    1
    0.36963E+04    0.15496E+04   -0.13919E+00    1
    0.37063E+04    0.15496E+04   -0.13930E+00    1
    0.37163E+04    0.15496E+04   -0.13940E+00    1
    0.37263E+04    0.15496E+04   -0.13950E+00    1
    0.37363E+04    0.15496E+04   -0.13960E+00    1
    0.37463E+04    0.15496E+04   -0.13970E+00    1
    0.37562E+04    0.15496E+04   -0.13982E+00    1
    0.37662E+04    0.15496E+04   -0.13991E+00    1
    0.37762E+04    0.15496E+04   -0.14001E+00    1
    0.37862E+04    0.15496E+04   -0.14010E+00    1
    0.37962E+04    0.15496E+04   -0.14019E+00    1
    0.38062E+04    0.15496E+04   -0.14029E+00    1
    0.38162E+04    0.15496E+04   -0.14038E+00    1
    0.38262E+04    0.15496E+04   -0.14048E+00    1
    0.38362E+04    0.15496E+04   -0.14057E+00    1
    0.38462E+04    0.15496E+04   -0.14066E+00    1
    0.38562E+04    0.15496E+04   -0.14076E+00    1
    0.38661E+04    0.15496E+04   -0.14085E+00    1
    0.38761E+04    0.15496E+04   -0.14094E+00    1
    0.38861E+04    0.15496E+04   -0.14103E+00    1
    0.38961E+04    0.15496E+04   -0.14113E+00    1
    0.39061E+04    0.15496E+04   -0.14122E+00    1
    0.39161E+04    0.15496E+04   -0.14131E+00    1
    0.39261E+04    0.15496E+04   -0.14140E+00    1
    0.39361E+04    0.15496E+04   -0.14149E+00    1
    0.39461E+04    0.15496E+04   -0.14158E+00    1
    0.39561E+04    0.15496E+04   -0.14167E+00    1
    0.39660E+04    0.15496E+04   -0.14176E+00    1
    0.39760E+04    0.15496E+04   -0.14185E+00    1
    0.39860E+04    0.15496E+04   -0.14194E+00    1
    0.39960E+04    0.15496E+04   -0.14203E+00    1
    0.40060E+04    0.15496E+04   -0.14268E+00    1
    0.40160E+04    0.15496E+04   -0.14267E+00    1
    0.40260E+04    0.15496E+04   -0.14266E+00    1
    0.40360E+04    0.15496E+04   -0.14265E+00    1
    0.40460E+04    0.15496E+04   -0.14264E+00    1
    0.40560E+04    0.15496E+04   -0.14263E+00    1
    0.40659E+04    0.15496E+04   -0.14261E+00    1
    0.40759E+04    0.15496E+04   -0.14260E+00    1
    0.40859E+04    0.15496E+04   -0.14259E+00    1
    0.40959E+04    0.15496E+04   -0.14258E+00    1
    0.41059E+04    0.15496E+04   -0.14257E+00    1
    0.41159E+04    0.15496E+04   -0.14256E+00    1
    0.41259E+04    0.15496E+04   -0.14255E+00    1
    0.41359E+04    0.15496E+04   -0.14254E+00    1
    0.41459E+04    0.15496E+04   -0.14253E+00    1
    0.41559E+04    0.15496E+04   -0.14251E+00    1
    0.41658E+04    0.15496E+04   -0.14250E+00    1
    0.41758E+04    0.15496E+04   -0.14249E+00    1
    0.41858E+04    0.15496E+04   -0.14248E+00    1
    0.41958E+04    0.15496E+04   -0.14247E+00    1
    0.42058E+04    0.15496E+04   -0.14246E+00    1
    0.42158E+04    0.15496E+04   -0.14245E+00    1
    0.42258E+04    0.15496E+04   -0.14244E+00    1
    0.42358E+04    0.15496E+04   -0.14242E+00    1
    0.42458E+04    0.15496E+04   -0.14241E+00    1
    0.42558E+04    0.15496E+04   -0.14237E+00    1
    0.42657E+04    0.15496E+04   -0.14232E+00    1
    0.42757E+04    0.15496E+04   -0.14227E+00    1
    0.42857E+04    0.15496E+04   -0.14222E+00    1
    0.42957E+04    0.15496E+04   -0.14217E+00    1
    0.43057E+04    0.15496E+04   -0.14212E+00    1
    0.43157E+04    0.15496E+04   -0.14207E+00    1
    0.43257E+04    0.15496E+04   -0.14201E+00    1
    0.43357E+04    0.15496E+04   -0.14196E+00    1
    0.43457E+04    0.15496E+04   -0.14191E+00    1
    0.43557E+04    0.15496E+04   -0.14186E+00    1
    0.43656E+04    0.15496E+04   -0.14181E+00    1
    0.43756E+04    0.15496E+04   -0.14176E+00    1
    0.43856E+04    0.15496E+04   -0.14171E+00    1
    0.43956E+04    0.15496E+04   -0.14165E+00    1
    0.44056E+04    0.15496E+04   -0.14160E+00    1
    0.44156E+04    0.15496E+04   -0.14155E+00    1
    0.44256E+04    0.15496E+04   -0.14150E+00    1
    0.44356E+04    0.15496E+04   -0.14145E+00    1
    0.44456E+04    0.15496E+04   -0.14140E+00    1
    0.44556E+04    0.15496E+04   -0.14135E+00    1
    0.44655E+04    0.15496E+04   -0.14129E+00    1
    0.44755E+04    0.15496E+04   -0.14124E+00    1
    0.44855E+04    0.15496E+04   -0.14119E+00    1
    0.44955E+04    0.15496E+04   -0.14114E+00    1
    0.45055E+04    0.15496E+04   -0.14050E+00    1
    0.45155E+04    0.15496E+04   -0.14048E+00    1
    0.45255E+04    0.15496E+04   -0.14047E+00    1
    0.45355E+04    0.15496E+04   -0.14045E+00    1
    0.45455E+04    0.15496E+04   -0.14044E+00    1
    0.45554E+04    0.15496E+04   -0.14042E+00    1
    0.45654E+04    0.15496E+04   -0.14041E+00    1
    0.45754E+04    0.15496E+04   -0.14039E+00    1
    0.45854E+04    0.15496E+04   -0.14038E+00    1
    0.45954E+04    0.15496E+04   -0.14036E+00    1
    0.46054E+04    0.15496E+04   -0.14035E+00    1
    0.46154E+04    0.15496E+04   -0.14033E+00    1
    0.46254E+04    0.15496E+04   -0.14032E+00    1
    0.46354E+04    0.15496E+04   -0.14030E+00    1
    0.46454E+04    0.15496E+04   -0.14029E+00    1
    0.46554E+04    0.15496E+04   -0.14027E+00    1
    0.46653E+04    0.15496E+04   -0.14026E+00    1
    0.46753E+04    0.15496E+04   -0.14024E+00    1
    0.46853E+04    0.15496E+04   -0.14023E+00    1
    0.46953E+04    0.15496E+04   -0.14021E+00    1
    0.47053E+04    0.15496E+04   -0.14020E+00    1
    0.47153E+04    0.15496E+04   -0.14018E+00    1
    0.47253E+04    0.15496E+04   -0.14017E+00    1
    0.47353E+04    0.15496E+04   -0.14015E+00    1
    0.47453E+04    0.15496E+04   -0.14014E+00    1
    0.47552E+04    0.15496E+04   -0.14015E+00    1
    0.47652E+04    0.15496E+04   -0.14019E+00    1
    0.47752E+04    0.15496E+04   -0.14022E+00    1
    0.47852E+04    0.15496E+04   -0.14026E+00    1
    0.47952E+04    0.15496E+04   -0.14029E+00    1
    0.48052E+04    0.15496E+04   -0.14032E+00    1
    0.48152E+04    0.15496E+04   -0.14036E+00    1
    0.48252E+04    0.15496E+04   -0.14039E+00    1
    0.48352E+04    0.15496E+04   -0.14042E+00    1
    0.48452E+04    0.15496E+04   -0.14046E+00    1
    0.48552E+04    0.15496E+04   -0.14049E+00    1
    0.48651E+04    0.15496E+04   -0.14052E+00    1
    0.48751E+04    0.15496E+04   -0.14056E+00    1
    0.48851E+04    0.15496E+04   -0.14059E+00    1
    0.48951E+04    0.15496E+04   -0.14063E+00    1
    0.49051E+04    0.15496E+04   -0.14066E+00    1
    0.49151E+04    0.15496E+04   -0.14069E+00    1
    0.49251E+04    0.15496E+04   -0.14073E+00    1
    0.49351E+04    0.15496E+04   -0.14076E+00    1
    0.49451E+04    0.15496E+04   -0.14079E+00    1
    0.49551E+04    0.15496E+04   -0.14083E+00    1
    0.49650E+04    0.15496E+04   -0.14086E+00    1
    0.49750E+04    0.15496E+04   -0.14089E+00    1
    0.49850E+04    0.15496E+04   -0.14093E+00    1
    0.49950E+04    0.15496E+04   -0.14096E+00    1
    0.50050E+04    0.15496E+04   -0.14203E+00    1
    0.50150E+04    0.15496E+04   -0.14205E+00    1
    0.50250E+04    0.15496E+04   -0.14206E+00    1
    0.50350E+04    0.15496E+04   -0.14208E+00    1
    0.50450E+04    0.15496E+04   -0.14209E+00    1
    0.50549E+04    0.15496E+04   -0.14210E+00    1
    0.50649E+04    0.15496E+04   -0.14212E+00    1
    0.50749E+04    0.15496E+04   -0.14213E+00    1
    0.50849E+04    0.15496E+04   -0.14215E+00    1
    0.50949E+04    0.15496E+04   -0.14216E+00    1
    0.51049E+04    0.15496E+04   -0.14218E+00    1
    0.51149E+04    0.15496E+04   -0.14219E+00    1
    0.51249E+04    0.15496E+04   -0.14220E+00    1
    0.51349E+04    0.15496E+04   -0.14222E+00    1
    0.51449E+04    0.15496E+04   -0.14223E+00    1
    0.51549E+04    0.15496E+04   -0.14225E+00    1
    0.51648E+04    0.15496E+04   -0.14226E+00    1
    0.51748E+04    0.15496E+04   -0.14228E+00    1
    0.51848E+04    0.15496E+04   -0.14229E+00    1
    0.51948E+04    0.15496E+04   -0.14231E+00    1
    0.52048E+04    0.15496E+04   -0.14232E+00    1
    0.52148E+04    0.15496E+04   -0.14233E+00    1
    0.52248E+04    0.15496E+04   -0.14235E+00    1
    0.52348E+04    0.15496E+04   -0.14236E+00    1
    0.52448E+04    0.15496E+04   -0.14238E+00    1
    0.52548E+04    0.15496E+04   -0.14236E+00    1
    0.52647E+04    0.15496E+04   -0.14233E+00    1
    0.52747E+04    0.15496E+04   -0.14229E+00    1
    0.52847E+04    0.15496E+04   -0.14226E+00    1
    0.52947E+04    0.15496E+04   -0.14222E+00    1
    0.53047E+04    0.15496E+04   -0.14219E+00    1
    0.53147E+04    0.15496E+04   -0.14215E+00    1
    0.53247E+04    0.15496E+04   -0.14212E+00    1
    0.53347E+04    0.15496E+04   -0.14208E+00    1
    0.53447E+04    0.15496E+04   -0.14205E+00    1
    0.53547E+04    0.15496E+04   -0.14202E+00    1
    0.53646E+04    0.15496E+04   -0.14198E+00    1
    0.53746E+04    0.15496E+04   -0.14195E+00    1
    0.53846E+04    0.15496E+04   -0.14191E+00    1
    0.53946E+04    0.15496E+04   -0.14188E+00    1
    0.54046E+04    0.15496E+04   -0.14184E+00    1
    0.54146E+04    0.15496E+04   -0.14181E+00    1
    0.54246E+04    0.15496E+04   -0.14177E+00    1
    0.54346E+04    0.15496E+04   -0.14174E+00    1
    0.54446E+04    0.15496E+04   -0.14170E+00    1
    0.54546E+04    0.15496E+04   -0.14167E+00    1
    0.54645E+04    0.15496E+04   -0.14163E+00    1
    0.54745E+04    0.15496E+04   -0.14160E+00    1
    0.54845E+04    0.15496E+04   -0.14156E+00    1
    0.54945E+04    0.15496E+04   -0.14153E+00    1
    0.55045E+04    0.15496E+04   -0.14062E+00    1
    0.55145E+04    0.15496E+04   -0.14071E+00    1
    0.55245E+04    0.15496E+04   -0.14079E+00    1
    0.55345E+04    0.15496E+04   -0.14088E+00    1
    0.55445E+04    0.15496E+04   -0.14097E+00    1
    0.55544E+04    0.15496E+04   -0.14105E+00    1
    0.55644E+04    0.15496E+04   -0.14114E+00    1
    0.55744E+04    0.15496E+04   -0.14122E+00    1
    0.55844E+04    0.15496E+04   -0.14131E+00    1
    0.55944E+04    0.15496E+04   -0.14140E+00    1
    0.56044E+04    0.15496E+04   -0.14148E+00    1
    0.56144E+04    0.15496E+04   -0.14157E+00    1
    0.56244E+04    0.15496E+04   -0.14165E+00    1
    0.56344E+04    0.15496E+04   -0.14174E+00    1
    0.56444E+04    0.15496E+04   -0.14183E+00    1
    0.56544E+04    0.15496E+04   -0.14191E+00    1
    0.56643E+04    0.15496E+04   -0.14200E+00    1
    0.56743E+04    0.15496E+04   -0.14208E+00    1
    0.56843E+04    0.15496E+04   -0.14217E+00    1
    0.56943E+04    0.15496E+04   -0.14225E+00    1
    0.57043E+04    0.15496E+04   -0.14234E+00    1
    0.57143E+04    0.15496E+04   -0.14243E+00    1
    0.57243E+04    0.15496E+04   -0.14251E+00    1
    0.57343E+04    0.15496E+04   -0.14260E+00    1
    0.57443E+04    0.15496E+04   -0.14268E+00    1
    0.57542E+04    0.15496E+04   -0.14279E+00    1
    0.57642E+04    0.15496E+04   -0.14291E+00    1
    0.57742E+04    0.15496E+04   -0.14303E+00    1
    0.57842E+04    0.15496E+04   -0.14315E+00    1
    0.57942E+04    0.15496E+04   -0.14327E+00    1
    0.58042E+04    0.15496E+04   -0.14339E+00    1
    0.58142E+04    0.15496E+04   -0.14351E+00    1
    0.58242E+04    0.15496E+04   -0.14363E+00    1
    0.58342E+04    0.15496E+04   -0.14375E+00    1
    0.58442E+04    0.15496E+04   -0.14387E+00    1
    0.58542E+04    0.15496E+04   -0.14399E+00    1
    0.58641E+04    0.15496E+04   -0.14411E+00    1
    0.58741E+04    0.15496E+04   -0.14423E+00    1
    0.58841E+04    0.15496E+04   -0.14435E+00    1
    0.58941E+04    0.15496E+04   -0.14447E+00    1
    0.59041E+04    0.15496E+04   -0.14459E+00    1
    0.59141E+04    0.15496E+04   -0.14471E+00    1
    0.59241E+04    0.15496E+04   -0.14483E+00    1
    0.59341E+04    0.15496E+04   -0.14495E+00    1
    0.59441E+04    0.15496E+04   -0.14507E+00    1
    0.59541E+04    0.15496E+04   -0.14519E+00    1
    0.59640E+04    0.15496E+04   -0.14531E+00    1
    0.59740E+04    0.15496E+04   -0.14543E+00    1
    0.59840E+04    0.15496E+04   -0.14555E+00    1
    0.59940E+04    0.15496E+04   -0.14567E+00    1
    0.60040E+04    0.15496E+04   -0.14787E+00    1
    0.60140E+04    0.15496E+04   -0.14836E+00    1
    0.60240E+04    0.15496E+04   -0.14822E+00    1
    0.60340E+04    0.15496E+04   -0.14809E+00    1
    0.60440E+04    0.15496E+04   -0.14796E+00    1
    0.60539E+04    0.15496E+04   -0.14782E+00    1
    0.60639E+04    0.15496E+04   -0.14769E+00    1
    0.60739E+04    0.15496E+04   -0.14755E+00    1
    0.60839E+04    0.15496E+04   -0.14742E+00    1
    0.60939E+04    0.15496E+04   -0.14729E+00    1
    0.61039E+04    0.15496E+04   -0.14715E+00    1
    0.61139E+04    0.15496E+04   -0.14702E+00    1
    0.61239E+04    0.15496E+04   -0.14688E+00    1
    0.61339E+04    0.15496E+04   -0.14675E+00    1
    0.61439E+04    0.15496E+04   -0.14662E+00    1
    0.61539E+04    0.15496E+04   -0.14648E+00    1
    0.61638E+04    0.15496E+04   -0.14635E+00    1
    0.61738E+04    0.15496E+04   -0.14622E+00    1
    0.61838E+04    0.15496E+04   -0.14608E+00    1
    0.61938E+04    0.15496E+04   -0.14595E+00    1
    0.62038E+04    0.15496E+04   -0.14581E+00    1
    0.62138E+04    0.15496E+04   -0.14568E+00    1
    0.62238E+04    0.15496E+04   -0.14555E+00    1
    0.62338E+04    0.15496E+04   -0.14541E+00    1
    0.62438E+04    0.15496E+04   -0.14528E+00    1
    0.62538E+04    0.15496E+04   -0.14515E+00    1
    0.62637E+04    0.15496E+04   -0.14502E+00    1
    0.62737E+04    0.15496E+04   -0.14490E+00    1
    0.62837E+04    0.15496E+04   -0.14478E+00    1
    0.62937E+04    0.15496E+04   -0.14466E+00    1
    0.63037E+04    0.15496E+04   -0.14454E+00    1
    0.63137E+04    0.15496E+04   -0.14442E+00    1
    0.63237E+04    0.15496E+04   -0.14430E+00    1
    0.63337E+04    0.15496E+04   -0.14418E+00    1
    0.63437E+04    0.15496E+04   -0.14406E+00    1
    0.63537E+04    0.15496E+04   -0.14394E+00    1
    0.63636E+04    0.15496E+04   -0.14382E+00    1
    0.63736E+04    0.15496E+04   -0.14370E+00    1
    0.63836E+04    0.15496E+04   -0.14358E+00    1
    0.63936E+04    0.15496E+04   -0.14346E+00    1
    0.64036E+04    0.15496E+04   -0.14334E+00    1
    0.64136E+04    0.15496E+04   -0.14322E+00    1
    0.64236E+04    0.15496E+04   -0.14310E+00    1
    0.64336E+04    0.15496E+04   -0.14298E+00    1
    0.64436E+04    0.15496E+04   -0.14286E+00    1
    0.64536E+04    0.15496E+04   -0.14274E+00    1
    0.64635E+04    0.15496E+04   -0.14261E+00    1
    0.64735E+04    0.15496E+04   -0.14249E+00    1
    0.64835E+04    0.15496E+04   -0.14237E+00    1
    0.64935E+04    0.15496E+04   -0.14225E+00    1
    0.65035E+04    0.15496E+04   -0.14167E+00    1
    0.65135E+04    0.15496E+04   -0.14174E+00    1
    0.65235E+04    0.15496E+04   -0.14182E+00    1
    0.65335E+04    0.15496E+04   -0.14189E+00    1
    0.65435E+04    0.15496E+04   -0.14197E+00    1
    0.65534E+04    0.15496E+04   -0.14204E+00    1
    0.65634E+04    0.15496E+04   -0.14211E+00    1
    0.65734E+04    0.15496E+04   -0.14219E+00    1
    0.65834E+04    0.15496E+04   -0.14226E+00    1
    0.65934E+04    0.15496E+04   -0.14234E+00    1
    0.66034E+04    0.15496E+04   -0.14241E+00    1
    0.66134E+04    0.15496E+04   -0.14249E+00    1
    0.66234E+04    0.15496E+04   -0.14256E+00    1
    0.66334E+04    0.15496E+04   -0.14264E+00    1
    0.66434E+04    0.15496E+04   -0.14271E+00    1
    0.66534E+04    0.15496E+04   -0.14278E+00    1
    0.66633E+04    0.15496E+04   -0.14286E+00    1
    0.66733E+04    0.15496E+04   -0.14293E+00    1
    0.66833E+04    0.15496E+04   -0.14301E+00    1
    0.66933E+04    0.15496E+04   -0.14308E+00    1
    0.67033E+04    0.15496E+04   -0.14316E+00    1
    0.67133E+04    0.15496E+04   -0.14323E+00    1
    0.67233E+04    0.15496E+04   -0.14331E+00    1
    0.67333E+04    0.15496E+04   -0.14338E+00    1
    0.67433E+04    0.15496E+04   -0.14345E+00    1
    0.67532E+04    0.15496E+04   -0.14358E+00    1
    0.67632E+04    0.15496E+04   -0.14377E+00    1
    0.67732E+04    0.15496E+04   -0.14396E+00    1
    0.67832E+04    0.15496E+04   -0.14416E+00    1
    0.67932E+04    0.15496E+04   -0.14435E+00    1
    0.68032E+04    0.15496E+04   -0.14454E+00    1
    0.68132E+04    0.15496E+04   -0.14474E+00    1
    0.68232E+04    0.15496E+04   -0.14493E+00    1
    0.68332E+04    0.15496E+04   -0.14512E+00    1
    0.68432E+04    0.15496E+04   -0.14532E+00    1
    0.68532E+04    0.15496E+04   -0.14551E+00    1
    0.68631E+04    0.15496E+04   -0.14571E+00    1
    0.68731E+04    0.15496E+04   -0.14590E+00    1
    0.68831E+04    0.15496E+04   -0.14609E+00    1
    0.68931E+04    0.15496E+04   -0.14629E+00    1
    0.69031E+04    0.15496E+04   -0.14648E+00    1
    0.69131E+04    0.15496E+04   -0.14667E+00    1
    0.69231E+04    0.15496E+04   -0.14687E+00    1
    0.69331E+04    0.15496E+04   -0.14706E+00    1
    0.69431E+04    0.15496E+04   -0.14725E+00    1
    0.69531E+04    0.15496E+04   -0.14745E+00    1
    0.69630E+04    0.15496E+04   -0.14764E+00    1
    0.69730E+04    0.15496E+04   -0.14783E+00    1
    0.69830E+04    0.15496E+04   -0.14803E+00    1
    0.69930E+04    0.15496E+04   -0.14822E+00    1
    0.70030E+04    0.15496E+04   -0.14789E+00    1
    0.70130E+04    0.15496E+04   -0.14774E+00    1
    0.70230E+04    0.15496E+04   -0.14759E+00    1
    0.70330E+04    0.15496E+04   -0.14744E+00    1
    0.70430E+04    0.15496E+04   -0.14728E+00    1
    0.70529E+04    0.15496E+04   -0.14713E+00    1
    0.70629E+04    0.15496E+04   -0.14698E+00    1
    0.70729E+04    0.15496E+04   -0.14683E+00    1
    0.70829E+04    0.15496E+04   -0.14668E+00    1
    0.70929E+04    0.15496E+04   -0.14653E+00    1
    0.71029E+04    0.15496E+04   -0.14638E+00    1
    0.71129E+04    0.15496E+04   -0.14622E+00    1
    0.71229E+04    0.15496E+04   -0.14607E+00    1
    0.71329E+04    0.15496E+04   -0.14592E+00    1
    0.71429E+04    0.15496E+04   -0.14577E+00    1
    0.71529E+04    0.15496E+04   -0.14562E+00    1
    0.71628E+04    0.15496E+04   -0.14547E+00    1
    0.71728E+04    0.15496E+04   -0.14531E+00    1
    0.71828E+04    0.15496E+04   -0.14516E+00    1
    0.71928E+04    0.15496E+04   -0.14501E+00    1
    0.72028E+04    0.15496E+04   -0.14486E+00    1
    0.72128E+04    0.15496E+04   -0.14471E+00    1
    0.72228E+04    0.15496E+04   -0.14456E+00    1
    0.72328E+04    0.15496E+04   -0.14441E+00    1
    0.72428E+04    0.15496E+04   -0.14425E+00    1
    0.72528E+04    0.15496E+04   -0.14411E+00    1
    0.72627E+04    0.15496E+04   -0.14398E+00    1
    0.72727E+04    0.15496E+04   -0.14385E+00    1
    0.72827E+04    0.15496E+04   -0.14371E+00    1
    0.72927E+04    0.15496E+04   -0.14358E+00    1
    0.73027E+04    0.15496E+04   -0.14345E+00    1
    0.73127E+04    0.15496E+04   -0.14332E+00    1
    0.73227E+04    0.15496E+04   -0.14319E+00    1
    0.73327E+04    0.15496E+04   -0.14306E+00    1
    0.73427E+04    0.15496E+04   -0.14292E+00    1
    0.73527E+04    0.15496E+04   -0.14279E+00    1
    0.73626E+04    0.15496E+04   -0.14266E+00    1
    0.73726E+04    0.15496E+04   -0.14253E+00    1
    0.73826E+04    0.15496E+04   -0.14240E+00    1
    0.73926E+04    0.15496E+04   -0.14227E+00    1
    0.74026E+04    0.15496E+04   -0.14214E+00    1
    0.74126E+04    0.15496E+04   -0.14200E+00    1
    0.74226E+04    0.15496E+04   -0.14187E+00    1
    0.74326E+04    0.15496E+04   -0.14174E+00    1
    0.74426E+04    0.15496E+04   -0.14161E+00    1
    0.74526E+04    0.15496E+04   -0.14148E+00    1
    0.74625E+04    0.15496E+04   -0.14135E+00    1
    0.74725E+04    0.15496E+04   -0.14121E+00    1
    0.74825E+04    0.15496E+04   -0.14108E+00    1
    0.74925E+04    0.15496E+04   -0.14095E+00    1
    0.75025E+04    0.15496E+04   -0.14079E+00    1
    0.75125E+04    0.15496E+04   -0.14081E+00    1
    0.75225E+04    0.15496E+04   -0.14083E+00    1
    0.75325E+04    0.15496E+04   -0.14085E+00    1
    0.75425E+04    0.15496E+04   -0.14088E+00    1
    0.75524E+04    0.15496E+04   -0.14090E+00    1
    0.75624E+04    0.15496E+04   -0.14092E+00    1
    0.75724E+04    0.15496E+04   -0.14095E+00    1
    0.75824E+04    0.15496E+04   -0.14097E+00    1
    0.75924E+04    0.15496E+04   -0.14099E+00    1
    0.76024E+04    0.15496E+04   -0.14101E+00    1
    0.76124E+04    0.15496E+04   -0.14104E+00    1
    0.76224E+04    0.15496E+04   -0.14106E+00    1
    0.76324E+04    0.15496E+04   -0.14108E+00    1
    0.76424E+04    0.15496E+04   -0.14110E+00    1
    0.76524E+04    0.15496E+04   -0.14113E+00    1
    0.76623E+04    0.15496E+04   -0.14115E+00    1
    0.76723E+04    0.15496E+04   -0.14117E+00    1
    0.76823E+04    0.15496E+04   -0.14120E+00    1
    0.76923E+04    0.15496E+04   -0.14122E+00    1
    0.77023E+04    0.15496E+04   -0.14124E+00    1
    0.77123E+04    0.15496E+04   -0.14126E+00    1
    0.77223E+04    0.15496E+04   -0.14129E+00    1
    0.77323E+04    0.15496E+04   -0.14131E+00    1
    0.77423E+04    0.15496E+04   -0.14133E+00    1
    0.77522E+04    0.15496E+04   -0.14136E+00    1
    0.77622E+04    0.15496E+04   -0.14140E+00    1
    0.77722E+04    0.15496E+04   -0.14144E+00    1
    0.77822E+04    0.15496E+04   -0.14149E+00    1
    0.77922E+04    0.15496E+04   -0.14153E+00    1
    0.78022E+04    0.15496E+04   -0.14157E+00    1
    0.78122E+04    0.15496E+04   -0.14161E+00    1
    0.78222E+04    0.15496E+04   -0.14165E+00    1
    0.78322E+04    0.15496E+04   -0.14169E+00    1
    0.78422E+04    0.15496E+04   -0.14174E+00    1
    0.78522E+04    0.15496E+04   -0.14178E+00    1
    0.78621E+04    0.15496E+04   -0.14182E+00    1
    0.78721E+04    0.15496E+04   -0.14186E+00    1
    0.78821E+04    0.15496E+04   -0.14190E+00    1
    0.78921E+04    0.15496E+04   -0.14195E+00    1
    0.79021E+04    0.15496E+04   -0.14199E+00    1
    0.79121E+04    0.15496E+04   -0.14203E+00    1
    0.79221E+04    0.15496E+04   -0.14207E+00    1
    0.79321E+04    0.15496E+04   -0.14211E+00    1
    0.79421E+04    0.15496E+04   -0.14215E+00    1
    0.79521E+04    0.15496E+04   -0.14220E+00    1
    0.79620E+04    0.15496E+04   -0.14224E+00    1
    0.79720E+04    0.15496E+04   -0.14228E+00    1
    0.79820E+04    0.15496E+04   -0.14232E+00    1
    0.79920E+04    0.15496E+04   -0.14236E+00    1
    0.80020E+04    0.15496E+04   -0.14205E+00    1
    0.80120E+04    0.15496E+04   -0.14159E+00    1
    0.80220E+04    0.15496E+04   -0.14157E+00    1
    0.80320E+04    0.15496E+04   -0.14155E+00    1
    0.80420E+04    0.15496E+04   -0.14153E+00    1
    0.80519E+04    0.15496E+04   -0.14152E+00    1
    0.80619E+04    0.15496E+04   -0.14150E+00    1
    0.80719E+04    0.15496E+04   -0.14148E+00    1
    0.80819E+04    0.15496E+04   -0.14146E+00    1
    0.80919E+04    0.15496E+04   -0.14144E+00    1
    0.81019E+04    0.15496E+04   -0.14143E+00    1
    0.81119E+04    0.15496E+04   -0.14141E+00    1
    0.81219E+04    0.15496E+04   -0.14139E+00    1
    0.81319E+04    0.15496E+04   -0.14137E+00    1
    0.81419E+04    0.15496E+04   -0.14135E+00    1
    0.81519E+04    0.15496E+04   -0.14134E+00    1
    0.81618E+04    0.15496E+04   -0.14132E+00    1
    0.81718E+04    0.15496E+04   -0.14130E+00    1
    0.81818E+04    0.15496E+04   -0.14128E+00    1
    0.81918E+04    0.15496E+04   -0.14126E+00    1
    0.82018E+04    0.15496E+04   -0.14125E+00    1
    0.82118E+04    0.15496E+04   -0.14123E+00    1
    0.82218E+04    0.15496E+04   -0.14121E+00    1
    0.82318E+04    0.15496E+04   -0.14119E+00    1
    0.82418E+04    0.15496E+04   -0.14117E+00    1
    0.82518E+04    0.15496E+04   -0.14115E+00    1
    0.82617E+04    0.15496E+04   -0.14117E+00    1
    0.82717E+04    0.15496E+04   -0.14118E+00    1
    0.82817E+04    0.15496E+04   -0.14120E+00    1
    0.82917E+04    0.15496E+04   -0.14122E+00    1
    0.83017E+04    0.15496E+04   -0.14123E+00    1
    0.83117E+04    0.15496E+04   -0.14125E+00    1
    0.83217E+04    0.15496E+04   -0.14126E+00    1
    0.83317E+04    0.15496E+04   -0.14128E+00    1
    0.83417E+04    0.15496E+04   -0.14129E+00    1
    0.83516E+04    0.15496E+04   -0.14131E+00    1
    0.83616E+04    0.15496E+04   -0.14132E+00    1
    0.83716E+04    0.15496E+04   -0.14134E+00    1
    0.83816E+04    0.15496E+04   -0.14136E+00    1
    0.83916E+04    0.15496E+04   -0.14137E+00    1
    0.84016E+04    0.15496E+04   -0.14139E+00    1
    0.84116E+04    0.15496E+04   -0.14140E+00    1
    0.84216E+04    0.15496E+04   -0.14142E+00    1
    0.84316E+04    0.15496E+04   -0.14143E+00    1
    0.84416E+04    0.15496E+04   -0.14145E+00    1
    0.84515E+04    0.15496E+04   -0.14147E+00    1
    0.84615E+04    0.15496E+04   -0.14148E+00    1
    0.84715E+04    0.15496E+04   -0.14150E+00    1
    0.84815E+04    0.15496E+04   -0.14151E+00    1
    0.84915E+04    0.15496E+04   -0.14153E+00    1
    0.85015E+04    0.15496E+04   -0.14176E+00    1
    0.85115E+04    0.15496E+04   -0.14179E+00    1
    0.85215E+04    0.15496E+04   -0.14181E+00    1
    0.85315E+04    0.15496E+04   -0.14183E+00    1
    0.85415E+04    0.15496E+04   -0.14185E+00    1
    0.85515E+04    0.15496E+04   -0.14187E+00    1
    0.85614E+04    0.15496E+04   -0.14189E+00    1
    0.85714E+04    0.15496E+04   -0.14191E+00    1
    0.85814E+04    0.15496E+04   -0.14193E+00    1
    0.85914E+04    0.15496E+04   -0.14196E+00    1
    0.86014E+04    0.15496E+04   -0.14198E+00    1
    0.86114E+04    0.15496E+04   -0.14200E+00    1
    0.86214E+04    0.15496E+04   -0.14202E+00    1
    0.86314E+04    0.15496E+04   -0.14204E+00    1
    0.86414E+04    0.15496E+04   -0.14206E+00    1
    0.86514E+04    0.15496E+04   -0.14208E+00    1
    0.86613E+04    0.15496E+04   -0.14210E+00    1
    0.86713E+04    0.15496E+04   -0.14213E+00    1
    0.86813E+04    0.15496E+04   -0.14215E+00    1
    0.86913E+04    0.15496E+04   -0.14217E+00    1
    0.87013E+04    0.15496E+04   -0.14219E+00    1
    0.87113E+04    0.15496E+04   -0.14221E+00    1
    0.87213E+04    0.15496E+04   -0.14223E+00    1
    0.87313E+04    0.15496E+04   -0.14225E+00    1
    0.87413E+04    0.15496E+04   -0.14227E+00    1
    0.87512E+04    0.15496E+04   -0.14229E+00    1
    0.87612E+04    0.15496E+04   -0.14229E+00    1
    0.87712E+04    0.15496E+04   -0.14228E+00    1
    0.87812E+04    0.15496E+04   -0.14228E+00    1
    0.87912E+04    0.15496E+04   -0.14228E+00    1
    0.88012E+04    0.15496E+04   -0.14227E+00    1
    0.88112E+04    0.15496E+04   -0.14227E+00    1
    0.88212E+04    0.15496E+04   -0.14227E+00    1
    0.88312E+04    0.15496E+04   -0.14226E+00    1
    0.88412E+04    0.15496E+04   -0.14226E+00    1
    0.88511E+04    0.15496E+04   -0.14225E+00    1
    0.88611E+04    0.15496E+04   -0.14225E+00    1
    0.88711E+04    0.15496E+04   -0.14225E+00    1
    0.88811E+04    0.15496E+04   -0.14224E+00    1
    0.88911E+04    0.15496E+04   -0.14224E+00    1
    0.89011E+04    0.15496E+04   -0.14224E+00    1
    0.89111E+04    0.15496E+04   -0.14223E+00    1
    0.89211E+04    0.15496E+04   -0.14223E+00    1
    0.89311E+04    0.15496E+04   -0.14223E+00    1
    0.89411E+04    0.15496E+04   -0.14222E+00    1
    0.89511E+04    0.15496E+04   -0.14222E+00    1
    0.89610E+04    0.15496E+04   -0.14222E+00    1
    0.89710E+04    0.15496E+04   -0.14221E+00    1
    0.89810E+04    0.15496E+04   -0.14221E+00    1
    0.89910E+04    0.15496E+04   -0.14220E+00    1
    0.90010E+04    0.15496E+04   -0.14171E+00    1
    0.90110E+04    0.15496E+04   -0.14087E+00    1
    0.90210E+04    0.15496E+04   -0.14087E+00    1
    0.90310E+04    0.15496E+04   -0.14087E+00    1
    0.90410E+04    0.15496E+04   -0.14088E+00    1
    0.90510E+04    0.15496E+04   -0.14088E+00    1
    0.90609E+04    0.15496E+04   -0.14088E+00    1
    0.90709E+04    0.15496E+04   -0.14089E+00    1
    0.90809E+04    0.15496E+04   -0.14089E+00    1
    0.90909E+04    0.15496E+04   -0.14089E+00    1
    0.91009E+04    0.15496E+04   -0.14089E+00    1
    0.91109E+04    0.15496E+04   -0.14090E+00    1
    0.91209E+04    0.15496E+04   -0.14090E+00    1
    0.91309E+04    0.15496E+04   -0.14090E+00    1
    0.91409E+04    0.15496E+04   -0.14091E+00    1
    0.91509E+04    0.15496E+04   -0.14091E+00    1
    0.91608E+04    0.15496E+04   -0.14091E+00    1
    0.91708E+04    0.15496E+04   -0.14092E+00    1
    0.91808E+04    0.15496E+04   -0.14092E+00    1
    0.91908E+04    0.15496E+04   -0.14092E+00    1
    0.92008E+04    0.15496E+04   -0.14092E+00    1
    0.92108E+04    0.15496E+04   -0.14093E+00    1
    0.92208E+04    0.15496E+04   -0.14093E+00    1
    0.92308E+04    0.15496E+04   -0.14093E+00    1
    0.92408E+04    0.15496E+04   -0.14094E+00    1
    0.92508E+04    0.15496E+04   -0.14094E+00    1
    0.92607E+04    0.15496E+04   -0.14095E+00    1
    0.92707E+04    0.15496E+04   -0.14097E+00    1
    0.92807E+04    0.15496E+04   -0.14098E+00    1
    0.92907E+04    0.15496E+04   -0.14100E+00    1
    0.93007E+04    0.15496E+04   -0.14101E+00    1
    0.93107E+04    0.15496E+04   -0.14103E+00    1
    0.93207E+04    0.15496E+04   -0.14105E+00    1
    0.93307E+04    0.15496E+04   -0.14106E+00    1
    0.93407E+04    0.15496E+04   -0.14108E+00    1
    0.93506E+04    0.15496E+04   -0.14109E+00    1
    0.93606E+04    0.15496E+04   -0.14111E+00    1
    0.93706E+04    0.15496E+04   -0.14112E+00    1
    0.93806E+04    0.15496E+04   -0.14114E+00    1
    0.93906E+04    0.15496E+04   -0.14116E+00    1
    0.94006E+04    0.15496E+04   -0.14117E+00    1
    0.94106E+04    0.15496E+04   -0.14119E+00    1
    0.94206E+04    0.15496E+04   -0.14120E+00    1
    0.94306E+04    0.15496E+04   -0.14122E+00    1
    0.94406E+04    0.15496E+04   -0.14124E+00    1
    0.94506E+04    0.15496E+04   -0.14125E+00    1
    0.94605E+04    0.15496E+04   -0.14127E+00    1
    0.94705E+04    0.15496E+04   -0.14128E+00    1
    0.94805E+04    0.15496E+04   -0.14130E+00    1
    0.94905E+04    0.15496E+04   -0.14131E+00    1
    0.95005E+04    0.15496E+04   -0.14139E+00    1
    0.95105E+04    0.15496E+04   -0.14157E+00    1
    0.95205E+04    0.15496E+04   -0.14156E+00    1
    0.95305E+04    0.15496E+04   -0.14155E+00    1
    0.95405E+04    0.15496E+04   -0.14154E+00    1
    0.95505E+04    0.15496E+04   -0.14154E+00    1
    0.95604E+04    0.15496E+04   -0.14153E+00    1
    0.95704E+04    0.15496E+04   -0.14152E+00    1
    0.95804E+04    0.15496E+04   -0.14151E+00    1
    0.95904E+04    0.15496E+04   -0.14150E+00    1
    0.96004E+04    0.15496E+04   -0.14150E+00    1
    0.96104E+04    0.15496E+04   -0.14149E+00    1
    0.96204E+04    0.15496E+04   -0.14148E+00    1
    0.96304E+04    0.15496E+04   -0.14147E+00    1
    0.96404E+04    0.15496E+04   -0.14147E+00    1
    0.96504E+04    0.15496E+04   -0.14146E+00    1
    0.96603E+04    0.15496E+04   -0.14145E+00    1
    0.96703E+04    0.15496E+04   -0.14144E+00    1
    0.96803E+04    0.15496E+04   -0.14144E+00    1
    0.96903E+04    0.15496E+04   -0.14143E+00    1
    0.97003E+04    0.15496E+04   -0.14142E+00    1
    0.97103E+04    0.15496E+04   -0.14141E+00    1
    0.97203E+04    0.15496E+04   -0.14141E+00    1
    0.97303E+04    0.15496E+04   -0.14140E+00    1
    0.97403E+04    0.15496E+04   -0.14139E+00    1
    0.97502E+04    0.15496E+04   -0.14138E+00    1
    0.97602E+04    0.15496E+04   -0.14137E+00    1
    0.97702E+04    0.15496E+04   -0.14136E+00    1
    0.97802E+04    0.15496E+04   -0.14135E+00    1
    0.97902E+04    0.15496E+04   -0.14134E+00    1
    0.98002E+04    0.15496E+04   -0.14133E+00    1
    0.98102E+04    0.15496E+04   -0.14133E+00    1
    0.98202E+04    0.15496E+04   -0.14132E+00    1
    0.98302E+04    0.15496E+04   -0.14131E+00    1
    0.98402E+04    0.15496E+04   -0.14130E+00    1
    0.98501E+04    0.15496E+04   -0.14129E+00    1
    0.98601E+04    0.15496E+04   -0.14128E+00    1
    0.98701E+04    0.15496E+04   -0.14127E+00    1
    0.98801E+04    0.15496E+04   -0.14126E+00    1
    0.98901E+04    0.15496E+04   -0.14125E+00    1
    0.99001E+04    0.15496E+04   -0.14124E+00    1
    0.99101E+04    0.15496E+04   -0.14123E+00    1
    0.99201E+04    0.15496E+04   -0.14122E+00    1
    0.99301E+04    0.15496E+04   -0.14121E+00    1
    0.99401E+04    0.15496E+04   -0.14120E+00    1
    0.99501E+04    0.15496E+04   -0.14119E+00    1
    0.99600E+04    0.15496E+04   -0.14119E+00    1
    0.99700E+04    0.15496E+04   -0.14118E+00    1
    0.99800E+04    0.15496E+04   -0.14117E+00    1
    0.99900E+04    0.15496E+04   -0.14116E+00    1
    0.10000E+05    0.15496E+04   -0.14138E+00    1
