 T =     0.12614E+13

          X              Y          COND*TMPy

    0.10000E+02    0.20390E+04   -0.19631E+02    1


    0.10000E+02    0.15496E+04   -0.34530E+02    1
    0.19990E+02    0.15496E+04   -0.34466E+02    1
    0.29980E+02    0.15496E+04   -0.34690E+02    1
    0.39970E+02    0.15496E+04   -0.34644E+02    1
    0.49960E+02    0.15496E+04   -0.34579E+02    1
    0.59950E+02    0.15496E+04   -0.34495E+02    1
    0.69940E+02    0.15496E+04   -0.34392E+02    1
    0.79930E+02    0.15496E+04   -0.34271E+02    1
    0.89920E+02    0.15496E+04   -0.34131E+02    1
    0.99910E+02    0.15496E+04   -0.33974E+02    1
    0.10990E+03    0.15496E+04   -0.33799E+02    1
    0.11989E+03    0.15496E+04   -0.27856E+02    1
    0.12988E+03    0.15496E+04   -0.20450E+02    1
    0.13987E+03    0.15496E+04   -0.13417E+02    1
    0.14986E+03    0.15496E+04   -0.13150E+02    1
    0.15985E+03    0.15496E+04   -0.12888E+02    1
    0.16984E+03    0.15496E+04   -0.12629E+02    1
    0.17983E+03    0.15496E+04   -0.12374E+02    1
    0.18982E+03    0.15496E+04   -0.12123E+02    1
    0.19981E+03    0.15496E+04   -0.12647E+02    1
    0.20980E+03    0.15496E+04   -0.12620E+02    1
    0.21979E+03    0.15496E+04   -0.12591E+02    1
    0.22978E+03    0.15496E+04   -0.12557E+02    1
    0.23977E+03    0.15496E+04   -0.12522E+02    1
    0.24976E+03    0.15496E+04   -0.12484E+02    1
    0.25975E+03    0.15496E+04   -0.12395E+02    1
    0.26974E+03    0.15496E+04   -0.12306E+02    1
    0.27973E+03    0.15496E+04   -0.12223E+02    1
    0.28972E+03    0.15496E+04   -0.12142E+02    1
    0.29971E+03    0.15496E+04   -0.12057E+02    1
    0.30970E+03    0.15496E+04   -0.11965E+02    1
    0.31969E+03    0.15496E+04   -0.11874E+02    1
    0.32968E+03    0.15496E+04   -0.11805E+02    1
    0.33967E+03    0.15496E+04   -0.11732E+02    1
    0.34966E+03    0.15496E+04   -0.11659E+02    1
    0.35965E+03    0.15496E+04   -0.11582E+02    1
    0.36964E+03    0.15496E+04   -0.11506E+02    1
    0.37963E+03    0.15496E+04   -0.11431E+02    1
    0.38962E+03    0.15496E+04   -0.11361E+02    1
    0.39961E+03    0.15496E+04   -0.11291E+02    1
    0.40960E+03    0.15496E+04   -0.11198E+02    1
    0.41959E+03    0.15496E+04   -0.11135E+02    1
    0.42958E+03    0.15496E+04   -0.11073E+02    1
    0.43957E+03    0.15496E+04   -0.11011E+02    1
    0.44956E+03    0.15496E+04   -0.10950E+02    1
    0.45955E+03    0.15496E+04   -0.10885E+02    1
    0.46954E+03    0.15496E+04   -0.10820E+02    1
    0.47953E+03    0.15496E+04   -0.10754E+02    1
    0.48952E+03    0.15496E+04   -0.10686E+02    1
    0.49951E+03    0.15496E+04   -0.10619E+02    1
    0.50950E+03    0.15496E+04   -0.10560E+02    1
    0.51949E+03    0.15496E+04   -0.10503E+02    1
    0.52948E+03    0.15496E+04   -0.10443E+02    1
    0.53947E+03    0.15496E+04   -0.10382E+02    1
    0.54946E+03    0.15496E+04   -0.10322E+02    1
    0.55945E+03    0.15496E+04   -0.10258E+02    1
    0.56944E+03    0.15496E+04   -0.10195E+02    1
    0.57943E+03    0.15496E+04   -0.10133E+02    1
    0.58942E+03    0.15496E+04   -0.10072E+02    1
    0.59941E+03    0.15496E+04   -0.99764E+01    1
    0.60940E+03    0.15496E+04   -0.99085E+01    1
    0.61939E+03    0.15496E+04   -0.98416E+01    1
    0.62938E+03    0.15496E+04   -0.98680E+01    1
    0.63937E+03    0.15496E+04   -0.98149E+01    1
    0.64936E+03    0.15496E+04   -0.97634E+01    1
    0.65935E+03    0.15496E+04   -0.97154E+01    1
    0.66934E+03    0.15496E+04   -0.96679E+01    1
    0.67933E+03    0.15496E+04   -0.95911E+01    1
    0.68932E+03    0.15496E+04   -0.95075E+01    1
    0.69931E+03    0.15496E+04   -0.94380E+01    1
    0.70930E+03    0.15496E+04   -0.93935E+01    1
    0.71929E+03    0.15496E+04   -0.93494E+01    1
    0.72928E+03    0.15496E+04   -0.93058E+01    1
    0.73927E+03    0.15496E+04   -0.92680E+01    1
    0.74926E+03    0.15496E+04   -0.92184E+01    1
    0.75925E+03    0.15496E+04   -0.91514E+01    1
    0.76924E+03    0.15496E+04   -0.90853E+01    1
    0.77923E+03    0.15496E+04   -0.90203E+01    1
    0.78922E+03    0.15496E+04   -0.90178E+01    1
    0.79921E+03    0.15496E+04   -0.89153E+01    1
    0.80920E+03    0.15496E+04   -0.88788E+01    1
    0.81919E+03    0.15496E+04   -0.88530E+01    1
    0.82918E+03    0.15496E+04   -0.88486E+01    1
    0.83917E+03    0.15496E+04   -0.88440E+01    1
    0.84916E+03    0.15496E+04   -0.47237E+01    1
    0.85915E+03    0.15496E+04   -0.45235E+00    1
    0.86914E+03    0.15496E+04    0.12024E+01    1
    0.87913E+03    0.15496E+04    0.11459E+01    1
    0.88912E+03    0.15496E+04    0.10914E+01    1
    0.89911E+03    0.15496E+04    0.10401E+01    1
    0.90910E+03    0.15496E+04    0.86926E+00    1
    0.91909E+03    0.15496E+04    0.83195E+00    1
    0.92908E+03    0.15496E+04    0.94649E+00    1
    0.93907E+03    0.15496E+04    0.95430E+00    1
    0.94906E+03    0.15496E+04    0.96234E+00    1
    0.95905E+03    0.15496E+04    0.97021E+00    1
    0.96904E+03    0.15496E+04    0.97697E+00    1
    0.97903E+03    0.15496E+04    0.98408E+00    1
    0.98902E+03    0.15496E+04    0.97670E+00    1
    0.99901E+03    0.15496E+04    0.97178E+00    1
    0.10090E+04    0.15496E+04    0.96724E+00    1
    0.10190E+04    0.15496E+04    0.96222E+00    1
    0.10290E+04    0.15496E+04    0.95321E+00    1
    0.10390E+04    0.15496E+04    0.94457E+00    1
    0.10490E+04    0.15496E+04    0.93630E+00    1
    0.10590E+04    0.15496E+04    0.93324E+00    1
    0.10689E+04    0.15496E+04    0.92589E+00    1
    0.10789E+04    0.15496E+04    0.91940E+00    1
    0.10889E+04    0.15496E+04    0.91307E+00    1
    0.10989E+04    0.15496E+04    0.90690E+00    1
    0.11089E+04    0.15496E+04    0.90088E+00    1
    0.11189E+04    0.15496E+04    0.89674E+00    1
    0.11289E+04    0.15496E+04    0.89370E+00    1
    0.11389E+04    0.15496E+04    0.89080E+00    1
    0.11489E+04    0.15496E+04    0.88805E+00    1
    0.11589E+04    0.15496E+04    0.88543E+00    1
    0.11688E+04    0.15496E+04    0.88239E+00    1
    0.11788E+04    0.15496E+04    0.87331E+00    1
    0.11888E+04    0.15496E+04    0.87163E+00    1
    0.11988E+04    0.15496E+04    0.87112E+00    1
    0.12088E+04    0.15496E+04    0.87096E+00    1
    0.12188E+04    0.15496E+04    0.86006E+00    1
    0.12288E+04    0.15496E+04    0.86022E+00    1
    0.12388E+04    0.15496E+04    0.86045E+00    1
    0.12488E+04    0.15496E+04    0.86076E+00    1
    0.12588E+04    0.15496E+04    0.86722E+00    1
    0.12687E+04    0.15496E+04    0.86238E+00    1
    0.12787E+04    0.15496E+04    0.85764E+00    1
    0.12887E+04    0.15496E+04    0.85519E+00    1
    0.12987E+04    0.15496E+04    0.85495E+00    1
    0.13087E+04    0.15496E+04    0.85476E+00    1
    0.13187E+04    0.15496E+04    0.85462E+00    1
    0.13287E+04    0.15496E+04    0.85453E+00    1
    0.13387E+04    0.15496E+04    0.85731E+00    1
    0.13487E+04    0.15496E+04    0.85886E+00    1
    0.13587E+04    0.15496E+04    0.86045E+00    1
    0.13686E+04    0.15496E+04    0.86226E+00    1
    0.13786E+04    0.15496E+04    0.86517E+00    1
    0.13886E+04    0.15496E+04    0.87149E+00    1
    0.13986E+04    0.15496E+04    0.87781E+00    1
    0.14086E+04    0.15496E+04    0.88412E+00    1
    0.14186E+04    0.15496E+04    0.89043E+00    1
    0.14286E+04    0.15496E+04    0.89674E+00    1
    0.14386E+04    0.15496E+04    0.90305E+00    1
    0.14486E+04    0.15496E+04    0.90936E+00    1
    0.14585E+04    0.15496E+04    0.91567E+00    1
    0.14685E+04    0.15496E+04    0.94091E+00    1
    0.14785E+04    0.15496E+04    0.94883E+00    1
    0.14885E+04    0.15496E+04    0.95671E+00    1
    0.14985E+04    0.15496E+04    0.96458E+00    1
    0.15085E+04    0.15496E+04    0.97244E+00    1
    0.15185E+04    0.15496E+04    0.97895E+00    1
    0.15285E+04    0.15496E+04    0.99821E+00    1
    0.15385E+04    0.15496E+04    0.10137E+01    1
    0.15485E+04    0.15496E+04    0.10274E+01    1
    0.15585E+04    0.15496E+04    0.10465E+01    1
    0.15684E+04    0.15496E+04    0.10627E+01    1
    0.15784E+04    0.15496E+04    0.10797E+01    1
    0.15884E+04    0.15496E+04    0.10977E+01    1
    0.15984E+04    0.15496E+04    0.11155E+01    1
    0.16084E+04    0.15496E+04    0.11334E+01    1
    0.16184E+04    0.15496E+04    0.11512E+01    1
    0.16284E+04    0.15496E+04    0.11689E+01    1
    0.16384E+04    0.15496E+04    0.11866E+01    1
    0.16484E+04    0.15496E+04    0.12348E+01    1
    0.16584E+04    0.15496E+04    0.12221E+01    1
    0.16683E+04    0.15496E+04    0.12537E+01    1
    0.16783E+04    0.15496E+04    0.12851E+01    1
    0.16883E+04    0.15496E+04    0.13165E+01    1
    0.16983E+04    0.15496E+04    0.13478E+01    1
    0.17083E+04    0.15496E+04    0.14094E+01    1
    0.17183E+04    0.15496E+04    0.14432E+01    1
    0.17283E+04    0.15496E+04    0.14666E+01    1
    0.17383E+04    0.15496E+04    0.15090E+01    1
    0.17483E+04    0.15496E+04    0.15513E+01    1
    0.17582E+04    0.15496E+04    0.15935E+01    1
    0.17682E+04    0.15496E+04    0.16345E+01    1
    0.17782E+04    0.15496E+04    0.16981E+01    1
    0.17882E+04    0.15496E+04    0.17615E+01    1
    0.17982E+04    0.15496E+04    0.18245E+01    1
    0.18082E+04    0.15496E+04    0.19072E+01    1
    0.18182E+04    0.15496E+04    0.19935E+01    1
    0.18282E+04    0.15496E+04    0.21946E+01    1
    0.18382E+04    0.15496E+04    0.22819E+01    1
    0.18482E+04    0.15496E+04    0.23691E+01    1
    0.18582E+04    0.15496E+04    0.24559E+01    1
    0.18681E+04    0.15496E+04    0.25425E+01    1
    0.18781E+04    0.15496E+04    0.26543E+01    1
    0.18881E+04    0.15496E+04    0.28506E+01    1
    0.18981E+04    0.15496E+04    0.30454E+01    1
    0.19081E+04    0.15496E+04    0.32383E+01    1
    0.19181E+04    0.15496E+04    0.34292E+01    1
    0.19281E+04    0.15496E+04    0.36175E+01    1
    0.19381E+04    0.15496E+04    0.38014E+01    1
    0.19481E+04    0.15496E+04    0.39821E+01    1
    0.19580E+04    0.15496E+04    0.41595E+01    1
    0.19680E+04    0.15496E+04    0.43333E+01    1
    0.19780E+04    0.15496E+04    0.45034E+01    1
    0.19880E+04    0.15496E+04    0.46695E+01    1
    0.19980E+04    0.15496E+04    0.11401E+02    1
    0.20080E+04    0.15496E+04   -0.10375E+00    1
    0.20180E+04    0.15496E+04   -0.10576E+00    1
    0.20280E+04    0.15496E+04   -0.10778E+00    1
    0.20380E+04    0.15496E+04   -0.10980E+00    1
    0.20480E+04    0.15496E+04   -0.11182E+00    1
    0.20579E+04    0.15496E+04   -0.11384E+00    1
    0.20679E+04    0.15496E+04   -0.11585E+00    1
    0.20779E+04    0.15496E+04   -0.11787E+00    1
    0.20879E+04    0.15496E+04   -0.11989E+00    1
    0.20979E+04    0.15496E+04   -0.12191E+00    1
    0.21079E+04    0.15496E+04   -0.12393E+00    1
    0.21179E+04    0.15496E+04   -0.12594E+00    1
    0.21279E+04    0.15496E+04   -0.12789E+00    1
    0.21379E+04    0.15496E+04   -0.12931E+00    1
    0.21479E+04    0.15496E+04   -0.13073E+00    1
    0.21578E+04    0.15496E+04   -0.13215E+00    1
    0.21678E+04    0.15496E+04   -0.13357E+00    1
    0.21778E+04    0.15496E+04   -0.13499E+00    1
    0.21878E+04    0.15496E+04   -0.13642E+00    1
    0.21978E+04    0.15496E+04   -0.13784E+00    1
    0.22078E+04    0.15496E+04   -0.13926E+00    1
    0.22178E+04    0.15496E+04   -0.14068E+00    1
    0.22278E+04    0.15496E+04   -0.14210E+00    1
    0.22378E+04    0.15496E+04   -0.14352E+00    1
    0.22478E+04    0.15496E+04   -0.14444E+00    1
    0.22578E+04    0.15496E+04   -0.14474E+00    1
    0.22677E+04    0.15496E+04   -0.14532E+00    1
    0.22777E+04    0.15496E+04   -0.14590E+00    1
    0.22877E+04    0.15496E+04   -0.14648E+00    1
    0.22977E+04    0.15496E+04   -0.14706E+00    1
    0.23077E+04    0.15496E+04   -0.14764E+00    1
    0.23177E+04    0.15496E+04   -0.14823E+00    1
    0.23277E+04    0.15496E+04   -0.14881E+00    1
    0.23377E+04    0.15496E+04   -0.14939E+00    1
    0.23477E+04    0.15496E+04   -0.14997E+00    1
    0.23577E+04    0.15496E+04   -0.15055E+00    1
    0.23676E+04    0.15496E+04   -0.15113E+00    1
    0.23776E+04    0.15496E+04   -0.15164E+00    1
    0.23876E+04    0.15496E+04   -0.15207E+00    1
    0.23976E+04    0.15496E+04   -0.15249E+00    1
    0.24076E+04    0.15496E+04   -0.15292E+00    1
    0.24176E+04    0.15496E+04   -0.15334E+00    1
    0.24276E+04    0.15496E+04   -0.15377E+00    1
    0.24376E+04    0.15496E+04   -0.15419E+00    1
    0.24476E+04    0.15496E+04   -0.15462E+00    1
    0.24576E+04    0.15496E+04   -0.15504E+00    1
    0.24675E+04    0.15496E+04   -0.15547E+00    1
    0.24775E+04    0.15496E+04   -0.15589E+00    1
    0.24875E+04    0.15496E+04   -0.15632E+00    1
    0.24975E+04    0.15496E+04   -0.15604E+00    1
    0.25075E+04    0.15496E+04   -0.15652E+00    1
    0.25175E+04    0.15496E+04   -0.15645E+00    1
    0.25275E+04    0.15496E+04   -0.15639E+00    1
    0.25375E+04    0.15496E+04   -0.15633E+00    1
    0.25475E+04    0.15496E+04   -0.15626E+00    1
    0.25575E+04    0.15496E+04   -0.15620E+00    1
    0.25674E+04    0.15496E+04   -0.15613E+00    1
    0.25774E+04    0.15496E+04   -0.15607E+00    1
    0.25874E+04    0.15496E+04   -0.15600E+00    1
    0.25974E+04    0.15496E+04   -0.15594E+00    1
    0.26074E+04    0.15496E+04   -0.15588E+00    1
    0.26174E+04    0.15496E+04   -0.15581E+00    1
    0.26274E+04    0.15496E+04   -0.15565E+00    1
    0.26374E+04    0.15496E+04   -0.15536E+00    1
    0.26474E+04    0.15496E+04   -0.15506E+00    1
    0.26573E+04    0.15496E+04   -0.15477E+00    1
    0.26673E+04    0.15496E+04   -0.15448E+00    1
    0.26773E+04    0.15496E+04   -0.15419E+00    1
    0.26873E+04    0.15496E+04   -0.15389E+00    1
    0.26973E+04    0.15496E+04   -0.15360E+00    1
    0.27073E+04    0.15496E+04   -0.15331E+00    1
    0.27173E+04    0.15496E+04   -0.15301E+00    1
    0.27273E+04    0.15496E+04   -0.15272E+00    1
    0.27373E+04    0.15496E+04   -0.15243E+00    1
    0.27473E+04    0.15496E+04   -0.15138E+00    1
    0.27572E+04    0.15496E+04   -0.15101E+00    1
    0.27672E+04    0.15496E+04   -0.15048E+00    1
    0.27772E+04    0.15496E+04   -0.14994E+00    1
    0.27872E+04    0.15496E+04   -0.14941E+00    1
    0.27972E+04    0.15496E+04   -0.14888E+00    1
    0.28072E+04    0.15496E+04   -0.14835E+00    1
    0.28172E+04    0.15496E+04   -0.14781E+00    1
    0.28272E+04    0.15496E+04   -0.14728E+00    1
    0.28372E+04    0.15496E+04   -0.14675E+00    1
    0.28472E+04    0.15496E+04   -0.14622E+00    1
    0.28572E+04    0.15496E+04   -0.14568E+00    1
    0.28671E+04    0.15496E+04   -0.14515E+00    1
    0.28771E+04    0.15496E+04   -0.14462E+00    1
    0.28871E+04    0.15496E+04   -0.14410E+00    1
    0.28971E+04    0.15496E+04   -0.14358E+00    1
    0.29071E+04    0.15496E+04   -0.14306E+00    1
    0.29171E+04    0.15496E+04   -0.14255E+00    1
    0.29271E+04    0.15496E+04   -0.14203E+00    1
    0.29371E+04    0.15496E+04   -0.14151E+00    1
    0.29471E+04    0.15496E+04   -0.14099E+00    1
    0.29571E+04    0.15496E+04   -0.14047E+00    1
    0.29670E+04    0.15496E+04   -0.13995E+00    1
    0.29770E+04    0.15496E+04   -0.13943E+00    1
    0.29870E+04    0.15496E+04   -0.13891E+00    1
    0.29970E+04    0.15496E+04   -0.13874E+00    1
    0.30070E+04    0.15496E+04   -0.13769E+00    1
    0.30170E+04    0.15496E+04   -0.13746E+00    1
    0.30270E+04    0.15496E+04   -0.13723E+00    1
    0.30370E+04    0.15496E+04   -0.13700E+00    1
    0.30470E+04    0.15496E+04   -0.13676E+00    1
    0.30570E+04    0.15496E+04   -0.13653E+00    1
    0.30669E+04    0.15496E+04   -0.13630E+00    1
    0.30769E+04    0.15496E+04   -0.13606E+00    1
    0.30869E+04    0.15496E+04   -0.13583E+00    1
    0.30969E+04    0.15496E+04   -0.13560E+00    1
    0.31069E+04    0.15496E+04   -0.13537E+00    1
    0.31169E+04    0.15496E+04   -0.13513E+00    1
    0.31269E+04    0.15496E+04   -0.13495E+00    1
    0.31369E+04    0.15496E+04   -0.13484E+00    1
    0.31469E+04    0.15496E+04   -0.13474E+00    1
    0.31568E+04    0.15496E+04   -0.13464E+00    1
    0.31668E+04    0.15496E+04   -0.13453E+00    1
    0.31768E+04    0.15496E+04   -0.13443E+00    1
    0.31868E+04    0.15496E+04   -0.13432E+00    1
    0.31968E+04    0.15496E+04   -0.13422E+00    1
    0.32068E+04    0.15496E+04   -0.13412E+00    1
    0.32168E+04    0.15496E+04   -0.13401E+00    1
    0.32268E+04    0.15496E+04   -0.13391E+00    1
    0.32368E+04    0.15496E+04   -0.13381E+00    1
    0.32468E+04    0.15496E+04   -0.13440E+00    1
    0.32568E+04    0.15496E+04   -0.13422E+00    1
    0.32667E+04    0.15496E+04   -0.13437E+00    1
    0.32767E+04    0.15496E+04   -0.13452E+00    1
    0.32867E+04    0.15496E+04   -0.13467E+00    1
    0.32967E+04    0.15496E+04   -0.13482E+00    1
    0.33067E+04    0.15496E+04   -0.13497E+00    1
    0.33167E+04    0.15496E+04   -0.13512E+00    1
    0.33267E+04    0.15496E+04   -0.13527E+00    1
    0.33367E+04    0.15496E+04   -0.13543E+00    1
    0.33467E+04    0.15496E+04   -0.13558E+00    1
    0.33567E+04    0.15496E+04   -0.13573E+00    1
    0.33666E+04    0.15496E+04   -0.13588E+00    1
    0.33766E+04    0.15496E+04   -0.13603E+00    1
    0.33866E+04    0.15496E+04   -0.13620E+00    1
    0.33966E+04    0.15496E+04   -0.13636E+00    1
    0.34066E+04    0.15496E+04   -0.13652E+00    1
    0.34166E+04    0.15496E+04   -0.13669E+00    1
    0.34266E+04    0.15496E+04   -0.13685E+00    1
    0.34366E+04    0.15496E+04   -0.13702E+00    1
    0.34466E+04    0.15496E+04   -0.13718E+00    1
    0.34566E+04    0.15496E+04   -0.13734E+00    1
    0.34665E+04    0.15496E+04   -0.13751E+00    1
    0.34765E+04    0.15496E+04   -0.13767E+00    1
    0.34865E+04    0.15496E+04   -0.13783E+00    1
    0.34965E+04    0.15496E+04   -0.13800E+00    1
    0.35065E+04    0.15496E+04   -0.13827E+00    1
    0.35165E+04    0.15496E+04   -0.13835E+00    1
    0.35265E+04    0.15496E+04   -0.13843E+00    1
    0.35365E+04    0.15496E+04   -0.13851E+00    1
    0.35465E+04    0.15496E+04   -0.13859E+00    1
    0.35565E+04    0.15496E+04   -0.13867E+00    1
    0.35664E+04    0.15496E+04   -0.13875E+00    1
    0.35764E+04    0.15496E+04   -0.13883E+00    1
    0.35864E+04    0.15496E+04   -0.13891E+00    1
    0.35964E+04    0.15496E+04   -0.13900E+00    1
    0.36064E+04    0.15496E+04   -0.13908E+00    1
    0.36164E+04    0.15496E+04   -0.13916E+00    1
    0.36264E+04    0.15496E+04   -0.13923E+00    1
    0.36364E+04    0.15496E+04   -0.13928E+00    1
    0.36464E+04    0.15496E+04   -0.13932E+00    1
    0.36563E+04    0.15496E+04   -0.13937E+00    1
    0.36663E+04    0.15496E+04   -0.13942E+00    1
    0.36763E+04    0.15496E+04   -0.13947E+00    1
    0.36863E+04    0.15496E+04   -0.13952E+00    1
    0.36963E+04    0.15496E+04   -0.13956E+00    1
    0.37063E+04    0.15496E+04   -0.13961E+00    1
    0.37163E+04    0.15496E+04   -0.13966E+00    1
    0.37263E+04    0.15496E+04   -0.13971E+00    1
    0.37363E+04    0.15496E+04   -0.13976E+00    1
    0.37463E+04    0.15496E+04   -0.13980E+00    1
    0.37562E+04    0.15496E+04   -0.13972E+00    1
    0.37662E+04    0.15496E+04   -0.13969E+00    1
    0.37762E+04    0.15496E+04   -0.13966E+00    1
    0.37862E+04    0.15496E+04   -0.13963E+00    1
    0.37962E+04    0.15496E+04   -0.13960E+00    1
    0.38062E+04    0.15496E+04   -0.13957E+00    1
    0.38162E+04    0.15496E+04   -0.13954E+00    1
    0.38262E+04    0.15496E+04   -0.13951E+00    1
    0.38362E+04    0.15496E+04   -0.13948E+00    1
    0.38462E+04    0.15496E+04   -0.13945E+00    1
    0.38562E+04    0.15496E+04   -0.13942E+00    1
    0.38661E+04    0.15496E+04   -0.13939E+00    1
    0.38761E+04    0.15496E+04   -0.13936E+00    1
    0.38861E+04    0.15496E+04   -0.13932E+00    1
    0.38961E+04    0.15496E+04   -0.13928E+00    1
    0.39061E+04    0.15496E+04   -0.13925E+00    1
    0.39161E+04    0.15496E+04   -0.13921E+00    1
    0.39261E+04    0.15496E+04   -0.13917E+00    1
    0.39361E+04    0.15496E+04   -0.13913E+00    1
    0.39461E+04    0.15496E+04   -0.13909E+00    1
    0.39561E+04    0.15496E+04   -0.13905E+00    1
    0.39660E+04    0.15496E+04   -0.13901E+00    1
    0.39760E+04    0.15496E+04   -0.13897E+00    1
    0.39860E+04    0.15496E+04   -0.13893E+00    1
    0.39960E+04    0.15496E+04   -0.13890E+00    1
    0.40060E+04    0.15496E+04   -0.13888E+00    1
    0.40160E+04    0.15496E+04   -0.13883E+00    1
    0.40260E+04    0.15496E+04   -0.13877E+00    1
    0.40360E+04    0.15496E+04   -0.13872E+00    1
    0.40460E+04    0.15496E+04   -0.13866E+00    1
    0.40560E+04    0.15496E+04   -0.13861E+00    1
    0.40659E+04    0.15496E+04   -0.13856E+00    1
    0.40759E+04    0.15496E+04   -0.13850E+00    1
    0.40859E+04    0.15496E+04   -0.13845E+00    1
    0.40959E+04    0.15496E+04   -0.13840E+00    1
    0.41059E+04    0.15496E+04   -0.13834E+00    1
    0.41159E+04    0.15496E+04   -0.13829E+00    1
    0.41259E+04    0.15496E+04   -0.13824E+00    1
    0.41359E+04    0.15496E+04   -0.13818E+00    1
    0.41459E+04    0.15496E+04   -0.13813E+00    1
    0.41559E+04    0.15496E+04   -0.13808E+00    1
    0.41658E+04    0.15496E+04   -0.13802E+00    1
    0.41758E+04    0.15496E+04   -0.13797E+00    1
    0.41858E+04    0.15496E+04   -0.13792E+00    1
    0.41958E+04    0.15496E+04   -0.13786E+00    1
    0.42058E+04    0.15496E+04   -0.13781E+00    1
    0.42158E+04    0.15496E+04   -0.13775E+00    1
    0.42258E+04    0.15496E+04   -0.13770E+00    1
    0.42358E+04    0.15496E+04   -0.13765E+00    1
    0.42458E+04    0.15496E+04   -0.13759E+00    1
    0.42558E+04    0.15496E+04   -0.13754E+00    1
    0.42657E+04    0.15496E+04   -0.13749E+00    1
    0.42757E+04    0.15496E+04   -0.13744E+00    1
    0.42857E+04    0.15496E+04   -0.13739E+00    1
    0.42957E+04    0.15496E+04   -0.13734E+00    1
    0.43057E+04    0.15496E+04   -0.13729E+00    1
    0.43157E+04    0.15496E+04   -0.13724E+00    1
    0.43257E+04    0.15496E+04   -0.13719E+00    1
    0.43357E+04    0.15496E+04   -0.13714E+00    1
    0.43457E+04    0.15496E+04   -0.13709E+00    1
    0.43557E+04    0.15496E+04   -0.13704E+00    1
    0.43656E+04    0.15496E+04   -0.13699E+00    1
    0.43756E+04    0.15496E+04   -0.13694E+00    1
    0.43856E+04    0.15496E+04   -0.13689E+00    1
    0.43956E+04    0.15496E+04   -0.13684E+00    1
    0.44056E+04    0.15496E+04   -0.13679E+00    1
    0.44156E+04    0.15496E+04   -0.13674E+00    1
    0.44256E+04    0.15496E+04   -0.13669E+00    1
    0.44356E+04    0.15496E+04   -0.13664E+00    1
    0.44456E+04    0.15496E+04   -0.13659E+00    1
    0.44556E+04    0.15496E+04   -0.13654E+00    1
    0.44655E+04    0.15496E+04   -0.13649E+00    1
    0.44755E+04    0.15496E+04   -0.13644E+00    1
    0.44855E+04    0.15496E+04   -0.13639E+00    1
    0.44955E+04    0.15496E+04   -0.13634E+00    1
    0.45055E+04    0.15496E+04   -0.13622E+00    1
    0.45155E+04    0.15496E+04   -0.13620E+00    1
    0.45255E+04    0.15496E+04   -0.13618E+00    1
    0.45355E+04    0.15496E+04   -0.13617E+00    1
    0.45455E+04    0.15496E+04   -0.13615E+00    1
    0.45554E+04    0.15496E+04   -0.13613E+00    1
    0.45654E+04    0.15496E+04   -0.13611E+00    1
    0.45754E+04    0.15496E+04   -0.13609E+00    1
    0.45854E+04    0.15496E+04   -0.13608E+00    1
    0.45954E+04    0.15496E+04   -0.13606E+00    1
    0.46054E+04    0.15496E+04   -0.13604E+00    1
    0.46154E+04    0.15496E+04   -0.13602E+00    1
    0.46254E+04    0.15496E+04   -0.13600E+00    1
    0.46354E+04    0.15496E+04   -0.13598E+00    1
    0.46454E+04    0.15496E+04   -0.13597E+00    1
    0.46554E+04    0.15496E+04   -0.13595E+00    1
    0.46653E+04    0.15496E+04   -0.13593E+00    1
    0.46753E+04    0.15496E+04   -0.13591E+00    1
    0.46853E+04    0.15496E+04   -0.13589E+00    1
    0.46953E+04    0.15496E+04   -0.13588E+00    1
    0.47053E+04    0.15496E+04   -0.13586E+00    1
    0.47153E+04    0.15496E+04   -0.13584E+00    1
    0.47253E+04    0.15496E+04   -0.13582E+00    1
    0.47353E+04    0.15496E+04   -0.13580E+00    1
    0.47453E+04    0.15496E+04   -0.13579E+00    1
    0.47552E+04    0.15496E+04   -0.13578E+00    1
    0.47652E+04    0.15496E+04   -0.13578E+00    1
    0.47752E+04    0.15496E+04   -0.13577E+00    1
    0.47852E+04    0.15496E+04   -0.13577E+00    1
    0.47952E+04    0.15496E+04   -0.13577E+00    1
    0.48052E+04    0.15496E+04   -0.13577E+00    1
    0.48152E+04    0.15496E+04   -0.13577E+00    1
    0.48252E+04    0.15496E+04   -0.13576E+00    1
    0.48352E+04    0.15496E+04   -0.13576E+00    1
    0.48452E+04    0.15496E+04   -0.13576E+00    1
    0.48552E+04    0.15496E+04   -0.13576E+00    1
    0.48651E+04    0.15496E+04   -0.13576E+00    1
    0.48751E+04    0.15496E+04   -0.13575E+00    1
    0.48851E+04    0.15496E+04   -0.13575E+00    1
    0.48951E+04    0.15496E+04   -0.13575E+00    1
    0.49051E+04    0.15496E+04   -0.13575E+00    1
    0.49151E+04    0.15496E+04   -0.13575E+00    1
    0.49251E+04    0.15496E+04   -0.13574E+00    1
    0.49351E+04    0.15496E+04   -0.13574E+00    1
    0.49451E+04    0.15496E+04   -0.13574E+00    1
    0.49551E+04    0.15496E+04   -0.13574E+00    1
    0.49650E+04    0.15496E+04   -0.13574E+00    1
    0.49750E+04    0.15496E+04   -0.13573E+00    1
    0.49850E+04    0.15496E+04   -0.13573E+00    1
    0.49950E+04    0.15496E+04   -0.13573E+00    1
    0.50050E+04    0.15496E+04   -0.13577E+00    1
    0.50150E+04    0.15496E+04   -0.13578E+00    1
    0.50250E+04    0.15496E+04   -0.13579E+00    1
    0.50350E+04    0.15496E+04   -0.13580E+00    1
    0.50450E+04    0.15496E+04   -0.13581E+00    1
    0.50549E+04    0.15496E+04   -0.13582E+00    1
    0.50649E+04    0.15496E+04   -0.13583E+00    1
    0.50749E+04    0.15496E+04   -0.13584E+00    1
    0.50849E+04    0.15496E+04   -0.13585E+00    1
    0.50949E+04    0.15496E+04   -0.13586E+00    1
    0.51049E+04    0.15496E+04   -0.13587E+00    1
    0.51149E+04    0.15496E+04   -0.13588E+00    1
    0.51249E+04    0.15496E+04   -0.13589E+00    1
    0.51349E+04    0.15496E+04   -0.13591E+00    1
    0.51449E+04    0.15496E+04   -0.13592E+00    1
    0.51549E+04    0.15496E+04   -0.13593E+00    1
    0.51648E+04    0.15496E+04   -0.13594E+00    1
    0.51748E+04    0.15496E+04   -0.13595E+00    1
    0.51848E+04    0.15496E+04   -0.13596E+00    1
    0.51948E+04    0.15496E+04   -0.13597E+00    1
    0.52048E+04    0.15496E+04   -0.13598E+00    1
    0.52148E+04    0.15496E+04   -0.13599E+00    1
    0.52248E+04    0.15496E+04   -0.13600E+00    1
    0.52348E+04    0.15496E+04   -0.13601E+00    1
    0.52448E+04    0.15496E+04   -0.13602E+00    1
    0.52548E+04    0.15496E+04   -0.13602E+00    1
    0.52647E+04    0.15496E+04   -0.13602E+00    1
    0.52747E+04    0.15496E+04   -0.13602E+00    1
    0.52847E+04    0.15496E+04   -0.13603E+00    1
    0.52947E+04    0.15496E+04   -0.13603E+00    1
    0.53047E+04    0.15496E+04   -0.13603E+00    1
    0.53147E+04    0.15496E+04   -0.13603E+00    1
    0.53247E+04    0.15496E+04   -0.13603E+00    1
    0.53347E+04    0.15496E+04   -0.13603E+00    1
    0.53447E+04    0.15496E+04   -0.13603E+00    1
    0.53547E+04    0.15496E+04   -0.13603E+00    1
    0.53646E+04    0.15496E+04   -0.13603E+00    1
    0.53746E+04    0.15496E+04   -0.13603E+00    1
    0.53846E+04    0.15496E+04   -0.13603E+00    1
    0.53946E+04    0.15496E+04   -0.13603E+00    1
    0.54046E+04    0.15496E+04   -0.13603E+00    1
    0.54146E+04    0.15496E+04   -0.13603E+00    1
    0.54246E+04    0.15496E+04   -0.13603E+00    1
    0.54346E+04    0.15496E+04   -0.13603E+00    1
    0.54446E+04    0.15496E+04   -0.13603E+00    1
    0.54546E+04    0.15496E+04   -0.13603E+00    1
    0.54645E+04    0.15496E+04   -0.13603E+00    1
    0.54745E+04    0.15496E+04   -0.13603E+00    1
    0.54845E+04    0.15496E+04   -0.13603E+00    1
    0.54945E+04    0.15496E+04   -0.13603E+00    1
    0.55045E+04    0.15496E+04   -0.13603E+00    1
    0.55145E+04    0.15496E+04   -0.13604E+00    1
    0.55245E+04    0.15496E+04   -0.13605E+00    1
    0.55345E+04    0.15496E+04   -0.13605E+00    1
    0.55445E+04    0.15496E+04   -0.13606E+00    1
    0.55544E+04    0.15496E+04   -0.13606E+00    1
    0.55644E+04    0.15496E+04   -0.13607E+00    1
    0.55744E+04    0.15496E+04   -0.13608E+00    1
    0.55844E+04    0.15496E+04   -0.13608E+00    1
    0.55944E+04    0.15496E+04   -0.13609E+00    1
    0.56044E+04    0.15496E+04   -0.13609E+00    1
    0.56144E+04    0.15496E+04   -0.13610E+00    1
    0.56244E+04    0.15496E+04   -0.13610E+00    1
    0.56344E+04    0.15496E+04   -0.13611E+00    1
    0.56444E+04    0.15496E+04   -0.13612E+00    1
    0.56544E+04    0.15496E+04   -0.13612E+00    1
    0.56643E+04    0.15496E+04   -0.13613E+00    1
    0.56743E+04    0.15496E+04   -0.13613E+00    1
    0.56843E+04    0.15496E+04   -0.13614E+00    1
    0.56943E+04    0.15496E+04   -0.13614E+00    1
    0.57043E+04    0.15496E+04   -0.13615E+00    1
    0.57143E+04    0.15496E+04   -0.13616E+00    1
    0.57243E+04    0.15496E+04   -0.13616E+00    1
    0.57343E+04    0.15496E+04   -0.13617E+00    1
    0.57443E+04    0.15496E+04   -0.13617E+00    1
    0.57542E+04    0.15496E+04   -0.13618E+00    1
    0.57642E+04    0.15496E+04   -0.13619E+00    1
    0.57742E+04    0.15496E+04   -0.13620E+00    1
    0.57842E+04    0.15496E+04   -0.13621E+00    1
    0.57942E+04    0.15496E+04   -0.13622E+00    1
    0.58042E+04    0.15496E+04   -0.13623E+00    1
    0.58142E+04    0.15496E+04   -0.13624E+00    1
    0.58242E+04    0.15496E+04   -0.13625E+00    1
    0.58342E+04    0.15496E+04   -0.13626E+00    1
    0.58442E+04    0.15496E+04   -0.13626E+00    1
    0.58542E+04    0.15496E+04   -0.13627E+00    1
    0.58641E+04    0.15496E+04   -0.13628E+00    1
    0.58741E+04    0.15496E+04   -0.13629E+00    1
    0.58841E+04    0.15496E+04   -0.13630E+00    1
    0.58941E+04    0.15496E+04   -0.13631E+00    1
    0.59041E+04    0.15496E+04   -0.13632E+00    1
    0.59141E+04    0.15496E+04   -0.13633E+00    1
    0.59241E+04    0.15496E+04   -0.13634E+00    1
    0.59341E+04    0.15496E+04   -0.13635E+00    1
    0.59441E+04    0.15496E+04   -0.13636E+00    1
    0.59541E+04    0.15496E+04   -0.13637E+00    1
    0.59640E+04    0.15496E+04   -0.13638E+00    1
    0.59740E+04    0.15496E+04   -0.13639E+00    1
    0.59840E+04    0.15496E+04   -0.13639E+00    1
    0.59940E+04    0.15496E+04   -0.13640E+00    1
    0.60040E+04    0.15496E+04   -0.13647E+00    1
    0.60140E+04    0.15496E+04   -0.13629E+00    1
    0.60240E+04    0.15496E+04   -0.13626E+00    1
    0.60340E+04    0.15496E+04   -0.13623E+00    1
    0.60440E+04    0.15496E+04   -0.13620E+00    1
    0.60539E+04    0.15496E+04   -0.13618E+00    1
    0.60639E+04    0.15496E+04   -0.13615E+00    1
    0.60739E+04    0.15496E+04   -0.13612E+00    1
    0.60839E+04    0.15496E+04   -0.13610E+00    1
    0.60939E+04    0.15496E+04   -0.13607E+00    1
    0.61039E+04    0.15496E+04   -0.13604E+00    1
    0.61139E+04    0.15496E+04   -0.13602E+00    1
    0.61239E+04    0.15496E+04   -0.13599E+00    1
    0.61339E+04    0.15496E+04   -0.13596E+00    1
    0.61439E+04    0.15496E+04   -0.13593E+00    1
    0.61539E+04    0.15496E+04   -0.13591E+00    1
    0.61638E+04    0.15496E+04   -0.13588E+00    1
    0.61738E+04    0.15496E+04   -0.13585E+00    1
    0.61838E+04    0.15496E+04   -0.13583E+00    1
    0.61938E+04    0.15496E+04   -0.13580E+00    1
    0.62038E+04    0.15496E+04   -0.13577E+00    1
    0.62138E+04    0.15496E+04   -0.13575E+00    1
    0.62238E+04    0.15496E+04   -0.13572E+00    1
    0.62338E+04    0.15496E+04   -0.13569E+00    1
    0.62438E+04    0.15496E+04   -0.13566E+00    1
    0.62538E+04    0.15496E+04   -0.13564E+00    1
    0.62637E+04    0.15496E+04   -0.13562E+00    1
    0.62737E+04    0.15496E+04   -0.13561E+00    1
    0.62837E+04    0.15496E+04   -0.13559E+00    1
    0.62937E+04    0.15496E+04   -0.13558E+00    1
    0.63037E+04    0.15496E+04   -0.13556E+00    1
    0.63137E+04    0.15496E+04   -0.13555E+00    1
    0.63237E+04    0.15496E+04   -0.13553E+00    1
    0.63337E+04    0.15496E+04   -0.13552E+00    1
    0.63437E+04    0.15496E+04   -0.13550E+00    1
    0.63537E+04    0.15496E+04   -0.13549E+00    1
    0.63636E+04    0.15496E+04   -0.13547E+00    1
    0.63736E+04    0.15496E+04   -0.13546E+00    1
    0.63836E+04    0.15496E+04   -0.13544E+00    1
    0.63936E+04    0.15496E+04   -0.13543E+00    1
    0.64036E+04    0.15496E+04   -0.13541E+00    1
    0.64136E+04    0.15496E+04   -0.13540E+00    1
    0.64236E+04    0.15496E+04   -0.13538E+00    1
    0.64336E+04    0.15496E+04   -0.13537E+00    1
    0.64436E+04    0.15496E+04   -0.13535E+00    1
    0.64536E+04    0.15496E+04   -0.13534E+00    1
    0.64635E+04    0.15496E+04   -0.13532E+00    1
    0.64735E+04    0.15496E+04   -0.13531E+00    1
    0.64835E+04    0.15496E+04   -0.13529E+00    1
    0.64935E+04    0.15496E+04   -0.13528E+00    1
    0.65035E+04    0.15496E+04   -0.13527E+00    1
    0.65135E+04    0.15496E+04   -0.13528E+00    1
    0.65235E+04    0.15496E+04   -0.13529E+00    1
    0.65335E+04    0.15496E+04   -0.13531E+00    1
    0.65435E+04    0.15496E+04   -0.13532E+00    1
    0.65534E+04    0.15496E+04   -0.13534E+00    1
    0.65634E+04    0.15496E+04   -0.13535E+00    1
    0.65734E+04    0.15496E+04   -0.13537E+00    1
    0.65834E+04    0.15496E+04   -0.13538E+00    1
    0.65934E+04    0.15496E+04   -0.13540E+00    1
    0.66034E+04    0.15496E+04   -0.13541E+00    1
    0.66134E+04    0.15496E+04   -0.13542E+00    1
    0.66234E+04    0.15496E+04   -0.13544E+00    1
    0.66334E+04    0.15496E+04   -0.13545E+00    1
    0.66434E+04    0.15496E+04   -0.13547E+00    1
    0.66534E+04    0.15496E+04   -0.13548E+00    1
    0.66633E+04    0.15496E+04   -0.13550E+00    1
    0.66733E+04    0.15496E+04   -0.13551E+00    1
    0.66833E+04    0.15496E+04   -0.13553E+00    1
    0.66933E+04    0.15496E+04   -0.13554E+00    1
    0.67033E+04    0.15496E+04   -0.13556E+00    1
    0.67133E+04    0.15496E+04   -0.13557E+00    1
    0.67233E+04    0.15496E+04   -0.13558E+00    1
    0.67333E+04    0.15496E+04   -0.13560E+00    1
    0.67433E+04    0.15496E+04   -0.13561E+00    1
    0.67532E+04    0.15496E+04   -0.13563E+00    1
    0.67632E+04    0.15496E+04   -0.13566E+00    1
    0.67732E+04    0.15496E+04   -0.13568E+00    1
    0.67832E+04    0.15496E+04   -0.13570E+00    1
    0.67932E+04    0.15496E+04   -0.13573E+00    1
    0.68032E+04    0.15496E+04   -0.13575E+00    1
    0.68132E+04    0.15496E+04   -0.13578E+00    1
    0.68232E+04    0.15496E+04   -0.13580E+00    1
    0.68332E+04    0.15496E+04   -0.13583E+00    1
    0.68432E+04    0.15496E+04   -0.13585E+00    1
    0.68532E+04    0.15496E+04   -0.13588E+00    1
    0.68631E+04    0.15496E+04   -0.13590E+00    1
    0.68731E+04    0.15496E+04   -0.13593E+00    1
    0.68831E+04    0.15496E+04   -0.13595E+00    1
    0.68931E+04    0.15496E+04   -0.13597E+00    1
    0.69031E+04    0.15496E+04   -0.13600E+00    1
    0.69131E+04    0.15496E+04   -0.13602E+00    1
    0.69231E+04    0.15496E+04   -0.13605E+00    1
    0.69331E+04    0.15496E+04   -0.13607E+00    1
    0.69431E+04    0.15496E+04   -0.13610E+00    1
    0.69531E+04    0.15496E+04   -0.13612E+00    1
    0.69630E+04    0.15496E+04   -0.13615E+00    1
    0.69730E+04    0.15496E+04   -0.13617E+00    1
    0.69830E+04    0.15496E+04   -0.13619E+00    1
    0.69930E+04    0.15496E+04   -0.13622E+00    1
    0.70030E+04    0.15496E+04   -0.13621E+00    1
    0.70130E+04    0.15496E+04   -0.13620E+00    1
    0.70230E+04    0.15496E+04   -0.13619E+00    1
    0.70330E+04    0.15496E+04   -0.13618E+00    1
    0.70430E+04    0.15496E+04   -0.13617E+00    1
    0.70529E+04    0.15496E+04   -0.13616E+00    1
    0.70629E+04    0.15496E+04   -0.13615E+00    1
    0.70729E+04    0.15496E+04   -0.13614E+00    1
    0.70829E+04    0.15496E+04   -0.13613E+00    1
    0.70929E+04    0.15496E+04   -0.13612E+00    1
    0.71029E+04    0.15496E+04   -0.13611E+00    1
    0.71129E+04    0.15496E+04   -0.13610E+00    1
    0.71229E+04    0.15496E+04   -0.13609E+00    1
    0.71329E+04    0.15496E+04   -0.13609E+00    1
    0.71429E+04    0.15496E+04   -0.13608E+00    1
    0.71529E+04    0.15496E+04   -0.13607E+00    1
    0.71628E+04    0.15496E+04   -0.13606E+00    1
    0.71728E+04    0.15496E+04   -0.13605E+00    1
    0.71828E+04    0.15496E+04   -0.13604E+00    1
    0.71928E+04    0.15496E+04   -0.13603E+00    1
    0.72028E+04    0.15496E+04   -0.13602E+00    1
    0.72128E+04    0.15496E+04   -0.13601E+00    1
    0.72228E+04    0.15496E+04   -0.13600E+00    1
    0.72328E+04    0.15496E+04   -0.13599E+00    1
    0.72428E+04    0.15496E+04   -0.13598E+00    1
    0.72528E+04    0.15496E+04   -0.13598E+00    1
    0.72627E+04    0.15496E+04   -0.13597E+00    1
    0.72727E+04    0.15496E+04   -0.13597E+00    1
    0.72827E+04    0.15496E+04   -0.13597E+00    1
    0.72927E+04    0.15496E+04   -0.13596E+00    1
    0.73027E+04    0.15496E+04   -0.13596E+00    1
    0.73127E+04    0.15496E+04   -0.13595E+00    1
    0.73227E+04    0.15496E+04   -0.13595E+00    1
    0.73327E+04    0.15496E+04   -0.13595E+00    1
    0.73427E+04    0.15496E+04   -0.13594E+00    1
    0.73527E+04    0.15496E+04   -0.13594E+00    1
    0.73626E+04    0.15496E+04   -0.13594E+00    1
    0.73726E+04    0.15496E+04   -0.13593E+00    1
    0.73826E+04    0.15496E+04   -0.13593E+00    1
    0.73926E+04    0.15496E+04   -0.13593E+00    1
    0.74026E+04    0.15496E+04   -0.13592E+00    1
    0.74126E+04    0.15496E+04   -0.13592E+00    1
    0.74226E+04    0.15496E+04   -0.13592E+00    1
    0.74326E+04    0.15496E+04   -0.13591E+00    1
    0.74426E+04    0.15496E+04   -0.13591E+00    1
    0.74526E+04    0.15496E+04   -0.13590E+00    1
    0.74625E+04    0.15496E+04   -0.13590E+00    1
    0.74725E+04    0.15496E+04   -0.13590E+00    1
    0.74825E+04    0.15496E+04   -0.13589E+00    1
    0.74925E+04    0.15496E+04   -0.13589E+00    1
    0.75025E+04    0.15496E+04   -0.13592E+00    1
    0.75125E+04    0.15496E+04   -0.13592E+00    1
    0.75225E+04    0.15496E+04   -0.13592E+00    1
    0.75325E+04    0.15496E+04   -0.13592E+00    1
    0.75425E+04    0.15496E+04   -0.13592E+00    1
    0.75524E+04    0.15496E+04   -0.13592E+00    1
    0.75624E+04    0.15496E+04   -0.13592E+00    1
    0.75724E+04    0.15496E+04   -0.13592E+00    1
    0.75824E+04    0.15496E+04   -0.13592E+00    1
    0.75924E+04    0.15496E+04   -0.13592E+00    1
    0.76024E+04    0.15496E+04   -0.13592E+00    1
    0.76124E+04    0.15496E+04   -0.13592E+00    1
    0.76224E+04    0.15496E+04   -0.13592E+00    1
    0.76324E+04    0.15496E+04   -0.13592E+00    1
    0.76424E+04    0.15496E+04   -0.13592E+00    1
    0.76524E+04    0.15496E+04   -0.13592E+00    1
    0.76623E+04    0.15496E+04   -0.13592E+00    1
    0.76723E+04    0.15496E+04   -0.13592E+00    1
    0.76823E+04    0.15496E+04   -0.13592E+00    1
    0.76923E+04    0.15496E+04   -0.13592E+00    1
    0.77023E+04    0.15496E+04   -0.13592E+00    1
    0.77123E+04    0.15496E+04   -0.13592E+00    1
    0.77223E+04    0.15496E+04   -0.13592E+00    1
    0.77323E+04    0.15496E+04   -0.13592E+00    1
    0.77423E+04    0.15496E+04   -0.13592E+00    1
    0.77522E+04    0.15496E+04   -0.13592E+00    1
    0.77622E+04    0.15496E+04   -0.13592E+00    1
    0.77722E+04    0.15496E+04   -0.13592E+00    1
    0.77822E+04    0.15496E+04   -0.13592E+00    1
    0.77922E+04    0.15496E+04   -0.13593E+00    1
    0.78022E+04    0.15496E+04   -0.13593E+00    1
    0.78122E+04    0.15496E+04   -0.13593E+00    1
    0.78222E+04    0.15496E+04   -0.13593E+00    1
    0.78322E+04    0.15496E+04   -0.13593E+00    1
    0.78422E+04    0.15496E+04   -0.13593E+00    1
    0.78522E+04    0.15496E+04   -0.13593E+00    1
    0.78621E+04    0.15496E+04   -0.13593E+00    1
    0.78721E+04    0.15496E+04   -0.13594E+00    1
    0.78821E+04    0.15496E+04   -0.13594E+00    1
    0.78921E+04    0.15496E+04   -0.13594E+00    1
    0.79021E+04    0.15496E+04   -0.13594E+00    1
    0.79121E+04    0.15496E+04   -0.13594E+00    1
    0.79221E+04    0.15496E+04   -0.13594E+00    1
    0.79321E+04    0.15496E+04   -0.13594E+00    1
    0.79421E+04    0.15496E+04   -0.13594E+00    1
    0.79521E+04    0.15496E+04   -0.13595E+00    1
    0.79620E+04    0.15496E+04   -0.13595E+00    1
    0.79720E+04    0.15496E+04   -0.13595E+00    1
    0.79820E+04    0.15496E+04   -0.13595E+00    1
    0.79920E+04    0.15496E+04   -0.13595E+00    1
    0.80020E+04    0.15496E+04   -0.13590E+00    1
    0.80120E+04    0.15496E+04   -0.13585E+00    1
    0.80220E+04    0.15496E+04   -0.13585E+00    1
    0.80320E+04    0.15496E+04   -0.13584E+00    1
    0.80420E+04    0.15496E+04   -0.13584E+00    1
    0.80519E+04    0.15496E+04   -0.13584E+00    1
    0.80619E+04    0.15496E+04   -0.13583E+00    1
    0.80719E+04    0.15496E+04   -0.13583E+00    1
    0.80819E+04    0.15496E+04   -0.13582E+00    1
    0.80919E+04    0.15496E+04   -0.13582E+00    1
    0.81019E+04    0.15496E+04   -0.13582E+00    1
    0.81119E+04    0.15496E+04   -0.13581E+00    1
    0.81219E+04    0.15496E+04   -0.13581E+00    1
    0.81319E+04    0.15496E+04   -0.13580E+00    1
    0.81419E+04    0.15496E+04   -0.13580E+00    1
    0.81519E+04    0.15496E+04   -0.13580E+00    1
    0.81618E+04    0.15496E+04   -0.13579E+00    1
    0.81718E+04    0.15496E+04   -0.13579E+00    1
    0.81818E+04    0.15496E+04   -0.13578E+00    1
    0.81918E+04    0.15496E+04   -0.13578E+00    1
    0.82018E+04    0.15496E+04   -0.13578E+00    1
    0.82118E+04    0.15496E+04   -0.13577E+00    1
    0.82218E+04    0.15496E+04   -0.13577E+00    1
    0.82318E+04    0.15496E+04   -0.13576E+00    1
    0.82418E+04    0.15496E+04   -0.13576E+00    1
    0.82518E+04    0.15496E+04   -0.13576E+00    1
    0.82617E+04    0.15496E+04   -0.13576E+00    1
    0.82717E+04    0.15496E+04   -0.13576E+00    1
    0.82817E+04    0.15496E+04   -0.13576E+00    1
    0.82917E+04    0.15496E+04   -0.13576E+00    1
    0.83017E+04    0.15496E+04   -0.13576E+00    1
    0.83117E+04    0.15496E+04   -0.13576E+00    1
    0.83217E+04    0.15496E+04   -0.13576E+00    1
    0.83317E+04    0.15496E+04   -0.13577E+00    1
    0.83417E+04    0.15496E+04   -0.13577E+00    1
    0.83516E+04    0.15496E+04   -0.13577E+00    1
    0.83616E+04    0.15496E+04   -0.13577E+00    1
    0.83716E+04    0.15496E+04   -0.13577E+00    1
    0.83816E+04    0.15496E+04   -0.13577E+00    1
    0.83916E+04    0.15496E+04   -0.13577E+00    1
    0.84016E+04    0.15496E+04   -0.13577E+00    1
    0.84116E+04    0.15496E+04   -0.13577E+00    1
    0.84216E+04    0.15496E+04   -0.13578E+00    1
    0.84316E+04    0.15496E+04   -0.13578E+00    1
    0.84416E+04    0.15496E+04   -0.13578E+00    1
    0.84515E+04    0.15496E+04   -0.13578E+00    1
    0.84615E+04    0.15496E+04   -0.13578E+00    1
    0.84715E+04    0.15496E+04   -0.13578E+00    1
    0.84815E+04    0.15496E+04   -0.13578E+00    1
    0.84915E+04    0.15496E+04   -0.13578E+00    1
    0.85015E+04    0.15496E+04   -0.13584E+00    1
    0.85115E+04    0.15496E+04   -0.13583E+00    1
    0.85215E+04    0.15496E+04   -0.13583E+00    1
    0.85315E+04    0.15496E+04   -0.13582E+00    1
    0.85415E+04    0.15496E+04   -0.13582E+00    1
    0.85515E+04    0.15496E+04   -0.13582E+00    1
    0.85614E+04    0.15496E+04   -0.13581E+00    1
    0.85714E+04    0.15496E+04   -0.13581E+00    1
    0.85814E+04    0.15496E+04   -0.13580E+00    1
    0.85914E+04    0.15496E+04   -0.13580E+00    1
    0.86014E+04    0.15496E+04   -0.13579E+00    1
    0.86114E+04    0.15496E+04   -0.13579E+00    1
    0.86214E+04    0.15496E+04   -0.13579E+00    1
    0.86314E+04    0.15496E+04   -0.13578E+00    1
    0.86414E+04    0.15496E+04   -0.13578E+00    1
    0.86514E+04    0.15496E+04   -0.13577E+00    1
    0.86613E+04    0.15496E+04   -0.13577E+00    1
    0.86713E+04    0.15496E+04   -0.13576E+00    1
    0.86813E+04    0.15496E+04   -0.13576E+00    1
    0.86913E+04    0.15496E+04   -0.13575E+00    1
    0.87013E+04    0.15496E+04   -0.13575E+00    1
    0.87113E+04    0.15496E+04   -0.13575E+00    1
    0.87213E+04    0.15496E+04   -0.13574E+00    1
    0.87313E+04    0.15496E+04   -0.13574E+00    1
    0.87413E+04    0.15496E+04   -0.13573E+00    1
    0.87512E+04    0.15496E+04   -0.13573E+00    1
    0.87612E+04    0.15496E+04   -0.13572E+00    1
    0.87712E+04    0.15496E+04   -0.13571E+00    1
    0.87812E+04    0.15496E+04   -0.13569E+00    1
    0.87912E+04    0.15496E+04   -0.13568E+00    1
    0.88012E+04    0.15496E+04   -0.13567E+00    1
    0.88112E+04    0.15496E+04   -0.13566E+00    1
    0.88212E+04    0.15496E+04   -0.13565E+00    1
    0.88312E+04    0.15496E+04   -0.13564E+00    1
    0.88412E+04    0.15496E+04   -0.13563E+00    1
    0.88511E+04    0.15496E+04   -0.13562E+00    1
    0.88611E+04    0.15496E+04   -0.13561E+00    1
    0.88711E+04    0.15496E+04   -0.13560E+00    1
    0.88811E+04    0.15496E+04   -0.13559E+00    1
    0.88911E+04    0.15496E+04   -0.13558E+00    1
    0.89011E+04    0.15496E+04   -0.13557E+00    1
    0.89111E+04    0.15496E+04   -0.13555E+00    1
    0.89211E+04    0.15496E+04   -0.13554E+00    1
    0.89311E+04    0.15496E+04   -0.13553E+00    1
    0.89411E+04    0.15496E+04   -0.13552E+00    1
    0.89511E+04    0.15496E+04   -0.13551E+00    1
    0.89610E+04    0.15496E+04   -0.13550E+00    1
    0.89710E+04    0.15496E+04   -0.13549E+00    1
    0.89810E+04    0.15496E+04   -0.13548E+00    1
    0.89910E+04    0.15496E+04   -0.13547E+00    1
    0.90010E+04    0.15496E+04   -0.13539E+00    1
    0.90110E+04    0.15496E+04   -0.13494E+00    1
    0.90210E+04    0.15496E+04   -0.13494E+00    1
    0.90310E+04    0.15496E+04   -0.13495E+00    1
    0.90410E+04    0.15496E+04   -0.13495E+00    1
    0.90510E+04    0.15496E+04   -0.13496E+00    1
    0.90609E+04    0.15496E+04   -0.13497E+00    1
    0.90709E+04    0.15496E+04   -0.13497E+00    1
    0.90809E+04    0.15496E+04   -0.13498E+00    1
    0.90909E+04    0.15496E+04   -0.13498E+00    1
    0.91009E+04    0.15496E+04   -0.13499E+00    1
    0.91109E+04    0.15496E+04   -0.13499E+00    1
    0.91209E+04    0.15496E+04   -0.13500E+00    1
    0.91309E+04    0.15496E+04   -0.13500E+00    1
    0.91409E+04    0.15496E+04   -0.13501E+00    1
    0.91509E+04    0.15496E+04   -0.13501E+00    1
    0.91608E+04    0.15496E+04   -0.13502E+00    1
    0.91708E+04    0.15496E+04   -0.13503E+00    1
    0.91808E+04    0.15496E+04   -0.13503E+00    1
    0.91908E+04    0.15496E+04   -0.13504E+00    1
    0.92008E+04    0.15496E+04   -0.13504E+00    1
    0.92108E+04    0.15496E+04   -0.13505E+00    1
    0.92208E+04    0.15496E+04   -0.13505E+00    1
    0.92308E+04    0.15496E+04   -0.13506E+00    1
    0.92408E+04    0.15496E+04   -0.13506E+00    1
    0.92508E+04    0.15496E+04   -0.13507E+00    1
    0.92607E+04    0.15496E+04   -0.13509E+00    1
    0.92707E+04    0.15496E+04   -0.13511E+00    1
    0.92807E+04    0.15496E+04   -0.13513E+00    1
    0.92907E+04    0.15496E+04   -0.13515E+00    1
    0.93007E+04    0.15496E+04   -0.13517E+00    1
    0.93107E+04    0.15496E+04   -0.13519E+00    1
    0.93207E+04    0.15496E+04   -0.13521E+00    1
    0.93307E+04    0.15496E+04   -0.13523E+00    1
    0.93407E+04    0.15496E+04   -0.13525E+00    1
    0.93506E+04    0.15496E+04   -0.13527E+00    1
    0.93606E+04    0.15496E+04   -0.13529E+00    1
    0.93706E+04    0.15496E+04   -0.13531E+00    1
    0.93806E+04    0.15496E+04   -0.13533E+00    1
    0.93906E+04    0.15496E+04   -0.13535E+00    1
    0.94006E+04    0.15496E+04   -0.13537E+00    1
    0.94106E+04    0.15496E+04   -0.13539E+00    1
    0.94206E+04    0.15496E+04   -0.13541E+00    1
    0.94306E+04    0.15496E+04   -0.13544E+00    1
    0.94406E+04    0.15496E+04   -0.13546E+00    1
    0.94506E+04    0.15496E+04   -0.13548E+00    1
    0.94605E+04    0.15496E+04   -0.13550E+00    1
    0.94705E+04    0.15496E+04   -0.13552E+00    1
    0.94805E+04    0.15496E+04   -0.13554E+00    1
    0.94905E+04    0.15496E+04   -0.13556E+00    1
    0.95005E+04    0.15496E+04   -0.13554E+00    1
    0.95105E+04    0.15496E+04   -0.13547E+00    1
    0.95205E+04    0.15496E+04   -0.13555E+00    1
    0.95305E+04    0.15496E+04   -0.13563E+00    1
    0.95405E+04    0.15496E+04   -0.13571E+00    1
    0.95505E+04    0.15496E+04   -0.13579E+00    1
    0.95604E+04    0.15496E+04   -0.13587E+00    1
    0.95704E+04    0.15496E+04   -0.13595E+00    1
    0.95804E+04    0.15496E+04   -0.13603E+00    1
    0.95904E+04    0.15496E+04   -0.13611E+00    1
    0.96004E+04    0.15496E+04   -0.13619E+00    1
    0.96104E+04    0.15496E+04   -0.13627E+00    1
    0.96204E+04    0.15496E+04   -0.13635E+00    1
    0.96304E+04    0.15496E+04   -0.13643E+00    1
    0.96404E+04    0.15496E+04   -0.13651E+00    1
    0.96504E+04    0.15496E+04   -0.13659E+00    1
    0.96603E+04    0.15496E+04   -0.13667E+00    1
    0.96703E+04    0.15496E+04   -0.13675E+00    1
    0.96803E+04    0.15496E+04   -0.13683E+00    1
    0.96903E+04    0.15496E+04   -0.13691E+00    1
    0.97003E+04    0.15496E+04   -0.13699E+00    1
    0.97103E+04    0.15496E+04   -0.13707E+00    1
    0.97203E+04    0.15496E+04   -0.13715E+00    1
    0.97303E+04    0.15496E+04   -0.13723E+00    1
    0.97403E+04    0.15496E+04   -0.13731E+00    1
    0.97502E+04    0.15496E+04   -0.13739E+00    1
    0.97602E+04    0.15496E+04   -0.13745E+00    1
    0.97702E+04    0.15496E+04   -0.13752E+00    1
    0.97802E+04    0.15496E+04   -0.13758E+00    1
    0.97902E+04    0.15496E+04   -0.13765E+00    1
    0.98002E+04    0.15496E+04   -0.13771E+00    1
    0.98102E+04    0.15496E+04   -0.13778E+00    1
    0.98202E+04    0.15496E+04   -0.13784E+00    1
    0.98302E+04    0.15496E+04   -0.13791E+00    1
    0.98402E+04    0.15496E+04   -0.13797E+00    1
    0.98501E+04    0.15496E+04   -0.13804E+00    1
    0.98601E+04    0.15496E+04   -0.13810E+00    1
    0.98701E+04    0.15496E+04   -0.13817E+00    1
    0.98801E+04    0.15496E+04   -0.13823E+00    1
    0.98901E+04    0.15496E+04   -0.13830E+00    1
    0.99001E+04    0.15496E+04   -0.13836E+00    1
    0.99101E+04    0.15496E+04   -0.13843E+00    1
    0.99201E+04    0.15496E+04   -0.13849E+00    1
    0.99301E+04    0.15496E+04   -0.13856E+00    1
    0.99401E+04    0.15496E+04   -0.13862E+00    1
    0.99501E+04    0.15496E+04   -0.13869E+00    1
    0.99600E+04    0.15496E+04   -0.13875E+00    1
    0.99700E+04    0.15496E+04   -0.13881E+00    1
    0.99800E+04    0.15496E+04   -0.13888E+00    1
    0.99900E+04    0.15496E+04   -0.13894E+00    1
    0.10000E+05    0.15496E+04   -0.13834E+00    1
