 T =     0.63072E+12

          X              Y          COND*TMPy

    0.10000E+02    0.20390E+04   -0.22081E+02    1


    0.10000E+02    0.15496E+04   -0.35317E+02    1
    0.19990E+02    0.15496E+04   -0.35289E+02    1
    0.29980E+02    0.15496E+04   -0.35123E+02    1
    0.39970E+02    0.15496E+04   -0.35107E+02    1
    0.49960E+02    0.15496E+04   -0.35071E+02    1
    0.59950E+02    0.15496E+04   -0.35014E+02    1
    0.69940E+02    0.15496E+04   -0.34936E+02    1
    0.79930E+02    0.15496E+04   -0.34838E+02    1
    0.89920E+02    0.15496E+04   -0.34720E+02    1
    0.99910E+02    0.15496E+04   -0.34583E+02    1
    0.10990E+03    0.15496E+04   -0.34427E+02    1
    0.11989E+03    0.15496E+04   -0.34252E+02    1
    0.12988E+03    0.15496E+04   -0.34079E+02    1
    0.13987E+03    0.15496E+04   -0.31000E+02    1
    0.14986E+03    0.15496E+04   -0.22764E+02    1
    0.15985E+03    0.15496E+04   -0.14469E+02    1
    0.16984E+03    0.15496E+04   -0.14090E+02    1
    0.17983E+03    0.15496E+04   -0.14074E+02    1
    0.18982E+03    0.15496E+04   -0.14057E+02    1
    0.19981E+03    0.15496E+04   -0.12411E+02    1
    0.20980E+03    0.15496E+04   -0.12460E+02    1
    0.21979E+03    0.15496E+04   -0.12507E+02    1
    0.22978E+03    0.15496E+04   -0.12553E+02    1
    0.23977E+03    0.15496E+04   -0.12589E+02    1
    0.24976E+03    0.15496E+04   -0.12624E+02    1
    0.25975E+03    0.15496E+04   -0.12531E+02    1
    0.26974E+03    0.15496E+04   -0.12434E+02    1
    0.27973E+03    0.15496E+04   -0.12341E+02    1
    0.28972E+03    0.15496E+04   -0.12255E+02    1
    0.29971E+03    0.15496E+04   -0.12169E+02    1
    0.30970E+03    0.15496E+04   -0.12072E+02    1
    0.31969E+03    0.15496E+04   -0.11976E+02    1
    0.32968E+03    0.15496E+04   -0.11809E+02    1
    0.33967E+03    0.15496E+04   -0.11726E+02    1
    0.34966E+03    0.15496E+04   -0.11642E+02    1
    0.35965E+03    0.15496E+04   -0.11556E+02    1
    0.36964E+03    0.15496E+04   -0.11471E+02    1
    0.37963E+03    0.15496E+04   -0.11388E+02    1
    0.38962E+03    0.15496E+04   -0.11313E+02    1
    0.39961E+03    0.15496E+04   -0.11240E+02    1
    0.40960E+03    0.15496E+04   -0.11139E+02    1
    0.41959E+03    0.15496E+04   -0.11073E+02    1
    0.42958E+03    0.15496E+04   -0.11008E+02    1
    0.43957E+03    0.15496E+04   -0.10944E+02    1
    0.44956E+03    0.15496E+04   -0.10877E+02    1
    0.45955E+03    0.15496E+04   -0.10810E+02    1
    0.46954E+03    0.15496E+04   -0.10742E+02    1
    0.47953E+03    0.15496E+04   -0.10672E+02    1
    0.48952E+03    0.15496E+04   -0.10603E+02    1
    0.49951E+03    0.15496E+04   -0.10536E+02    1
    0.50950E+03    0.15496E+04   -0.10478E+02    1
    0.51949E+03    0.15496E+04   -0.10418E+02    1
    0.52948E+03    0.15496E+04   -0.10357E+02    1
    0.53947E+03    0.15496E+04   -0.10297E+02    1
    0.54946E+03    0.15496E+04   -0.10233E+02    1
    0.55945E+03    0.15496E+04   -0.10171E+02    1
    0.56944E+03    0.15496E+04   -0.10110E+02    1
    0.57943E+03    0.15496E+04   -0.10050E+02    1
    0.58942E+03    0.15496E+04   -0.99897E+01    1
    0.59941E+03    0.15496E+04   -0.98944E+01    1
    0.60940E+03    0.15496E+04   -0.98289E+01    1
    0.61939E+03    0.15496E+04   -0.97645E+01    1
    0.62938E+03    0.15496E+04   -0.97973E+01    1
    0.63937E+03    0.15496E+04   -0.97580E+01    1
    0.64936E+03    0.15496E+04   -0.97214E+01    1
    0.65935E+03    0.15496E+04   -0.96851E+01    1
    0.66934E+03    0.15496E+04   -0.96114E+01    1
    0.67933E+03    0.15496E+04   -0.95388E+01    1
    0.68932E+03    0.15496E+04   -0.94880E+01    1
    0.69931E+03    0.15496E+04   -0.94543E+01    1
    0.70930E+03    0.15496E+04   -0.94209E+01    1
    0.71929E+03    0.15496E+04   -0.93879E+01    1
    0.72928E+03    0.15496E+04   -0.93551E+01    1
    0.73927E+03    0.15496E+04   -0.93092E+01    1
    0.74926E+03    0.15496E+04   -0.92550E+01    1
    0.75925E+03    0.15496E+04   -0.92016E+01    1
    0.76924E+03    0.15496E+04   -0.91490E+01    1
    0.77923E+03    0.15496E+04   -0.90971E+01    1
    0.78922E+03    0.15496E+04   -0.91959E+01    1
    0.79921E+03    0.15496E+04   -0.92511E+01    1
    0.80920E+03    0.15496E+04   -0.92048E+01    1
    0.81919E+03    0.15496E+04   -0.91771E+01    1
    0.82918E+03    0.15496E+04   -0.88610E+01    1
    0.83917E+03    0.15496E+04   -0.46558E+01    1
    0.84916E+03    0.15496E+04   -0.55255E+00    1
    0.85915E+03    0.15496E+04    0.95018E+00    1
    0.86914E+03    0.15496E+04    0.94529E+00    1
    0.87913E+03    0.15496E+04    0.94103E+00    1
    0.88912E+03    0.15496E+04    0.93865E+00    1
    0.89911E+03    0.15496E+04    0.93679E+00    1
    0.90910E+03    0.15496E+04    0.83071E+00    1
    0.91909E+03    0.15496E+04    0.83407E+00    1
    0.92908E+03    0.15496E+04    0.87336E+00    1
    0.93907E+03    0.15496E+04    0.88688E+00    1
    0.94906E+03    0.15496E+04    0.90042E+00    1
    0.95905E+03    0.15496E+04    0.91258E+00    1
    0.96904E+03    0.15496E+04    0.92495E+00    1
    0.97903E+03    0.15496E+04    0.93753E+00    1
    0.98902E+03    0.15496E+04    0.93413E+00    1
    0.99901E+03    0.15496E+04    0.93208E+00    1
    0.10090E+04    0.15496E+04    0.93034E+00    1
    0.10190E+04    0.15496E+04    0.92967E+00    1
    0.10290E+04    0.15496E+04    0.92374E+00    1
    0.10390E+04    0.15496E+04    0.91812E+00    1
    0.10490E+04    0.15496E+04    0.91281E+00    1
    0.10590E+04    0.15496E+04    0.90974E+00    1
    0.10689E+04    0.15496E+04    0.90391E+00    1
    0.10789E+04    0.15496E+04    0.89875E+00    1
    0.10889E+04    0.15496E+04    0.89372E+00    1
    0.10989E+04    0.15496E+04    0.88882E+00    1
    0.11089E+04    0.15496E+04    0.88406E+00    1
    0.11189E+04    0.15496E+04    0.88152E+00    1
    0.11289E+04    0.15496E+04    0.87927E+00    1
    0.11389E+04    0.15496E+04    0.87715E+00    1
    0.11489E+04    0.15496E+04    0.87515E+00    1
    0.11589E+04    0.15496E+04    0.87327E+00    1
    0.11688E+04    0.15496E+04    0.87152E+00    1
    0.11788E+04    0.15496E+04    0.86401E+00    1
    0.11888E+04    0.15496E+04    0.86286E+00    1
    0.11988E+04    0.15496E+04    0.86265E+00    1
    0.12088E+04    0.15496E+04    0.86273E+00    1
    0.12188E+04    0.15496E+04    0.85226E+00    1
    0.12288E+04    0.15496E+04    0.85264E+00    1
    0.12388E+04    0.15496E+04    0.85308E+00    1
    0.12488E+04    0.15496E+04    0.85359E+00    1
    0.12588E+04    0.15496E+04    0.86019E+00    1
    0.12687E+04    0.15496E+04    0.85574E+00    1
    0.12787E+04    0.15496E+04    0.85138E+00    1
    0.12887E+04    0.15496E+04    0.84930E+00    1
    0.12987E+04    0.15496E+04    0.84942E+00    1
    0.13087E+04    0.15496E+04    0.84957E+00    1
    0.13187E+04    0.15496E+04    0.84976E+00    1
    0.13287E+04    0.15496E+04    0.85000E+00    1
    0.13387E+04    0.15496E+04    0.85311E+00    1
    0.13487E+04    0.15496E+04    0.85503E+00    1
    0.13587E+04    0.15496E+04    0.85696E+00    1
    0.13686E+04    0.15496E+04    0.85892E+00    1
    0.13786E+04    0.15496E+04    0.86198E+00    1
    0.13886E+04    0.15496E+04    0.86849E+00    1
    0.13986E+04    0.15496E+04    0.87500E+00    1
    0.14086E+04    0.15496E+04    0.88156E+00    1
    0.14186E+04    0.15496E+04    0.88824E+00    1
    0.14286E+04    0.15496E+04    0.89491E+00    1
    0.14386E+04    0.15496E+04    0.90158E+00    1
    0.14486E+04    0.15496E+04    0.90824E+00    1
    0.14585E+04    0.15496E+04    0.91490E+00    1
    0.14685E+04    0.15496E+04    0.94114E+00    1
    0.14785E+04    0.15496E+04    0.94808E+00    1
    0.14885E+04    0.15496E+04    0.95651E+00    1
    0.14985E+04    0.15496E+04    0.96493E+00    1
    0.15085E+04    0.15496E+04    0.97333E+00    1
    0.15185E+04    0.15496E+04    0.98003E+00    1
    0.15285E+04    0.15496E+04    0.99984E+00    1
    0.15385E+04    0.15496E+04    0.10154E+01    1
    0.15485E+04    0.15496E+04    0.10293E+01    1
    0.15585E+04    0.15496E+04    0.10487E+01    1
    0.15684E+04    0.15496E+04    0.10653E+01    1
    0.15784E+04    0.15496E+04    0.10827E+01    1
    0.15884E+04    0.15496E+04    0.11007E+01    1
    0.15984E+04    0.15496E+04    0.11188E+01    1
    0.16084E+04    0.15496E+04    0.11367E+01    1
    0.16184E+04    0.15496E+04    0.11547E+01    1
    0.16284E+04    0.15496E+04    0.11725E+01    1
    0.16384E+04    0.15496E+04    0.11904E+01    1
    0.16484E+04    0.15496E+04    0.12378E+01    1
    0.16584E+04    0.15496E+04    0.12257E+01    1
    0.16683E+04    0.15496E+04    0.12566E+01    1
    0.16783E+04    0.15496E+04    0.12874E+01    1
    0.16883E+04    0.15496E+04    0.13182E+01    1
    0.16983E+04    0.15496E+04    0.13488E+01    1
    0.17083E+04    0.15496E+04    0.14090E+01    1
    0.17183E+04    0.15496E+04    0.14419E+01    1
    0.17283E+04    0.15496E+04    0.14643E+01    1
    0.17383E+04    0.15496E+04    0.15057E+01    1
    0.17483E+04    0.15496E+04    0.15469E+01    1
    0.17582E+04    0.15496E+04    0.15880E+01    1
    0.17682E+04    0.15496E+04    0.16278E+01    1
    0.17782E+04    0.15496E+04    0.16896E+01    1
    0.17882E+04    0.15496E+04    0.17510E+01    1
    0.17982E+04    0.15496E+04    0.18121E+01    1
    0.18082E+04    0.15496E+04    0.18921E+01    1
    0.18182E+04    0.15496E+04    0.19757E+01    1
    0.18282E+04    0.15496E+04    0.21717E+01    1
    0.18382E+04    0.15496E+04    0.22566E+01    1
    0.18482E+04    0.15496E+04    0.23413E+01    1
    0.18582E+04    0.15496E+04    0.24257E+01    1
    0.18681E+04    0.15496E+04    0.25098E+01    1
    0.18781E+04    0.15496E+04    0.26194E+01    1
    0.18881E+04    0.15496E+04    0.28120E+01    1
    0.18981E+04    0.15496E+04    0.30030E+01    1
    0.19081E+04    0.15496E+04    0.31922E+01    1
    0.19181E+04    0.15496E+04    0.33793E+01    1
    0.19281E+04    0.15496E+04    0.35641E+01    1
    0.19381E+04    0.15496E+04    0.37446E+01    1
    0.19481E+04    0.15496E+04    0.39212E+01    1
    0.19580E+04    0.15496E+04    0.40943E+01    1
    0.19680E+04    0.15496E+04    0.42637E+01    1
    0.19780E+04    0.15496E+04    0.44292E+01    1
    0.19880E+04    0.15496E+04    0.45907E+01    1
    0.19980E+04    0.15496E+04    0.11199E+02    1
    0.20080E+04    0.15496E+04   -0.10816E+00    1
    0.20180E+04    0.15496E+04   -0.11022E+00    1
    0.20280E+04    0.15496E+04   -0.11227E+00    1
    0.20380E+04    0.15496E+04   -0.11433E+00    1
    0.20480E+04    0.15496E+04   -0.11638E+00    1
    0.20579E+04    0.15496E+04   -0.11844E+00    1
    0.20679E+04    0.15496E+04   -0.12049E+00    1
    0.20779E+04    0.15496E+04   -0.12254E+00    1
    0.20879E+04    0.15496E+04   -0.12460E+00    1
    0.20979E+04    0.15496E+04   -0.12665E+00    1
    0.21079E+04    0.15496E+04   -0.12871E+00    1
    0.21179E+04    0.15496E+04   -0.13076E+00    1
    0.21279E+04    0.15496E+04   -0.13274E+00    1
    0.21379E+04    0.15496E+04   -0.13417E+00    1
    0.21479E+04    0.15496E+04   -0.13560E+00    1
    0.21578E+04    0.15496E+04   -0.13703E+00    1
    0.21678E+04    0.15496E+04   -0.13846E+00    1
    0.21778E+04    0.15496E+04   -0.13989E+00    1
    0.21878E+04    0.15496E+04   -0.14132E+00    1
    0.21978E+04    0.15496E+04   -0.14275E+00    1
    0.22078E+04    0.15496E+04   -0.14418E+00    1
    0.22178E+04    0.15496E+04   -0.14561E+00    1
    0.22278E+04    0.15496E+04   -0.14704E+00    1
    0.22378E+04    0.15496E+04   -0.14847E+00    1
    0.22478E+04    0.15496E+04   -0.14932E+00    1
    0.22578E+04    0.15496E+04   -0.14957E+00    1
    0.22677E+04    0.15496E+04   -0.15020E+00    1
    0.22777E+04    0.15496E+04   -0.15084E+00    1
    0.22877E+04    0.15496E+04   -0.15147E+00    1
    0.22977E+04    0.15496E+04   -0.15210E+00    1
    0.23077E+04    0.15496E+04   -0.15273E+00    1
    0.23177E+04    0.15496E+04   -0.15336E+00    1
    0.23277E+04    0.15496E+04   -0.15399E+00    1
    0.23377E+04    0.15496E+04   -0.15463E+00    1
    0.23477E+04    0.15496E+04   -0.15526E+00    1
    0.23577E+04    0.15496E+04   -0.15589E+00    1
    0.23676E+04    0.15496E+04   -0.15652E+00    1
    0.23776E+04    0.15496E+04   -0.15706E+00    1
    0.23876E+04    0.15496E+04   -0.15748E+00    1
    0.23976E+04    0.15496E+04   -0.15790E+00    1
    0.24076E+04    0.15496E+04   -0.15832E+00    1
    0.24176E+04    0.15496E+04   -0.15875E+00    1
    0.24276E+04    0.15496E+04   -0.15917E+00    1
    0.24376E+04    0.15496E+04   -0.15959E+00    1
    0.24476E+04    0.15496E+04   -0.16001E+00    1
    0.24576E+04    0.15496E+04   -0.16043E+00    1
    0.24675E+04    0.15496E+04   -0.16085E+00    1
    0.24775E+04    0.15496E+04   -0.16128E+00    1
    0.24875E+04    0.15496E+04   -0.16170E+00    1
    0.24975E+04    0.15496E+04   -0.16124E+00    1
    0.25075E+04    0.15496E+04   -0.16165E+00    1
    0.25175E+04    0.15496E+04   -0.16150E+00    1
    0.25275E+04    0.15496E+04   -0.16135E+00    1
    0.25375E+04    0.15496E+04   -0.16120E+00    1
    0.25475E+04    0.15496E+04   -0.16104E+00    1
    0.25575E+04    0.15496E+04   -0.16089E+00    1
    0.25674E+04    0.15496E+04   -0.16074E+00    1
    0.25774E+04    0.15496E+04   -0.16058E+00    1
    0.25874E+04    0.15496E+04   -0.16043E+00    1
    0.25974E+04    0.15496E+04   -0.16028E+00    1
    0.26074E+04    0.15496E+04   -0.16013E+00    1
    0.26174E+04    0.15496E+04   -0.15997E+00    1
    0.26274E+04    0.15496E+04   -0.15972E+00    1
    0.26374E+04    0.15496E+04   -0.15933E+00    1
    0.26474E+04    0.15496E+04   -0.15894E+00    1
    0.26573E+04    0.15496E+04   -0.15855E+00    1
    0.26673E+04    0.15496E+04   -0.15817E+00    1
    0.26773E+04    0.15496E+04   -0.15778E+00    1
    0.26873E+04    0.15496E+04   -0.15739E+00    1
    0.26973E+04    0.15496E+04   -0.15700E+00    1
    0.27073E+04    0.15496E+04   -0.15661E+00    1
    0.27173E+04    0.15496E+04   -0.15622E+00    1
    0.27273E+04    0.15496E+04   -0.15583E+00    1
    0.27373E+04    0.15496E+04   -0.15545E+00    1
    0.27473E+04    0.15496E+04   -0.15430E+00    1
    0.27572E+04    0.15496E+04   -0.15389E+00    1
    0.27672E+04    0.15496E+04   -0.15326E+00    1
    0.27772E+04    0.15496E+04   -0.15263E+00    1
    0.27872E+04    0.15496E+04   -0.15199E+00    1
    0.27972E+04    0.15496E+04   -0.15136E+00    1
    0.28072E+04    0.15496E+04   -0.15072E+00    1
    0.28172E+04    0.15496E+04   -0.15009E+00    1
    0.28272E+04    0.15496E+04   -0.14945E+00    1
    0.28372E+04    0.15496E+04   -0.14882E+00    1
    0.28472E+04    0.15496E+04   -0.14819E+00    1
    0.28572E+04    0.15496E+04   -0.14755E+00    1
    0.28671E+04    0.15496E+04   -0.14692E+00    1
    0.28771E+04    0.15496E+04   -0.14628E+00    1
    0.28871E+04    0.15496E+04   -0.14564E+00    1
    0.28971E+04    0.15496E+04   -0.14500E+00    1
    0.29071E+04    0.15496E+04   -0.14435E+00    1
    0.29171E+04    0.15496E+04   -0.14371E+00    1
    0.29271E+04    0.15496E+04   -0.14307E+00    1
    0.29371E+04    0.15496E+04   -0.14243E+00    1
    0.29471E+04    0.15496E+04   -0.14179E+00    1
    0.29571E+04    0.15496E+04   -0.14114E+00    1
    0.29670E+04    0.15496E+04   -0.14050E+00    1
    0.29770E+04    0.15496E+04   -0.13986E+00    1
    0.29870E+04    0.15496E+04   -0.13922E+00    1
    0.29970E+04    0.15496E+04   -0.13878E+00    1
    0.30070E+04    0.15496E+04   -0.13771E+00    1
    0.30170E+04    0.15496E+04   -0.13729E+00    1
    0.30270E+04    0.15496E+04   -0.13686E+00    1
    0.30370E+04    0.15496E+04   -0.13644E+00    1
    0.30470E+04    0.15496E+04   -0.13602E+00    1
    0.30570E+04    0.15496E+04   -0.13559E+00    1
    0.30669E+04    0.15496E+04   -0.13517E+00    1
    0.30769E+04    0.15496E+04   -0.13475E+00    1
    0.30869E+04    0.15496E+04   -0.13432E+00    1
    0.30969E+04    0.15496E+04   -0.13390E+00    1
    0.31069E+04    0.15496E+04   -0.13348E+00    1
    0.31169E+04    0.15496E+04   -0.13305E+00    1
    0.31269E+04    0.15496E+04   -0.13267E+00    1
    0.31369E+04    0.15496E+04   -0.13237E+00    1
    0.31469E+04    0.15496E+04   -0.13206E+00    1
    0.31568E+04    0.15496E+04   -0.13175E+00    1
    0.31668E+04    0.15496E+04   -0.13145E+00    1
    0.31768E+04    0.15496E+04   -0.13114E+00    1
    0.31868E+04    0.15496E+04   -0.13084E+00    1
    0.31968E+04    0.15496E+04   -0.13053E+00    1
    0.32068E+04    0.15496E+04   -0.13022E+00    1
    0.32168E+04    0.15496E+04   -0.12992E+00    1
    0.32268E+04    0.15496E+04   -0.12961E+00    1
    0.32368E+04    0.15496E+04   -0.12931E+00    1
    0.32468E+04    0.15496E+04   -0.12978E+00    1
    0.32568E+04    0.15496E+04   -0.12921E+00    1
    0.32667E+04    0.15496E+04   -0.12924E+00    1
    0.32767E+04    0.15496E+04   -0.12926E+00    1
    0.32867E+04    0.15496E+04   -0.12928E+00    1
    0.32967E+04    0.15496E+04   -0.12931E+00    1
    0.33067E+04    0.15496E+04   -0.12933E+00    1
    0.33167E+04    0.15496E+04   -0.12935E+00    1
    0.33267E+04    0.15496E+04   -0.12938E+00    1
    0.33367E+04    0.15496E+04   -0.12940E+00    1
    0.33467E+04    0.15496E+04   -0.12943E+00    1
    0.33567E+04    0.15496E+04   -0.12945E+00    1
    0.33666E+04    0.15496E+04   -0.12947E+00    1
    0.33766E+04    0.15496E+04   -0.12952E+00    1
    0.33866E+04    0.15496E+04   -0.12960E+00    1
    0.33966E+04    0.15496E+04   -0.12968E+00    1
    0.34066E+04    0.15496E+04   -0.12976E+00    1
    0.34166E+04    0.15496E+04   -0.12985E+00    1
    0.34266E+04    0.15496E+04   -0.12993E+00    1
    0.34366E+04    0.15496E+04   -0.13001E+00    1
    0.34466E+04    0.15496E+04   -0.13010E+00    1
    0.34566E+04    0.15496E+04   -0.13018E+00    1
    0.34665E+04    0.15496E+04   -0.13026E+00    1
    0.34765E+04    0.15496E+04   -0.13034E+00    1
    0.34865E+04    0.15496E+04   -0.13043E+00    1
    0.34965E+04    0.15496E+04   -0.13051E+00    1
    0.35065E+04    0.15496E+04   -0.13097E+00    1
    0.35165E+04    0.15496E+04   -0.13107E+00    1
    0.35265E+04    0.15496E+04   -0.13117E+00    1
    0.35365E+04    0.15496E+04   -0.13127E+00    1
    0.35465E+04    0.15496E+04   -0.13138E+00    1
    0.35565E+04    0.15496E+04   -0.13148E+00    1
    0.35664E+04    0.15496E+04   -0.13158E+00    1
    0.35764E+04    0.15496E+04   -0.13168E+00    1
    0.35864E+04    0.15496E+04   -0.13179E+00    1
    0.35964E+04    0.15496E+04   -0.13189E+00    1
    0.36064E+04    0.15496E+04   -0.13199E+00    1
    0.36164E+04    0.15496E+04   -0.13209E+00    1
    0.36264E+04    0.15496E+04   -0.13219E+00    1
    0.36364E+04    0.15496E+04   -0.13226E+00    1
    0.36464E+04    0.15496E+04   -0.13234E+00    1
    0.36563E+04    0.15496E+04   -0.13241E+00    1
    0.36663E+04    0.15496E+04   -0.13248E+00    1
    0.36763E+04    0.15496E+04   -0.13256E+00    1
    0.36863E+04    0.15496E+04   -0.13263E+00    1
    0.36963E+04    0.15496E+04   -0.13271E+00    1
    0.37063E+04    0.15496E+04   -0.13278E+00    1
    0.37163E+04    0.15496E+04   -0.13286E+00    1
    0.37263E+04    0.15496E+04   -0.13293E+00    1
    0.37363E+04    0.15496E+04   -0.13300E+00    1
    0.37463E+04    0.15496E+04   -0.13308E+00    1
    0.37562E+04    0.15496E+04   -0.13306E+00    1
    0.37662E+04    0.15496E+04   -0.13303E+00    1
    0.37762E+04    0.15496E+04   -0.13299E+00    1
    0.37862E+04    0.15496E+04   -0.13296E+00    1
    0.37962E+04    0.15496E+04   -0.13293E+00    1
    0.38062E+04    0.15496E+04   -0.13290E+00    1
    0.38162E+04    0.15496E+04   -0.13287E+00    1
    0.38262E+04    0.15496E+04   -0.13283E+00    1
    0.38362E+04    0.15496E+04   -0.13280E+00    1
    0.38462E+04    0.15496E+04   -0.13277E+00    1
    0.38562E+04    0.15496E+04   -0.13274E+00    1
    0.38661E+04    0.15496E+04   -0.13271E+00    1
    0.38761E+04    0.15496E+04   -0.13267E+00    1
    0.38861E+04    0.15496E+04   -0.13261E+00    1
    0.38961E+04    0.15496E+04   -0.13256E+00    1
    0.39061E+04    0.15496E+04   -0.13251E+00    1
    0.39161E+04    0.15496E+04   -0.13246E+00    1
    0.39261E+04    0.15496E+04   -0.13240E+00    1
    0.39361E+04    0.15496E+04   -0.13235E+00    1
    0.39461E+04    0.15496E+04   -0.13230E+00    1
    0.39561E+04    0.15496E+04   -0.13224E+00    1
    0.39660E+04    0.15496E+04   -0.13219E+00    1
    0.39760E+04    0.15496E+04   -0.13214E+00    1
    0.39860E+04    0.15496E+04   -0.13209E+00    1
    0.39960E+04    0.15496E+04   -0.13203E+00    1
    0.40060E+04    0.15496E+04   -0.13193E+00    1
    0.40160E+04    0.15496E+04   -0.13185E+00    1
    0.40260E+04    0.15496E+04   -0.13177E+00    1
    0.40360E+04    0.15496E+04   -0.13168E+00    1
    0.40460E+04    0.15496E+04   -0.13160E+00    1
    0.40560E+04    0.15496E+04   -0.13152E+00    1
    0.40659E+04    0.15496E+04   -0.13143E+00    1
    0.40759E+04    0.15496E+04   -0.13135E+00    1
    0.40859E+04    0.15496E+04   -0.13126E+00    1
    0.40959E+04    0.15496E+04   -0.13118E+00    1
    0.41059E+04    0.15496E+04   -0.13110E+00    1
    0.41159E+04    0.15496E+04   -0.13101E+00    1
    0.41259E+04    0.15496E+04   -0.13093E+00    1
    0.41359E+04    0.15496E+04   -0.13085E+00    1
    0.41459E+04    0.15496E+04   -0.13076E+00    1
    0.41559E+04    0.15496E+04   -0.13068E+00    1
    0.41658E+04    0.15496E+04   -0.13059E+00    1
    0.41758E+04    0.15496E+04   -0.13051E+00    1
    0.41858E+04    0.15496E+04   -0.13043E+00    1
    0.41958E+04    0.15496E+04   -0.13034E+00    1
    0.42058E+04    0.15496E+04   -0.13026E+00    1
    0.42158E+04    0.15496E+04   -0.13018E+00    1
    0.42258E+04    0.15496E+04   -0.13009E+00    1
    0.42358E+04    0.15496E+04   -0.13001E+00    1
    0.42458E+04    0.15496E+04   -0.12992E+00    1
    0.42558E+04    0.15496E+04   -0.12985E+00    1
    0.42657E+04    0.15496E+04   -0.12978E+00    1
    0.42757E+04    0.15496E+04   -0.12971E+00    1
    0.42857E+04    0.15496E+04   -0.12964E+00    1
    0.42957E+04    0.15496E+04   -0.12956E+00    1
    0.43057E+04    0.15496E+04   -0.12949E+00    1
    0.43157E+04    0.15496E+04   -0.12942E+00    1
    0.43257E+04    0.15496E+04   -0.12935E+00    1
    0.43357E+04    0.15496E+04   -0.12928E+00    1
    0.43457E+04    0.15496E+04   -0.12921E+00    1
    0.43557E+04    0.15496E+04   -0.12914E+00    1
    0.43656E+04    0.15496E+04   -0.12907E+00    1
    0.43756E+04    0.15496E+04   -0.12899E+00    1
    0.43856E+04    0.15496E+04   -0.12892E+00    1
    0.43956E+04    0.15496E+04   -0.12885E+00    1
    0.44056E+04    0.15496E+04   -0.12878E+00    1
    0.44156E+04    0.15496E+04   -0.12871E+00    1
    0.44256E+04    0.15496E+04   -0.12864E+00    1
    0.44356E+04    0.15496E+04   -0.12857E+00    1
    0.44456E+04    0.15496E+04   -0.12850E+00    1
    0.44556E+04    0.15496E+04   -0.12842E+00    1
    0.44655E+04    0.15496E+04   -0.12835E+00    1
    0.44755E+04    0.15496E+04   -0.12828E+00    1
    0.44855E+04    0.15496E+04   -0.12821E+00    1
    0.44955E+04    0.15496E+04   -0.12814E+00    1
    0.45055E+04    0.15496E+04   -0.12816E+00    1
    0.45155E+04    0.15496E+04   -0.12815E+00    1
    0.45255E+04    0.15496E+04   -0.12814E+00    1
    0.45355E+04    0.15496E+04   -0.12812E+00    1
    0.45455E+04    0.15496E+04   -0.12811E+00    1
    0.45554E+04    0.15496E+04   -0.12810E+00    1
    0.45654E+04    0.15496E+04   -0.12809E+00    1
    0.45754E+04    0.15496E+04   -0.12808E+00    1
    0.45854E+04    0.15496E+04   -0.12806E+00    1
    0.45954E+04    0.15496E+04   -0.12805E+00    1
    0.46054E+04    0.15496E+04   -0.12804E+00    1
    0.46154E+04    0.15496E+04   -0.12803E+00    1
    0.46254E+04    0.15496E+04   -0.12801E+00    1
    0.46354E+04    0.15496E+04   -0.12800E+00    1
    0.46454E+04    0.15496E+04   -0.12799E+00    1
    0.46554E+04    0.15496E+04   -0.12798E+00    1
    0.46653E+04    0.15496E+04   -0.12797E+00    1
    0.46753E+04    0.15496E+04   -0.12795E+00    1
    0.46853E+04    0.15496E+04   -0.12794E+00    1
    0.46953E+04    0.15496E+04   -0.12793E+00    1
    0.47053E+04    0.15496E+04   -0.12792E+00    1
    0.47153E+04    0.15496E+04   -0.12791E+00    1
    0.47253E+04    0.15496E+04   -0.12789E+00    1
    0.47353E+04    0.15496E+04   -0.12788E+00    1
    0.47453E+04    0.15496E+04   -0.12787E+00    1
    0.47552E+04    0.15496E+04   -0.12787E+00    1
    0.47652E+04    0.15496E+04   -0.12787E+00    1
    0.47752E+04    0.15496E+04   -0.12787E+00    1
    0.47852E+04    0.15496E+04   -0.12788E+00    1
    0.47952E+04    0.15496E+04   -0.12788E+00    1
    0.48052E+04    0.15496E+04   -0.12788E+00    1
    0.48152E+04    0.15496E+04   -0.12789E+00    1
    0.48252E+04    0.15496E+04   -0.12789E+00    1
    0.48352E+04    0.15496E+04   -0.12789E+00    1
    0.48452E+04    0.15496E+04   -0.12789E+00    1
    0.48552E+04    0.15496E+04   -0.12790E+00    1
    0.48651E+04    0.15496E+04   -0.12790E+00    1
    0.48751E+04    0.15496E+04   -0.12790E+00    1
    0.48851E+04    0.15496E+04   -0.12791E+00    1
    0.48951E+04    0.15496E+04   -0.12791E+00    1
    0.49051E+04    0.15496E+04   -0.12791E+00    1
    0.49151E+04    0.15496E+04   -0.12792E+00    1
    0.49251E+04    0.15496E+04   -0.12792E+00    1
    0.49351E+04    0.15496E+04   -0.12792E+00    1
    0.49451E+04    0.15496E+04   -0.12792E+00    1
    0.49551E+04    0.15496E+04   -0.12793E+00    1
    0.49650E+04    0.15496E+04   -0.12793E+00    1
    0.49750E+04    0.15496E+04   -0.12793E+00    1
    0.49850E+04    0.15496E+04   -0.12794E+00    1
    0.49950E+04    0.15496E+04   -0.12794E+00    1
    0.50050E+04    0.15496E+04   -0.12791E+00    1
    0.50150E+04    0.15496E+04   -0.12791E+00    1
    0.50250E+04    0.15496E+04   -0.12792E+00    1
    0.50350E+04    0.15496E+04   -0.12792E+00    1
    0.50450E+04    0.15496E+04   -0.12793E+00    1
    0.50549E+04    0.15496E+04   -0.12793E+00    1
    0.50649E+04    0.15496E+04   -0.12794E+00    1
    0.50749E+04    0.15496E+04   -0.12794E+00    1
    0.50849E+04    0.15496E+04   -0.12794E+00    1
    0.50949E+04    0.15496E+04   -0.12795E+00    1
    0.51049E+04    0.15496E+04   -0.12795E+00    1
    0.51149E+04    0.15496E+04   -0.12796E+00    1
    0.51249E+04    0.15496E+04   -0.12796E+00    1
    0.51349E+04    0.15496E+04   -0.12797E+00    1
    0.51449E+04    0.15496E+04   -0.12797E+00    1
    0.51549E+04    0.15496E+04   -0.12797E+00    1
    0.51648E+04    0.15496E+04   -0.12798E+00    1
    0.51748E+04    0.15496E+04   -0.12798E+00    1
    0.51848E+04    0.15496E+04   -0.12799E+00    1
    0.51948E+04    0.15496E+04   -0.12799E+00    1
    0.52048E+04    0.15496E+04   -0.12800E+00    1
    0.52148E+04    0.15496E+04   -0.12800E+00    1
    0.52248E+04    0.15496E+04   -0.12800E+00    1
    0.52348E+04    0.15496E+04   -0.12801E+00    1
    0.52448E+04    0.15496E+04   -0.12801E+00    1
    0.52548E+04    0.15496E+04   -0.12801E+00    1
    0.52647E+04    0.15496E+04   -0.12801E+00    1
    0.52747E+04    0.15496E+04   -0.12801E+00    1
    0.52847E+04    0.15496E+04   -0.12800E+00    1
    0.52947E+04    0.15496E+04   -0.12800E+00    1
    0.53047E+04    0.15496E+04   -0.12800E+00    1
    0.53147E+04    0.15496E+04   -0.12799E+00    1
    0.53247E+04    0.15496E+04   -0.12799E+00    1
    0.53347E+04    0.15496E+04   -0.12799E+00    1
    0.53447E+04    0.15496E+04   -0.12799E+00    1
    0.53547E+04    0.15496E+04   -0.12798E+00    1
    0.53646E+04    0.15496E+04   -0.12798E+00    1
    0.53746E+04    0.15496E+04   -0.12798E+00    1
    0.53846E+04    0.15496E+04   -0.12797E+00    1
    0.53946E+04    0.15496E+04   -0.12797E+00    1
    0.54046E+04    0.15496E+04   -0.12797E+00    1
    0.54146E+04    0.15496E+04   -0.12797E+00    1
    0.54246E+04    0.15496E+04   -0.12796E+00    1
    0.54346E+04    0.15496E+04   -0.12796E+00    1
    0.54446E+04    0.15496E+04   -0.12796E+00    1
    0.54546E+04    0.15496E+04   -0.12795E+00    1
    0.54645E+04    0.15496E+04   -0.12795E+00    1
    0.54745E+04    0.15496E+04   -0.12795E+00    1
    0.54845E+04    0.15496E+04   -0.12795E+00    1
    0.54945E+04    0.15496E+04   -0.12794E+00    1
    0.55045E+04    0.15496E+04   -0.12788E+00    1
    0.55145E+04    0.15496E+04   -0.12788E+00    1
    0.55245E+04    0.15496E+04   -0.12788E+00    1
    0.55345E+04    0.15496E+04   -0.12788E+00    1
    0.55445E+04    0.15496E+04   -0.12788E+00    1
    0.55544E+04    0.15496E+04   -0.12788E+00    1
    0.55644E+04    0.15496E+04   -0.12787E+00    1
    0.55744E+04    0.15496E+04   -0.12787E+00    1
    0.55844E+04    0.15496E+04   -0.12787E+00    1
    0.55944E+04    0.15496E+04   -0.12787E+00    1
    0.56044E+04    0.15496E+04   -0.12787E+00    1
    0.56144E+04    0.15496E+04   -0.12787E+00    1
    0.56244E+04    0.15496E+04   -0.12787E+00    1
    0.56344E+04    0.15496E+04   -0.12787E+00    1
    0.56444E+04    0.15496E+04   -0.12787E+00    1
    0.56544E+04    0.15496E+04   -0.12786E+00    1
    0.56643E+04    0.15496E+04   -0.12786E+00    1
    0.56743E+04    0.15496E+04   -0.12786E+00    1
    0.56843E+04    0.15496E+04   -0.12786E+00    1
    0.56943E+04    0.15496E+04   -0.12786E+00    1
    0.57043E+04    0.15496E+04   -0.12786E+00    1
    0.57143E+04    0.15496E+04   -0.12786E+00    1
    0.57243E+04    0.15496E+04   -0.12786E+00    1
    0.57343E+04    0.15496E+04   -0.12786E+00    1
    0.57443E+04    0.15496E+04   -0.12785E+00    1
    0.57542E+04    0.15496E+04   -0.12785E+00    1
    0.57642E+04    0.15496E+04   -0.12786E+00    1
    0.57742E+04    0.15496E+04   -0.12786E+00    1
    0.57842E+04    0.15496E+04   -0.12786E+00    1
    0.57942E+04    0.15496E+04   -0.12786E+00    1
    0.58042E+04    0.15496E+04   -0.12786E+00    1
    0.58142E+04    0.15496E+04   -0.12786E+00    1
    0.58242E+04    0.15496E+04   -0.12786E+00    1
    0.58342E+04    0.15496E+04   -0.12786E+00    1
    0.58442E+04    0.15496E+04   -0.12786E+00    1
    0.58542E+04    0.15496E+04   -0.12786E+00    1
    0.58641E+04    0.15496E+04   -0.12787E+00    1
    0.58741E+04    0.15496E+04   -0.12787E+00    1
    0.58841E+04    0.15496E+04   -0.12787E+00    1
    0.58941E+04    0.15496E+04   -0.12787E+00    1
    0.59041E+04    0.15496E+04   -0.12787E+00    1
    0.59141E+04    0.15496E+04   -0.12787E+00    1
    0.59241E+04    0.15496E+04   -0.12787E+00    1
    0.59341E+04    0.15496E+04   -0.12787E+00    1
    0.59441E+04    0.15496E+04   -0.12787E+00    1
    0.59541E+04    0.15496E+04   -0.12788E+00    1
    0.59640E+04    0.15496E+04   -0.12788E+00    1
    0.59740E+04    0.15496E+04   -0.12788E+00    1
    0.59840E+04    0.15496E+04   -0.12788E+00    1
    0.59940E+04    0.15496E+04   -0.12788E+00    1
    0.60040E+04    0.15496E+04   -0.12798E+00    1
    0.60140E+04    0.15496E+04   -0.12790E+00    1
    0.60240E+04    0.15496E+04   -0.12790E+00    1
    0.60340E+04    0.15496E+04   -0.12791E+00    1
    0.60440E+04    0.15496E+04   -0.12791E+00    1
    0.60539E+04    0.15496E+04   -0.12791E+00    1
    0.60639E+04    0.15496E+04   -0.12791E+00    1
    0.60739E+04    0.15496E+04   -0.12791E+00    1
    0.60839E+04    0.15496E+04   -0.12791E+00    1
    0.60939E+04    0.15496E+04   -0.12791E+00    1
    0.61039E+04    0.15496E+04   -0.12792E+00    1
    0.61139E+04    0.15496E+04   -0.12792E+00    1
    0.61239E+04    0.15496E+04   -0.12792E+00    1
    0.61339E+04    0.15496E+04   -0.12792E+00    1
    0.61439E+04    0.15496E+04   -0.12792E+00    1
    0.61539E+04    0.15496E+04   -0.12792E+00    1
    0.61638E+04    0.15496E+04   -0.12792E+00    1
    0.61738E+04    0.15496E+04   -0.12793E+00    1
    0.61838E+04    0.15496E+04   -0.12793E+00    1
    0.61938E+04    0.15496E+04   -0.12793E+00    1
    0.62038E+04    0.15496E+04   -0.12793E+00    1
    0.62138E+04    0.15496E+04   -0.12793E+00    1
    0.62238E+04    0.15496E+04   -0.12793E+00    1
    0.62338E+04    0.15496E+04   -0.12793E+00    1
    0.62438E+04    0.15496E+04   -0.12794E+00    1
    0.62538E+04    0.15496E+04   -0.12794E+00    1
    0.62637E+04    0.15496E+04   -0.12794E+00    1
    0.62737E+04    0.15496E+04   -0.12794E+00    1
    0.62837E+04    0.15496E+04   -0.12795E+00    1
    0.62937E+04    0.15496E+04   -0.12795E+00    1
    0.63037E+04    0.15496E+04   -0.12796E+00    1
    0.63137E+04    0.15496E+04   -0.12796E+00    1
    0.63237E+04    0.15496E+04   -0.12796E+00    1
    0.63337E+04    0.15496E+04   -0.12797E+00    1
    0.63437E+04    0.15496E+04   -0.12797E+00    1
    0.63537E+04    0.15496E+04   -0.12798E+00    1
    0.63636E+04    0.15496E+04   -0.12798E+00    1
    0.63736E+04    0.15496E+04   -0.12798E+00    1
    0.63836E+04    0.15496E+04   -0.12799E+00    1
    0.63936E+04    0.15496E+04   -0.12799E+00    1
    0.64036E+04    0.15496E+04   -0.12799E+00    1
    0.64136E+04    0.15496E+04   -0.12800E+00    1
    0.64236E+04    0.15496E+04   -0.12800E+00    1
    0.64336E+04    0.15496E+04   -0.12801E+00    1
    0.64436E+04    0.15496E+04   -0.12801E+00    1
    0.64536E+04    0.15496E+04   -0.12801E+00    1
    0.64635E+04    0.15496E+04   -0.12802E+00    1
    0.64735E+04    0.15496E+04   -0.12802E+00    1
    0.64835E+04    0.15496E+04   -0.12803E+00    1
    0.64935E+04    0.15496E+04   -0.12803E+00    1
    0.65035E+04    0.15496E+04   -0.12805E+00    1
    0.65135E+04    0.15496E+04   -0.12805E+00    1
    0.65235E+04    0.15496E+04   -0.12806E+00    1
    0.65335E+04    0.15496E+04   -0.12806E+00    1
    0.65435E+04    0.15496E+04   -0.12806E+00    1
    0.65534E+04    0.15496E+04   -0.12807E+00    1
    0.65634E+04    0.15496E+04   -0.12807E+00    1
    0.65734E+04    0.15496E+04   -0.12808E+00    1
    0.65834E+04    0.15496E+04   -0.12808E+00    1
    0.65934E+04    0.15496E+04   -0.12809E+00    1
    0.66034E+04    0.15496E+04   -0.12809E+00    1
    0.66134E+04    0.15496E+04   -0.12810E+00    1
    0.66234E+04    0.15496E+04   -0.12810E+00    1
    0.66334E+04    0.15496E+04   -0.12810E+00    1
    0.66434E+04    0.15496E+04   -0.12811E+00    1
    0.66534E+04    0.15496E+04   -0.12811E+00    1
    0.66633E+04    0.15496E+04   -0.12812E+00    1
    0.66733E+04    0.15496E+04   -0.12812E+00    1
    0.66833E+04    0.15496E+04   -0.12813E+00    1
    0.66933E+04    0.15496E+04   -0.12813E+00    1
    0.67033E+04    0.15496E+04   -0.12814E+00    1
    0.67133E+04    0.15496E+04   -0.12814E+00    1
    0.67233E+04    0.15496E+04   -0.12814E+00    1
    0.67333E+04    0.15496E+04   -0.12815E+00    1
    0.67433E+04    0.15496E+04   -0.12815E+00    1
    0.67532E+04    0.15496E+04   -0.12816E+00    1
    0.67632E+04    0.15496E+04   -0.12815E+00    1
    0.67732E+04    0.15496E+04   -0.12815E+00    1
    0.67832E+04    0.15496E+04   -0.12815E+00    1
    0.67932E+04    0.15496E+04   -0.12814E+00    1
    0.68032E+04    0.15496E+04   -0.12814E+00    1
    0.68132E+04    0.15496E+04   -0.12814E+00    1
    0.68232E+04    0.15496E+04   -0.12814E+00    1
    0.68332E+04    0.15496E+04   -0.12813E+00    1
    0.68432E+04    0.15496E+04   -0.12813E+00    1
    0.68532E+04    0.15496E+04   -0.12813E+00    1
    0.68631E+04    0.15496E+04   -0.12813E+00    1
    0.68731E+04    0.15496E+04   -0.12812E+00    1
    0.68831E+04    0.15496E+04   -0.12812E+00    1
    0.68931E+04    0.15496E+04   -0.12812E+00    1
    0.69031E+04    0.15496E+04   -0.12811E+00    1
    0.69131E+04    0.15496E+04   -0.12811E+00    1
    0.69231E+04    0.15496E+04   -0.12811E+00    1
    0.69331E+04    0.15496E+04   -0.12811E+00    1
    0.69431E+04    0.15496E+04   -0.12810E+00    1
    0.69531E+04    0.15496E+04   -0.12810E+00    1
    0.69630E+04    0.15496E+04   -0.12810E+00    1
    0.69730E+04    0.15496E+04   -0.12810E+00    1
    0.69830E+04    0.15496E+04   -0.12809E+00    1
    0.69930E+04    0.15496E+04   -0.12809E+00    1
    0.70030E+04    0.15496E+04   -0.12808E+00    1
    0.70130E+04    0.15496E+04   -0.12807E+00    1
    0.70230E+04    0.15496E+04   -0.12806E+00    1
    0.70330E+04    0.15496E+04   -0.12806E+00    1
    0.70430E+04    0.15496E+04   -0.12805E+00    1
    0.70529E+04    0.15496E+04   -0.12804E+00    1
    0.70629E+04    0.15496E+04   -0.12803E+00    1
    0.70729E+04    0.15496E+04   -0.12802E+00    1
    0.70829E+04    0.15496E+04   -0.12802E+00    1
    0.70929E+04    0.15496E+04   -0.12801E+00    1
    0.71029E+04    0.15496E+04   -0.12800E+00    1
    0.71129E+04    0.15496E+04   -0.12799E+00    1
    0.71229E+04    0.15496E+04   -0.12799E+00    1
    0.71329E+04    0.15496E+04   -0.12798E+00    1
    0.71429E+04    0.15496E+04   -0.12797E+00    1
    0.71529E+04    0.15496E+04   -0.12796E+00    1
    0.71628E+04    0.15496E+04   -0.12796E+00    1
    0.71728E+04    0.15496E+04   -0.12795E+00    1
    0.71828E+04    0.15496E+04   -0.12794E+00    1
    0.71928E+04    0.15496E+04   -0.12793E+00    1
    0.72028E+04    0.15496E+04   -0.12793E+00    1
    0.72128E+04    0.15496E+04   -0.12792E+00    1
    0.72228E+04    0.15496E+04   -0.12791E+00    1
    0.72328E+04    0.15496E+04   -0.12790E+00    1
    0.72428E+04    0.15496E+04   -0.12790E+00    1
    0.72528E+04    0.15496E+04   -0.12789E+00    1
    0.72627E+04    0.15496E+04   -0.12789E+00    1
    0.72727E+04    0.15496E+04   -0.12790E+00    1
    0.72827E+04    0.15496E+04   -0.12790E+00    1
    0.72927E+04    0.15496E+04   -0.12790E+00    1
    0.73027E+04    0.15496E+04   -0.12791E+00    1
    0.73127E+04    0.15496E+04   -0.12791E+00    1
    0.73227E+04    0.15496E+04   -0.12791E+00    1
    0.73327E+04    0.15496E+04   -0.12792E+00    1
    0.73427E+04    0.15496E+04   -0.12792E+00    1
    0.73527E+04    0.15496E+04   -0.12792E+00    1
    0.73626E+04    0.15496E+04   -0.12793E+00    1
    0.73726E+04    0.15496E+04   -0.12793E+00    1
    0.73826E+04    0.15496E+04   -0.12793E+00    1
    0.73926E+04    0.15496E+04   -0.12794E+00    1
    0.74026E+04    0.15496E+04   -0.12794E+00    1
    0.74126E+04    0.15496E+04   -0.12794E+00    1
    0.74226E+04    0.15496E+04   -0.12795E+00    1
    0.74326E+04    0.15496E+04   -0.12795E+00    1
    0.74426E+04    0.15496E+04   -0.12795E+00    1
    0.74526E+04    0.15496E+04   -0.12796E+00    1
    0.74625E+04    0.15496E+04   -0.12796E+00    1
    0.74725E+04    0.15496E+04   -0.12796E+00    1
    0.74825E+04    0.15496E+04   -0.12797E+00    1
    0.74925E+04    0.15496E+04   -0.12797E+00    1
    0.75025E+04    0.15496E+04   -0.12809E+00    1
    0.75125E+04    0.15496E+04   -0.12809E+00    1
    0.75225E+04    0.15496E+04   -0.12809E+00    1
    0.75325E+04    0.15496E+04   -0.12809E+00    1
    0.75425E+04    0.15496E+04   -0.12809E+00    1
    0.75524E+04    0.15496E+04   -0.12809E+00    1
    0.75624E+04    0.15496E+04   -0.12809E+00    1
    0.75724E+04    0.15496E+04   -0.12809E+00    1
    0.75824E+04    0.15496E+04   -0.12809E+00    1
    0.75924E+04    0.15496E+04   -0.12809E+00    1
    0.76024E+04    0.15496E+04   -0.12809E+00    1
    0.76124E+04    0.15496E+04   -0.12809E+00    1
    0.76224E+04    0.15496E+04   -0.12809E+00    1
    0.76324E+04    0.15496E+04   -0.12809E+00    1
    0.76424E+04    0.15496E+04   -0.12809E+00    1
    0.76524E+04    0.15496E+04   -0.12809E+00    1
    0.76623E+04    0.15496E+04   -0.12809E+00    1
    0.76723E+04    0.15496E+04   -0.12809E+00    1
    0.76823E+04    0.15496E+04   -0.12809E+00    1
    0.76923E+04    0.15496E+04   -0.12809E+00    1
    0.77023E+04    0.15496E+04   -0.12809E+00    1
    0.77123E+04    0.15496E+04   -0.12809E+00    1
    0.77223E+04    0.15496E+04   -0.12809E+00    1
    0.77323E+04    0.15496E+04   -0.12809E+00    1
    0.77423E+04    0.15496E+04   -0.12809E+00    1
    0.77522E+04    0.15496E+04   -0.12809E+00    1
    0.77622E+04    0.15496E+04   -0.12809E+00    1
    0.77722E+04    0.15496E+04   -0.12808E+00    1
    0.77822E+04    0.15496E+04   -0.12808E+00    1
    0.77922E+04    0.15496E+04   -0.12807E+00    1
    0.78022E+04    0.15496E+04   -0.12807E+00    1
    0.78122E+04    0.15496E+04   -0.12807E+00    1
    0.78222E+04    0.15496E+04   -0.12806E+00    1
    0.78322E+04    0.15496E+04   -0.12806E+00    1
    0.78422E+04    0.15496E+04   -0.12805E+00    1
    0.78522E+04    0.15496E+04   -0.12805E+00    1
    0.78621E+04    0.15496E+04   -0.12805E+00    1
    0.78721E+04    0.15496E+04   -0.12804E+00    1
    0.78821E+04    0.15496E+04   -0.12804E+00    1
    0.78921E+04    0.15496E+04   -0.12803E+00    1
    0.79021E+04    0.15496E+04   -0.12803E+00    1
    0.79121E+04    0.15496E+04   -0.12803E+00    1
    0.79221E+04    0.15496E+04   -0.12802E+00    1
    0.79321E+04    0.15496E+04   -0.12802E+00    1
    0.79421E+04    0.15496E+04   -0.12801E+00    1
    0.79521E+04    0.15496E+04   -0.12801E+00    1
    0.79620E+04    0.15496E+04   -0.12801E+00    1
    0.79720E+04    0.15496E+04   -0.12800E+00    1
    0.79820E+04    0.15496E+04   -0.12800E+00    1
    0.79920E+04    0.15496E+04   -0.12799E+00    1
    0.80020E+04    0.15496E+04   -0.12796E+00    1
    0.80120E+04    0.15496E+04   -0.12791E+00    1
    0.80220E+04    0.15496E+04   -0.12791E+00    1
    0.80320E+04    0.15496E+04   -0.12791E+00    1
    0.80420E+04    0.15496E+04   -0.12791E+00    1
    0.80519E+04    0.15496E+04   -0.12791E+00    1
    0.80619E+04    0.15496E+04   -0.12791E+00    1
    0.80719E+04    0.15496E+04   -0.12791E+00    1
    0.80819E+04    0.15496E+04   -0.12791E+00    1
    0.80919E+04    0.15496E+04   -0.12791E+00    1
    0.81019E+04    0.15496E+04   -0.12791E+00    1
    0.81119E+04    0.15496E+04   -0.12791E+00    1
    0.81219E+04    0.15496E+04   -0.12791E+00    1
    0.81319E+04    0.15496E+04   -0.12791E+00    1
    0.81419E+04    0.15496E+04   -0.12791E+00    1
    0.81519E+04    0.15496E+04   -0.12791E+00    1
    0.81618E+04    0.15496E+04   -0.12791E+00    1
    0.81718E+04    0.15496E+04   -0.12791E+00    1
    0.81818E+04    0.15496E+04   -0.12791E+00    1
    0.81918E+04    0.15496E+04   -0.12791E+00    1
    0.82018E+04    0.15496E+04   -0.12791E+00    1
    0.82118E+04    0.15496E+04   -0.12791E+00    1
    0.82218E+04    0.15496E+04   -0.12791E+00    1
    0.82318E+04    0.15496E+04   -0.12791E+00    1
    0.82418E+04    0.15496E+04   -0.12790E+00    1
    0.82518E+04    0.15496E+04   -0.12790E+00    1
    0.82617E+04    0.15496E+04   -0.12791E+00    1
    0.82717E+04    0.15496E+04   -0.12791E+00    1
    0.82817E+04    0.15496E+04   -0.12791E+00    1
    0.82917E+04    0.15496E+04   -0.12791E+00    1
    0.83017E+04    0.15496E+04   -0.12791E+00    1
    0.83117E+04    0.15496E+04   -0.12792E+00    1
    0.83217E+04    0.15496E+04   -0.12792E+00    1
    0.83317E+04    0.15496E+04   -0.12792E+00    1
    0.83417E+04    0.15496E+04   -0.12792E+00    1
    0.83516E+04    0.15496E+04   -0.12793E+00    1
    0.83616E+04    0.15496E+04   -0.12793E+00    1
    0.83716E+04    0.15496E+04   -0.12793E+00    1
    0.83816E+04    0.15496E+04   -0.12793E+00    1
    0.83916E+04    0.15496E+04   -0.12793E+00    1
    0.84016E+04    0.15496E+04   -0.12794E+00    1
    0.84116E+04    0.15496E+04   -0.12794E+00    1
    0.84216E+04    0.15496E+04   -0.12794E+00    1
    0.84316E+04    0.15496E+04   -0.12794E+00    1
    0.84416E+04    0.15496E+04   -0.12795E+00    1
    0.84515E+04    0.15496E+04   -0.12795E+00    1
    0.84615E+04    0.15496E+04   -0.12795E+00    1
    0.84715E+04    0.15496E+04   -0.12795E+00    1
    0.84815E+04    0.15496E+04   -0.12795E+00    1
    0.84915E+04    0.15496E+04   -0.12796E+00    1
    0.85015E+04    0.15496E+04   -0.12797E+00    1
    0.85115E+04    0.15496E+04   -0.12798E+00    1
    0.85215E+04    0.15496E+04   -0.12798E+00    1
    0.85315E+04    0.15496E+04   -0.12798E+00    1
    0.85415E+04    0.15496E+04   -0.12799E+00    1
    0.85515E+04    0.15496E+04   -0.12799E+00    1
    0.85614E+04    0.15496E+04   -0.12799E+00    1
    0.85714E+04    0.15496E+04   -0.12799E+00    1
    0.85814E+04    0.15496E+04   -0.12800E+00    1
    0.85914E+04    0.15496E+04   -0.12800E+00    1
    0.86014E+04    0.15496E+04   -0.12800E+00    1
    0.86114E+04    0.15496E+04   -0.12801E+00    1
    0.86214E+04    0.15496E+04   -0.12801E+00    1
    0.86314E+04    0.15496E+04   -0.12801E+00    1
    0.86414E+04    0.15496E+04   -0.12801E+00    1
    0.86514E+04    0.15496E+04   -0.12802E+00    1
    0.86613E+04    0.15496E+04   -0.12802E+00    1
    0.86713E+04    0.15496E+04   -0.12802E+00    1
    0.86813E+04    0.15496E+04   -0.12803E+00    1
    0.86913E+04    0.15496E+04   -0.12803E+00    1
    0.87013E+04    0.15496E+04   -0.12803E+00    1
    0.87113E+04    0.15496E+04   -0.12803E+00    1
    0.87213E+04    0.15496E+04   -0.12804E+00    1
    0.87313E+04    0.15496E+04   -0.12804E+00    1
    0.87413E+04    0.15496E+04   -0.12804E+00    1
    0.87512E+04    0.15496E+04   -0.12805E+00    1
    0.87612E+04    0.15496E+04   -0.12804E+00    1
    0.87712E+04    0.15496E+04   -0.12804E+00    1
    0.87812E+04    0.15496E+04   -0.12804E+00    1
    0.87912E+04    0.15496E+04   -0.12804E+00    1
    0.88012E+04    0.15496E+04   -0.12804E+00    1
    0.88112E+04    0.15496E+04   -0.12804E+00    1
    0.88212E+04    0.15496E+04   -0.12804E+00    1
    0.88312E+04    0.15496E+04   -0.12804E+00    1
    0.88412E+04    0.15496E+04   -0.12804E+00    1
    0.88511E+04    0.15496E+04   -0.12804E+00    1
    0.88611E+04    0.15496E+04   -0.12803E+00    1
    0.88711E+04    0.15496E+04   -0.12803E+00    1
    0.88811E+04    0.15496E+04   -0.12803E+00    1
    0.88911E+04    0.15496E+04   -0.12803E+00    1
    0.89011E+04    0.15496E+04   -0.12803E+00    1
    0.89111E+04    0.15496E+04   -0.12803E+00    1
    0.89211E+04    0.15496E+04   -0.12803E+00    1
    0.89311E+04    0.15496E+04   -0.12803E+00    1
    0.89411E+04    0.15496E+04   -0.12803E+00    1
    0.89511E+04    0.15496E+04   -0.12803E+00    1
    0.89610E+04    0.15496E+04   -0.12802E+00    1
    0.89710E+04    0.15496E+04   -0.12802E+00    1
    0.89810E+04    0.15496E+04   -0.12802E+00    1
    0.89910E+04    0.15496E+04   -0.12802E+00    1
    0.90010E+04    0.15496E+04   -0.12796E+00    1
    0.90110E+04    0.15496E+04   -0.12806E+00    1
    0.90210E+04    0.15496E+04   -0.12804E+00    1
    0.90310E+04    0.15496E+04   -0.12803E+00    1
    0.90410E+04    0.15496E+04   -0.12801E+00    1
    0.90510E+04    0.15496E+04   -0.12799E+00    1
    0.90609E+04    0.15496E+04   -0.12798E+00    1
    0.90709E+04    0.15496E+04   -0.12796E+00    1
    0.90809E+04    0.15496E+04   -0.12794E+00    1
    0.90909E+04    0.15496E+04   -0.12793E+00    1
    0.91009E+04    0.15496E+04   -0.12791E+00    1
    0.91109E+04    0.15496E+04   -0.12789E+00    1
    0.91209E+04    0.15496E+04   -0.12788E+00    1
    0.91309E+04    0.15496E+04   -0.12786E+00    1
    0.91409E+04    0.15496E+04   -0.12784E+00    1
    0.91509E+04    0.15496E+04   -0.12782E+00    1
    0.91608E+04    0.15496E+04   -0.12781E+00    1
    0.91708E+04    0.15496E+04   -0.12779E+00    1
    0.91808E+04    0.15496E+04   -0.12777E+00    1
    0.91908E+04    0.15496E+04   -0.12776E+00    1
    0.92008E+04    0.15496E+04   -0.12774E+00    1
    0.92108E+04    0.15496E+04   -0.12772E+00    1
    0.92208E+04    0.15496E+04   -0.12771E+00    1
    0.92308E+04    0.15496E+04   -0.12769E+00    1
    0.92408E+04    0.15496E+04   -0.12767E+00    1
    0.92508E+04    0.15496E+04   -0.12766E+00    1
    0.92607E+04    0.15496E+04   -0.12764E+00    1
    0.92707E+04    0.15496E+04   -0.12762E+00    1
    0.92807E+04    0.15496E+04   -0.12760E+00    1
    0.92907E+04    0.15496E+04   -0.12758E+00    1
    0.93007E+04    0.15496E+04   -0.12756E+00    1
    0.93107E+04    0.15496E+04   -0.12754E+00    1
    0.93207E+04    0.15496E+04   -0.12752E+00    1
    0.93307E+04    0.15496E+04   -0.12750E+00    1
    0.93407E+04    0.15496E+04   -0.12748E+00    1
    0.93506E+04    0.15496E+04   -0.12747E+00    1
    0.93606E+04    0.15496E+04   -0.12745E+00    1
    0.93706E+04    0.15496E+04   -0.12743E+00    1
    0.93806E+04    0.15496E+04   -0.12741E+00    1
    0.93906E+04    0.15496E+04   -0.12739E+00    1
    0.94006E+04    0.15496E+04   -0.12737E+00    1
    0.94106E+04    0.15496E+04   -0.12735E+00    1
    0.94206E+04    0.15496E+04   -0.12733E+00    1
    0.94306E+04    0.15496E+04   -0.12731E+00    1
    0.94406E+04    0.15496E+04   -0.12729E+00    1
    0.94506E+04    0.15496E+04   -0.12728E+00    1
    0.94605E+04    0.15496E+04   -0.12726E+00    1
    0.94705E+04    0.15496E+04   -0.12724E+00    1
    0.94805E+04    0.15496E+04   -0.12722E+00    1
    0.94905E+04    0.15496E+04   -0.12720E+00    1
    0.95005E+04    0.15496E+04   -0.12715E+00    1
    0.95105E+04    0.15496E+04   -0.12706E+00    1
    0.95205E+04    0.15496E+04   -0.12706E+00    1
    0.95305E+04    0.15496E+04   -0.12706E+00    1
    0.95405E+04    0.15496E+04   -0.12706E+00    1
    0.95505E+04    0.15496E+04   -0.12706E+00    1
    0.95604E+04    0.15496E+04   -0.12706E+00    1
    0.95704E+04    0.15496E+04   -0.12707E+00    1
    0.95804E+04    0.15496E+04   -0.12707E+00    1
    0.95904E+04    0.15496E+04   -0.12707E+00    1
    0.96004E+04    0.15496E+04   -0.12707E+00    1
    0.96104E+04    0.15496E+04   -0.12707E+00    1
    0.96204E+04    0.15496E+04   -0.12708E+00    1
    0.96304E+04    0.15496E+04   -0.12708E+00    1
    0.96404E+04    0.15496E+04   -0.12708E+00    1
    0.96504E+04    0.15496E+04   -0.12708E+00    1
    0.96603E+04    0.15496E+04   -0.12708E+00    1
    0.96703E+04    0.15496E+04   -0.12709E+00    1
    0.96803E+04    0.15496E+04   -0.12709E+00    1
    0.96903E+04    0.15496E+04   -0.12709E+00    1
    0.97003E+04    0.15496E+04   -0.12709E+00    1
    0.97103E+04    0.15496E+04   -0.12709E+00    1
    0.97203E+04    0.15496E+04   -0.12710E+00    1
    0.97303E+04    0.15496E+04   -0.12710E+00    1
    0.97403E+04    0.15496E+04   -0.12710E+00    1
    0.97502E+04    0.15496E+04   -0.12710E+00    1
    0.97602E+04    0.15496E+04   -0.12712E+00    1
    0.97702E+04    0.15496E+04   -0.12713E+00    1
    0.97802E+04    0.15496E+04   -0.12714E+00    1
    0.97902E+04    0.15496E+04   -0.12715E+00    1
    0.98002E+04    0.15496E+04   -0.12716E+00    1
    0.98102E+04    0.15496E+04   -0.12717E+00    1
    0.98202E+04    0.15496E+04   -0.12719E+00    1
    0.98302E+04    0.15496E+04   -0.12720E+00    1
    0.98402E+04    0.15496E+04   -0.12721E+00    1
    0.98501E+04    0.15496E+04   -0.12722E+00    1
    0.98601E+04    0.15496E+04   -0.12723E+00    1
    0.98701E+04    0.15496E+04   -0.12724E+00    1
    0.98801E+04    0.15496E+04   -0.12726E+00    1
    0.98901E+04    0.15496E+04   -0.12727E+00    1
    0.99001E+04    0.15496E+04   -0.12728E+00    1
    0.99101E+04    0.15496E+04   -0.12729E+00    1
    0.99201E+04    0.15496E+04   -0.12730E+00    1
    0.99301E+04    0.15496E+04   -0.12731E+00    1
    0.99401E+04    0.15496E+04   -0.12732E+00    1
    0.99501E+04    0.15496E+04   -0.12734E+00    1
    0.99600E+04    0.15496E+04   -0.12735E+00    1
    0.99700E+04    0.15496E+04   -0.12736E+00    1
    0.99800E+04    0.15496E+04   -0.12737E+00    1
    0.99900E+04    0.15496E+04   -0.12738E+00    1
    0.10000E+05    0.15496E+04   -0.12733E+00    1
