 T =     0.31536E+13

          X              Y          COND*TMPy

    0.10000E+02    0.20390E+04   -0.18042E+02    1


    0.10000E+02    0.15496E+04   -0.34164E+02    1
    0.19990E+02    0.15496E+04   -0.34055E+02    1
    0.29980E+02    0.15496E+04   -0.34674E+02    1
    0.39970E+02    0.15496E+04   -0.34586E+02    1
    0.49960E+02    0.15496E+04   -0.34479E+02    1
    0.59950E+02    0.15496E+04   -0.34355E+02    1
    0.69940E+02    0.15496E+04   -0.34212E+02    1
    0.79930E+02    0.15496E+04   -0.34052E+02    1
    0.89920E+02    0.15496E+04   -0.33874E+02    1
    0.99910E+02    0.15496E+04   -0.30949E+02    1
    0.10990E+03    0.15496E+04   -0.24881E+02    1
    0.11989E+03    0.15496E+04   -0.18303E+02    1
    0.12988E+03    0.15496E+04   -0.13481E+02    1
    0.13987E+03    0.15496E+04   -0.13219E+02    1
    0.14986E+03    0.15496E+04   -0.12961E+02    1
    0.15985E+03    0.15496E+04   -0.12707E+02    1
    0.16984E+03    0.15496E+04   -0.12455E+02    1
    0.17983E+03    0.15496E+04   -0.12208E+02    1
    0.18982E+03    0.15496E+04   -0.11963E+02    1
    0.19981E+03    0.15496E+04   -0.12720E+02    1
    0.20980E+03    0.15496E+04   -0.12680E+02    1
    0.21979E+03    0.15496E+04   -0.12636E+02    1
    0.22978E+03    0.15496E+04   -0.12590E+02    1
    0.23977E+03    0.15496E+04   -0.12544E+02    1
    0.24976E+03    0.15496E+04   -0.12493E+02    1
    0.25975E+03    0.15496E+04   -0.12411E+02    1
    0.26974E+03    0.15496E+04   -0.12331E+02    1
    0.27973E+03    0.15496E+04   -0.12256E+02    1
    0.28972E+03    0.15496E+04   -0.12181E+02    1
    0.29971E+03    0.15496E+04   -0.12100E+02    1
    0.30970E+03    0.15496E+04   -0.12014E+02    1
    0.31969E+03    0.15496E+04   -0.11929E+02    1
    0.32968E+03    0.15496E+04   -0.11863E+02    1
    0.33967E+03    0.15496E+04   -0.11793E+02    1
    0.34966E+03    0.15496E+04   -0.11722E+02    1
    0.35965E+03    0.15496E+04   -0.11648E+02    1
    0.36964E+03    0.15496E+04   -0.11574E+02    1
    0.37963E+03    0.15496E+04   -0.11501E+02    1
    0.38962E+03    0.15496E+04   -0.11432E+02    1
    0.39961E+03    0.15496E+04   -0.11364E+02    1
    0.40960E+03    0.15496E+04   -0.11271E+02    1
    0.41959E+03    0.15496E+04   -0.11209E+02    1
    0.42958E+03    0.15496E+04   -0.11147E+02    1
    0.43957E+03    0.15496E+04   -0.11086E+02    1
    0.44956E+03    0.15496E+04   -0.11026E+02    1
    0.45955E+03    0.15496E+04   -0.10961E+02    1
    0.46954E+03    0.15496E+04   -0.10897E+02    1
    0.47953E+03    0.15496E+04   -0.10831E+02    1
    0.48952E+03    0.15496E+04   -0.10763E+02    1
    0.49951E+03    0.15496E+04   -0.10696E+02    1
    0.50950E+03    0.15496E+04   -0.10637E+02    1
    0.51949E+03    0.15496E+04   -0.10580E+02    1
    0.52948E+03    0.15496E+04   -0.10521E+02    1
    0.53947E+03    0.15496E+04   -0.10460E+02    1
    0.54946E+03    0.15496E+04   -0.10399E+02    1
    0.55945E+03    0.15496E+04   -0.10336E+02    1
    0.56944E+03    0.15496E+04   -0.10273E+02    1
    0.57943E+03    0.15496E+04   -0.10210E+02    1
    0.58942E+03    0.15496E+04   -0.10149E+02    1
    0.59941E+03    0.15496E+04   -0.10053E+02    1
    0.60940E+03    0.15496E+04   -0.99849E+01    1
    0.61939E+03    0.15496E+04   -0.99175E+01    1
    0.62938E+03    0.15496E+04   -0.99445E+01    1
    0.63937E+03    0.15496E+04   -0.98899E+01    1
    0.64936E+03    0.15496E+04   -0.98360E+01    1
    0.65935E+03    0.15496E+04   -0.97864E+01    1
    0.66934E+03    0.15496E+04   -0.97376E+01    1
    0.67933E+03    0.15496E+04   -0.96707E+01    1
    0.68932E+03    0.15496E+04   -0.95854E+01    1
    0.69931E+03    0.15496E+04   -0.95026E+01    1
    0.70930E+03    0.15496E+04   -0.94567E+01    1
    0.71929E+03    0.15496E+04   -0.94113E+01    1
    0.72928E+03    0.15496E+04   -0.93663E+01    1
    0.73927E+03    0.15496E+04   -0.93261E+01    1
    0.74926E+03    0.15496E+04   -0.92846E+01    1
    0.75925E+03    0.15496E+04   -0.92137E+01    1
    0.76924E+03    0.15496E+04   -0.91439E+01    1
    0.77923E+03    0.15496E+04   -0.90751E+01    1
    0.78922E+03    0.15496E+04   -0.90502E+01    1
    0.79921E+03    0.15496E+04   -0.89825E+01    1
    0.80920E+03    0.15496E+04   -0.89320E+01    1
    0.81919E+03    0.15496E+04   -0.88822E+01    1
    0.82918E+03    0.15496E+04   -0.88631E+01    1
    0.83917E+03    0.15496E+04   -0.88453E+01    1
    0.84916E+03    0.15496E+04   -0.62781E+01    1
    0.85915E+03    0.15496E+04   -0.19485E+01    1
    0.86914E+03    0.15496E+04    0.12356E+01    1
    0.87913E+03    0.15496E+04    0.11693E+01    1
    0.88912E+03    0.15496E+04    0.11052E+01    1
    0.89911E+03    0.15496E+04    0.10440E+01    1
    0.90910E+03    0.15496E+04    0.83417E+00    1
    0.91909E+03    0.15496E+04    0.78438E+00    1
    0.92908E+03    0.15496E+04    0.91863E+00    1
    0.93907E+03    0.15496E+04    0.92335E+00    1
    0.94906E+03    0.15496E+04    0.92834E+00    1
    0.95905E+03    0.15496E+04    0.93360E+00    1
    0.96904E+03    0.15496E+04    0.93766E+00    1
    0.97903E+03    0.15496E+04    0.94184E+00    1
    0.98902E+03    0.15496E+04    0.93363E+00    1
    0.99901E+03    0.15496E+04    0.92830E+00    1
    0.10090E+04    0.15496E+04    0.92335E+00    1
    0.10190E+04    0.15496E+04    0.91803E+00    1
    0.10290E+04    0.15496E+04    0.90903E+00    1
    0.10390E+04    0.15496E+04    0.90039E+00    1
    0.10490E+04    0.15496E+04    0.89211E+00    1
    0.10590E+04    0.15496E+04    0.88910E+00    1
    0.10689E+04    0.15496E+04    0.88190E+00    1
    0.10789E+04    0.15496E+04    0.87568E+00    1
    0.10889E+04    0.15496E+04    0.86969E+00    1
    0.10989E+04    0.15496E+04    0.86384E+00    1
    0.11089E+04    0.15496E+04    0.85815E+00    1
    0.11189E+04    0.15496E+04    0.85395E+00    1
    0.11289E+04    0.15496E+04    0.85100E+00    1
    0.11389E+04    0.15496E+04    0.84819E+00    1
    0.11489E+04    0.15496E+04    0.84551E+00    1
    0.11589E+04    0.15496E+04    0.84297E+00    1
    0.11688E+04    0.15496E+04    0.84007E+00    1
    0.11788E+04    0.15496E+04    0.83167E+00    1
    0.11888E+04    0.15496E+04    0.83008E+00    1
    0.11988E+04    0.15496E+04    0.82968E+00    1
    0.12088E+04    0.15496E+04    0.82963E+00    1
    0.12188E+04    0.15496E+04    0.81959E+00    1
    0.12288E+04    0.15496E+04    0.82014E+00    1
    0.12388E+04    0.15496E+04    0.82077E+00    1
    0.12488E+04    0.15496E+04    0.82147E+00    1
    0.12588E+04    0.15496E+04    0.82778E+00    1
    0.12687E+04    0.15496E+04    0.82329E+00    1
    0.12787E+04    0.15496E+04    0.81891E+00    1
    0.12887E+04    0.15496E+04    0.81684E+00    1
    0.12987E+04    0.15496E+04    0.81699E+00    1
    0.13087E+04    0.15496E+04    0.81719E+00    1
    0.13187E+04    0.15496E+04    0.81743E+00    1
    0.13287E+04    0.15496E+04    0.81771E+00    1
    0.13387E+04    0.15496E+04    0.82087E+00    1
    0.13487E+04    0.15496E+04    0.82310E+00    1
    0.13587E+04    0.15496E+04    0.82548E+00    1
    0.13686E+04    0.15496E+04    0.82789E+00    1
    0.13786E+04    0.15496E+04    0.83142E+00    1
    0.13886E+04    0.15496E+04    0.83844E+00    1
    0.13986E+04    0.15496E+04    0.84546E+00    1
    0.14086E+04    0.15496E+04    0.85248E+00    1
    0.14186E+04    0.15496E+04    0.85949E+00    1
    0.14286E+04    0.15496E+04    0.86651E+00    1
    0.14386E+04    0.15496E+04    0.87351E+00    1
    0.14486E+04    0.15496E+04    0.88052E+00    1
    0.14585E+04    0.15496E+04    0.88753E+00    1
    0.14685E+04    0.15496E+04    0.91492E+00    1
    0.14785E+04    0.15496E+04    0.92389E+00    1
    0.14885E+04    0.15496E+04    0.93268E+00    1
    0.14985E+04    0.15496E+04    0.94145E+00    1
    0.15085E+04    0.15496E+04    0.95021E+00    1
    0.15185E+04    0.15496E+04    0.95781E+00    1
    0.15285E+04    0.15496E+04    0.97869E+00    1
    0.15385E+04    0.15496E+04    0.99551E+00    1
    0.15485E+04    0.15496E+04    0.10105E+01    1
    0.15585E+04    0.15496E+04    0.10311E+01    1
    0.15684E+04    0.15496E+04    0.10487E+01    1
    0.15784E+04    0.15496E+04    0.10672E+01    1
    0.15884E+04    0.15496E+04    0.10867E+01    1
    0.15984E+04    0.15496E+04    0.11062E+01    1
    0.16084E+04    0.15496E+04    0.11257E+01    1
    0.16184E+04    0.15496E+04    0.11451E+01    1
    0.16284E+04    0.15496E+04    0.11645E+01    1
    0.16384E+04    0.15496E+04    0.11838E+01    1
    0.16484E+04    0.15496E+04    0.12349E+01    1
    0.16584E+04    0.15496E+04    0.12230E+01    1
    0.16683E+04    0.15496E+04    0.12569E+01    1
    0.16783E+04    0.15496E+04    0.12907E+01    1
    0.16883E+04    0.15496E+04    0.13245E+01    1
    0.16983E+04    0.15496E+04    0.13582E+01    1
    0.17083E+04    0.15496E+04    0.14229E+01    1
    0.17183E+04    0.15496E+04    0.14591E+01    1
    0.17283E+04    0.15496E+04    0.14845E+01    1
    0.17383E+04    0.15496E+04    0.15298E+01    1
    0.17483E+04    0.15496E+04    0.15750E+01    1
    0.17582E+04    0.15496E+04    0.16200E+01    1
    0.17682E+04    0.15496E+04    0.16639E+01    1
    0.17782E+04    0.15496E+04    0.17309E+01    1
    0.17882E+04    0.15496E+04    0.17977E+01    1
    0.17982E+04    0.15496E+04    0.18641E+01    1
    0.18082E+04    0.15496E+04    0.19511E+01    1
    0.18182E+04    0.15496E+04    0.20418E+01    1
    0.18282E+04    0.15496E+04    0.22506E+01    1
    0.18382E+04    0.15496E+04    0.23420E+01    1
    0.18482E+04    0.15496E+04    0.24330E+01    1
    0.18582E+04    0.15496E+04    0.25238E+01    1
    0.18681E+04    0.15496E+04    0.26144E+01    1
    0.18781E+04    0.15496E+04    0.27300E+01    1
    0.18881E+04    0.15496E+04    0.29326E+01    1
    0.18981E+04    0.15496E+04    0.31337E+01    1
    0.19081E+04    0.15496E+04    0.33330E+01    1
    0.19181E+04    0.15496E+04    0.35304E+01    1
    0.19281E+04    0.15496E+04    0.37238E+01    1
    0.19381E+04    0.15496E+04    0.39144E+01    1
    0.19481E+04    0.15496E+04    0.41020E+01    1
    0.19580E+04    0.15496E+04    0.42864E+01    1
    0.19680E+04    0.15496E+04    0.44674E+01    1
    0.19780E+04    0.15496E+04    0.46448E+01    1
    0.19880E+04    0.15496E+04    0.48184E+01    1
    0.19980E+04    0.15496E+04    0.11814E+02    1
    0.20080E+04    0.15496E+04   -0.96939E-01    1
    0.20180E+04    0.15496E+04   -0.99086E-01    1
    0.20280E+04    0.15496E+04   -0.10123E+00    1
    0.20380E+04    0.15496E+04   -0.10338E+00    1
    0.20480E+04    0.15496E+04   -0.10552E+00    1
    0.20579E+04    0.15496E+04   -0.10767E+00    1
    0.20679E+04    0.15496E+04   -0.10982E+00    1
    0.20779E+04    0.15496E+04   -0.11196E+00    1
    0.20879E+04    0.15496E+04   -0.11411E+00    1
    0.20979E+04    0.15496E+04   -0.11626E+00    1
    0.21079E+04    0.15496E+04   -0.11840E+00    1
    0.21179E+04    0.15496E+04   -0.12055E+00    1
    0.21279E+04    0.15496E+04   -0.12262E+00    1
    0.21379E+04    0.15496E+04   -0.12416E+00    1
    0.21479E+04    0.15496E+04   -0.12570E+00    1
    0.21578E+04    0.15496E+04   -0.12724E+00    1
    0.21678E+04    0.15496E+04   -0.12878E+00    1
    0.21778E+04    0.15496E+04   -0.13032E+00    1
    0.21878E+04    0.15496E+04   -0.13186E+00    1
    0.21978E+04    0.15496E+04   -0.13341E+00    1
    0.22078E+04    0.15496E+04   -0.13495E+00    1
    0.22178E+04    0.15496E+04   -0.13649E+00    1
    0.22278E+04    0.15496E+04   -0.13803E+00    1
    0.22378E+04    0.15496E+04   -0.13957E+00    1
    0.22478E+04    0.15496E+04   -0.14063E+00    1
    0.22578E+04    0.15496E+04   -0.14102E+00    1
    0.22677E+04    0.15496E+04   -0.14168E+00    1
    0.22777E+04    0.15496E+04   -0.14234E+00    1
    0.22877E+04    0.15496E+04   -0.14300E+00    1
    0.22977E+04    0.15496E+04   -0.14366E+00    1
    0.23077E+04    0.15496E+04   -0.14432E+00    1
    0.23177E+04    0.15496E+04   -0.14497E+00    1
    0.23277E+04    0.15496E+04   -0.14563E+00    1
    0.23377E+04    0.15496E+04   -0.14629E+00    1
    0.23477E+04    0.15496E+04   -0.14695E+00    1
    0.23577E+04    0.15496E+04   -0.14761E+00    1
    0.23676E+04    0.15496E+04   -0.14827E+00    1
    0.23776E+04    0.15496E+04   -0.14888E+00    1
    0.23876E+04    0.15496E+04   -0.14943E+00    1
    0.23976E+04    0.15496E+04   -0.14998E+00    1
    0.24076E+04    0.15496E+04   -0.15053E+00    1
    0.24176E+04    0.15496E+04   -0.15108E+00    1
    0.24276E+04    0.15496E+04   -0.15163E+00    1
    0.24376E+04    0.15496E+04   -0.15218E+00    1
    0.24476E+04    0.15496E+04   -0.15273E+00    1
    0.24576E+04    0.15496E+04   -0.15328E+00    1
    0.24675E+04    0.15496E+04   -0.15383E+00    1
    0.24775E+04    0.15496E+04   -0.15438E+00    1
    0.24875E+04    0.15496E+04   -0.15493E+00    1
    0.24975E+04    0.15496E+04   -0.15489E+00    1
    0.25075E+04    0.15496E+04   -0.15551E+00    1
    0.25175E+04    0.15496E+04   -0.15564E+00    1
    0.25275E+04    0.15496E+04   -0.15577E+00    1
    0.25375E+04    0.15496E+04   -0.15590E+00    1
    0.25475E+04    0.15496E+04   -0.15603E+00    1
    0.25575E+04    0.15496E+04   -0.15616E+00    1
    0.25674E+04    0.15496E+04   -0.15629E+00    1
    0.25774E+04    0.15496E+04   -0.15642E+00    1
    0.25874E+04    0.15496E+04   -0.15655E+00    1
    0.25974E+04    0.15496E+04   -0.15668E+00    1
    0.26074E+04    0.15496E+04   -0.15681E+00    1
    0.26174E+04    0.15496E+04   -0.15694E+00    1
    0.26274E+04    0.15496E+04   -0.15698E+00    1
    0.26374E+04    0.15496E+04   -0.15690E+00    1
    0.26474E+04    0.15496E+04   -0.15682E+00    1
    0.26573E+04    0.15496E+04   -0.15674E+00    1
    0.26673E+04    0.15496E+04   -0.15666E+00    1
    0.26773E+04    0.15496E+04   -0.15658E+00    1
    0.26873E+04    0.15496E+04   -0.15650E+00    1
    0.26973E+04    0.15496E+04   -0.15642E+00    1
    0.27073E+04    0.15496E+04   -0.15634E+00    1
    0.27173E+04    0.15496E+04   -0.15626E+00    1
    0.27273E+04    0.15496E+04   -0.15618E+00    1
    0.27373E+04    0.15496E+04   -0.15610E+00    1
    0.27473E+04    0.15496E+04   -0.15531E+00    1
    0.27572E+04    0.15496E+04   -0.15538E+00    1
    0.27672E+04    0.15496E+04   -0.15503E+00    1
    0.27772E+04    0.15496E+04   -0.15467E+00    1
    0.27872E+04    0.15496E+04   -0.15431E+00    1
    0.27972E+04    0.15496E+04   -0.15395E+00    1
    0.28072E+04    0.15496E+04   -0.15360E+00    1
    0.28172E+04    0.15496E+04   -0.15324E+00    1
    0.28272E+04    0.15496E+04   -0.15288E+00    1
    0.28372E+04    0.15496E+04   -0.15253E+00    1
    0.28472E+04    0.15496E+04   -0.15217E+00    1
    0.28572E+04    0.15496E+04   -0.15181E+00    1
    0.28671E+04    0.15496E+04   -0.15145E+00    1
    0.28771E+04    0.15496E+04   -0.15107E+00    1
    0.28871E+04    0.15496E+04   -0.15065E+00    1
    0.28971E+04    0.15496E+04   -0.15023E+00    1
    0.29071E+04    0.15496E+04   -0.14981E+00    1
    0.29171E+04    0.15496E+04   -0.14938E+00    1
    0.29271E+04    0.15496E+04   -0.14896E+00    1
    0.29371E+04    0.15496E+04   -0.14854E+00    1
    0.29471E+04    0.15496E+04   -0.14812E+00    1
    0.29571E+04    0.15496E+04   -0.14770E+00    1
    0.29670E+04    0.15496E+04   -0.14727E+00    1
    0.29770E+04    0.15496E+04   -0.14685E+00    1
    0.29870E+04    0.15496E+04   -0.14643E+00    1
    0.29970E+04    0.15496E+04   -0.14585E+00    1
    0.30070E+04    0.15496E+04   -0.14530E+00    1
    0.30170E+04    0.15496E+04   -0.14490E+00    1
    0.30270E+04    0.15496E+04   -0.14449E+00    1
    0.30370E+04    0.15496E+04   -0.14409E+00    1
    0.30470E+04    0.15496E+04   -0.14368E+00    1
    0.30570E+04    0.15496E+04   -0.14328E+00    1
    0.30669E+04    0.15496E+04   -0.14287E+00    1
    0.30769E+04    0.15496E+04   -0.14247E+00    1
    0.30869E+04    0.15496E+04   -0.14206E+00    1
    0.30969E+04    0.15496E+04   -0.14166E+00    1
    0.31069E+04    0.15496E+04   -0.14125E+00    1
    0.31169E+04    0.15496E+04   -0.14085E+00    1
    0.31269E+04    0.15496E+04   -0.14047E+00    1
    0.31369E+04    0.15496E+04   -0.14013E+00    1
    0.31469E+04    0.15496E+04   -0.13980E+00    1
    0.31568E+04    0.15496E+04   -0.13946E+00    1
    0.31668E+04    0.15496E+04   -0.13913E+00    1
    0.31768E+04    0.15496E+04   -0.13879E+00    1
    0.31868E+04    0.15496E+04   -0.13846E+00    1
    0.31968E+04    0.15496E+04   -0.13812E+00    1
    0.32068E+04    0.15496E+04   -0.13779E+00    1
    0.32168E+04    0.15496E+04   -0.13745E+00    1
    0.32268E+04    0.15496E+04   -0.13711E+00    1
    0.32368E+04    0.15496E+04   -0.13678E+00    1
    0.32468E+04    0.15496E+04   -0.13716E+00    1
    0.32568E+04    0.15496E+04   -0.13640E+00    1
    0.32667E+04    0.15496E+04   -0.13642E+00    1
    0.32767E+04    0.15496E+04   -0.13644E+00    1
    0.32867E+04    0.15496E+04   -0.13645E+00    1
    0.32967E+04    0.15496E+04   -0.13647E+00    1
    0.33067E+04    0.15496E+04   -0.13649E+00    1
    0.33167E+04    0.15496E+04   -0.13651E+00    1
    0.33267E+04    0.15496E+04   -0.13653E+00    1
    0.33367E+04    0.15496E+04   -0.13655E+00    1
    0.33467E+04    0.15496E+04   -0.13657E+00    1
    0.33567E+04    0.15496E+04   -0.13658E+00    1
    0.33666E+04    0.15496E+04   -0.13660E+00    1
    0.33766E+04    0.15496E+04   -0.13665E+00    1
    0.33866E+04    0.15496E+04   -0.13677E+00    1
    0.33966E+04    0.15496E+04   -0.13689E+00    1
    0.34066E+04    0.15496E+04   -0.13700E+00    1
    0.34166E+04    0.15496E+04   -0.13712E+00    1
    0.34266E+04    0.15496E+04   -0.13724E+00    1
    0.34366E+04    0.15496E+04   -0.13736E+00    1
    0.34466E+04    0.15496E+04   -0.13747E+00    1
    0.34566E+04    0.15496E+04   -0.13759E+00    1
    0.34665E+04    0.15496E+04   -0.13771E+00    1
    0.34765E+04    0.15496E+04   -0.13782E+00    1
    0.34865E+04    0.15496E+04   -0.13794E+00    1
    0.34965E+04    0.15496E+04   -0.13806E+00    1
    0.35065E+04    0.15496E+04   -0.13859E+00    1
    0.35165E+04    0.15496E+04   -0.13890E+00    1
    0.35265E+04    0.15496E+04   -0.13920E+00    1
    0.35365E+04    0.15496E+04   -0.13951E+00    1
    0.35465E+04    0.15496E+04   -0.13982E+00    1
    0.35565E+04    0.15496E+04   -0.14013E+00    1
    0.35664E+04    0.15496E+04   -0.14043E+00    1
    0.35764E+04    0.15496E+04   -0.14074E+00    1
    0.35864E+04    0.15496E+04   -0.14105E+00    1
    0.35964E+04    0.15496E+04   -0.14135E+00    1
    0.36064E+04    0.15496E+04   -0.14166E+00    1
    0.36164E+04    0.15496E+04   -0.14197E+00    1
    0.36264E+04    0.15496E+04   -0.14228E+00    1
    0.36364E+04    0.15496E+04   -0.14262E+00    1
    0.36464E+04    0.15496E+04   -0.14295E+00    1
    0.36563E+04    0.15496E+04   -0.14329E+00    1
    0.36663E+04    0.15496E+04   -0.14363E+00    1
    0.36763E+04    0.15496E+04   -0.14396E+00    1
    0.36863E+04    0.15496E+04   -0.14430E+00    1
    0.36963E+04    0.15496E+04   -0.14463E+00    1
    0.37063E+04    0.15496E+04   -0.14497E+00    1
    0.37163E+04    0.15496E+04   -0.14530E+00    1
    0.37263E+04    0.15496E+04   -0.14564E+00    1
    0.37363E+04    0.15496E+04   -0.14597E+00    1
    0.37463E+04    0.15496E+04   -0.14631E+00    1
    0.37562E+04    0.15496E+04   -0.14686E+00    1
    0.37662E+04    0.15496E+04   -0.14720E+00    1
    0.37762E+04    0.15496E+04   -0.14755E+00    1
    0.37862E+04    0.15496E+04   -0.14789E+00    1
    0.37962E+04    0.15496E+04   -0.14823E+00    1
    0.38062E+04    0.15496E+04   -0.14857E+00    1
    0.38162E+04    0.15496E+04   -0.14891E+00    1
    0.38262E+04    0.15496E+04   -0.14926E+00    1
    0.38362E+04    0.15496E+04   -0.14960E+00    1
    0.38462E+04    0.15496E+04   -0.14994E+00    1
    0.38562E+04    0.15496E+04   -0.15028E+00    1
    0.38661E+04    0.15496E+04   -0.15063E+00    1
    0.38761E+04    0.15496E+04   -0.15096E+00    1
    0.38861E+04    0.15496E+04   -0.15129E+00    1
    0.38961E+04    0.15496E+04   -0.15162E+00    1
    0.39061E+04    0.15496E+04   -0.15195E+00    1
    0.39161E+04    0.15496E+04   -0.15228E+00    1
    0.39261E+04    0.15496E+04   -0.15260E+00    1
    0.39361E+04    0.15496E+04   -0.15293E+00    1
    0.39461E+04    0.15496E+04   -0.15326E+00    1
    0.39561E+04    0.15496E+04   -0.15359E+00    1
    0.39660E+04    0.15496E+04   -0.15392E+00    1
    0.39760E+04    0.15496E+04   -0.15424E+00    1
    0.39860E+04    0.15496E+04   -0.15457E+00    1
    0.39960E+04    0.15496E+04   -0.15490E+00    1
    0.40060E+04    0.15496E+04   -0.15727E+00    1
    0.40160E+04    0.15496E+04   -0.15717E+00    1
    0.40260E+04    0.15496E+04   -0.15706E+00    1
    0.40360E+04    0.15496E+04   -0.15696E+00    1
    0.40460E+04    0.15496E+04   -0.15685E+00    1
    0.40560E+04    0.15496E+04   -0.15675E+00    1
    0.40659E+04    0.15496E+04   -0.15665E+00    1
    0.40759E+04    0.15496E+04   -0.15654E+00    1
    0.40859E+04    0.15496E+04   -0.15644E+00    1
    0.40959E+04    0.15496E+04   -0.15634E+00    1
    0.41059E+04    0.15496E+04   -0.15623E+00    1
    0.41159E+04    0.15496E+04   -0.15613E+00    1
    0.41259E+04    0.15496E+04   -0.15602E+00    1
    0.41359E+04    0.15496E+04   -0.15592E+00    1
    0.41459E+04    0.15496E+04   -0.15582E+00    1
    0.41559E+04    0.15496E+04   -0.15571E+00    1
    0.41658E+04    0.15496E+04   -0.15561E+00    1
    0.41758E+04    0.15496E+04   -0.15551E+00    1
    0.41858E+04    0.15496E+04   -0.15540E+00    1
    0.41958E+04    0.15496E+04   -0.15530E+00    1
    0.42058E+04    0.15496E+04   -0.15519E+00    1
    0.42158E+04    0.15496E+04   -0.15509E+00    1
    0.42258E+04    0.15496E+04   -0.15499E+00    1
    0.42358E+04    0.15496E+04   -0.15488E+00    1
    0.42458E+04    0.15496E+04   -0.15478E+00    1
    0.42558E+04    0.15496E+04   -0.15456E+00    1
    0.42657E+04    0.15496E+04   -0.15430E+00    1
    0.42757E+04    0.15496E+04   -0.15404E+00    1
    0.42857E+04    0.15496E+04   -0.15378E+00    1
    0.42957E+04    0.15496E+04   -0.15352E+00    1
    0.43057E+04    0.15496E+04   -0.15326E+00    1
    0.43157E+04    0.15496E+04   -0.15300E+00    1
    0.43257E+04    0.15496E+04   -0.15273E+00    1
    0.43357E+04    0.15496E+04   -0.15247E+00    1
    0.43457E+04    0.15496E+04   -0.15221E+00    1
    0.43557E+04    0.15496E+04   -0.15195E+00    1
    0.43656E+04    0.15496E+04   -0.15169E+00    1
    0.43756E+04    0.15496E+04   -0.15143E+00    1
    0.43856E+04    0.15496E+04   -0.15117E+00    1
    0.43956E+04    0.15496E+04   -0.15091E+00    1
    0.44056E+04    0.15496E+04   -0.15065E+00    1
    0.44156E+04    0.15496E+04   -0.15038E+00    1
    0.44256E+04    0.15496E+04   -0.15012E+00    1
    0.44356E+04    0.15496E+04   -0.14986E+00    1
    0.44456E+04    0.15496E+04   -0.14960E+00    1
    0.44556E+04    0.15496E+04   -0.14934E+00    1
    0.44655E+04    0.15496E+04   -0.14908E+00    1
    0.44755E+04    0.15496E+04   -0.14882E+00    1
    0.44855E+04    0.15496E+04   -0.14856E+00    1
    0.44955E+04    0.15496E+04   -0.14830E+00    1
    0.45055E+04    0.15496E+04   -0.14619E+00    1
    0.45155E+04    0.15496E+04   -0.14618E+00    1
    0.45255E+04    0.15496E+04   -0.14618E+00    1
    0.45355E+04    0.15496E+04   -0.14618E+00    1
    0.45455E+04    0.15496E+04   -0.14618E+00    1
    0.45554E+04    0.15496E+04   -0.14618E+00    1
    0.45654E+04    0.15496E+04   -0.14618E+00    1
    0.45754E+04    0.15496E+04   -0.14618E+00    1
    0.45854E+04    0.15496E+04   -0.14618E+00    1
    0.45954E+04    0.15496E+04   -0.14618E+00    1
    0.46054E+04    0.15496E+04   -0.14618E+00    1
    0.46154E+04    0.15496E+04   -0.14618E+00    1
    0.46254E+04    0.15496E+04   -0.14618E+00    1
    0.46354E+04    0.15496E+04   -0.14618E+00    1
    0.46454E+04    0.15496E+04   -0.14618E+00    1
    0.46554E+04    0.15496E+04   -0.14618E+00    1
    0.46653E+04    0.15496E+04   -0.14618E+00    1
    0.46753E+04    0.15496E+04   -0.14618E+00    1
    0.46853E+04    0.15496E+04   -0.14618E+00    1
    0.46953E+04    0.15496E+04   -0.14618E+00    1
    0.47053E+04    0.15496E+04   -0.14618E+00    1
    0.47153E+04    0.15496E+04   -0.14618E+00    1
    0.47253E+04    0.15496E+04   -0.14618E+00    1
    0.47353E+04    0.15496E+04   -0.14618E+00    1
    0.47453E+04    0.15496E+04   -0.14618E+00    1
    0.47552E+04    0.15496E+04   -0.14629E+00    1
    0.47652E+04    0.15496E+04   -0.14645E+00    1
    0.47752E+04    0.15496E+04   -0.14662E+00    1
    0.47852E+04    0.15496E+04   -0.14678E+00    1
    0.47952E+04    0.15496E+04   -0.14695E+00    1
    0.48052E+04    0.15496E+04   -0.14712E+00    1
    0.48152E+04    0.15496E+04   -0.14728E+00    1
    0.48252E+04    0.15496E+04   -0.14745E+00    1
    0.48352E+04    0.15496E+04   -0.14762E+00    1
    0.48452E+04    0.15496E+04   -0.14778E+00    1
    0.48552E+04    0.15496E+04   -0.14795E+00    1
    0.48651E+04    0.15496E+04   -0.14811E+00    1
    0.48751E+04    0.15496E+04   -0.14828E+00    1
    0.48851E+04    0.15496E+04   -0.14845E+00    1
    0.48951E+04    0.15496E+04   -0.14861E+00    1
    0.49051E+04    0.15496E+04   -0.14878E+00    1
    0.49151E+04    0.15496E+04   -0.14894E+00    1
    0.49251E+04    0.15496E+04   -0.14911E+00    1
    0.49351E+04    0.15496E+04   -0.14928E+00    1
    0.49451E+04    0.15496E+04   -0.14944E+00    1
    0.49551E+04    0.15496E+04   -0.14961E+00    1
    0.49650E+04    0.15496E+04   -0.14978E+00    1
    0.49750E+04    0.15496E+04   -0.14994E+00    1
    0.49850E+04    0.15496E+04   -0.15011E+00    1
    0.49950E+04    0.15496E+04   -0.15027E+00    1
    0.50050E+04    0.15496E+04   -0.15382E+00    1
    0.50150E+04    0.15496E+04   -0.15383E+00    1
    0.50250E+04    0.15496E+04   -0.15384E+00    1
    0.50350E+04    0.15496E+04   -0.15386E+00    1
    0.50450E+04    0.15496E+04   -0.15387E+00    1
    0.50549E+04    0.15496E+04   -0.15389E+00    1
    0.50649E+04    0.15496E+04   -0.15390E+00    1
    0.50749E+04    0.15496E+04   -0.15392E+00    1
    0.50849E+04    0.15496E+04   -0.15393E+00    1
    0.50949E+04    0.15496E+04   -0.15395E+00    1
    0.51049E+04    0.15496E+04   -0.15396E+00    1
    0.51149E+04    0.15496E+04   -0.15397E+00    1
    0.51249E+04    0.15496E+04   -0.15399E+00    1
    0.51349E+04    0.15496E+04   -0.15400E+00    1
    0.51449E+04    0.15496E+04   -0.15402E+00    1
    0.51549E+04    0.15496E+04   -0.15403E+00    1
    0.51648E+04    0.15496E+04   -0.15405E+00    1
    0.51748E+04    0.15496E+04   -0.15406E+00    1
    0.51848E+04    0.15496E+04   -0.15407E+00    1
    0.51948E+04    0.15496E+04   -0.15409E+00    1
    0.52048E+04    0.15496E+04   -0.15410E+00    1
    0.52148E+04    0.15496E+04   -0.15412E+00    1
    0.52248E+04    0.15496E+04   -0.15413E+00    1
    0.52348E+04    0.15496E+04   -0.15415E+00    1
    0.52448E+04    0.15496E+04   -0.15416E+00    1
    0.52548E+04    0.15496E+04   -0.15409E+00    1
    0.52647E+04    0.15496E+04   -0.15395E+00    1
    0.52747E+04    0.15496E+04   -0.15382E+00    1
    0.52847E+04    0.15496E+04   -0.15368E+00    1
    0.52947E+04    0.15496E+04   -0.15355E+00    1
    0.53047E+04    0.15496E+04   -0.15341E+00    1
    0.53147E+04    0.15496E+04   -0.15328E+00    1
    0.53247E+04    0.15496E+04   -0.15314E+00    1
    0.53347E+04    0.15496E+04   -0.15301E+00    1
    0.53447E+04    0.15496E+04   -0.15287E+00    1
    0.53547E+04    0.15496E+04   -0.15274E+00    1
    0.53646E+04    0.15496E+04   -0.15260E+00    1
    0.53746E+04    0.15496E+04   -0.15247E+00    1
    0.53846E+04    0.15496E+04   -0.15233E+00    1
    0.53946E+04    0.15496E+04   -0.15220E+00    1
    0.54046E+04    0.15496E+04   -0.15206E+00    1
    0.54146E+04    0.15496E+04   -0.15193E+00    1
    0.54246E+04    0.15496E+04   -0.15180E+00    1
    0.54346E+04    0.15496E+04   -0.15166E+00    1
    0.54446E+04    0.15496E+04   -0.15153E+00    1
    0.54546E+04    0.15496E+04   -0.15139E+00    1
    0.54645E+04    0.15496E+04   -0.15126E+00    1
    0.54745E+04    0.15496E+04   -0.15112E+00    1
    0.54845E+04    0.15496E+04   -0.15099E+00    1
    0.54945E+04    0.15496E+04   -0.15085E+00    1
    0.55045E+04    0.15496E+04   -0.14840E+00    1
    0.55145E+04    0.15496E+04   -0.14843E+00    1
    0.55245E+04    0.15496E+04   -0.14847E+00    1
    0.55345E+04    0.15496E+04   -0.14851E+00    1
    0.55445E+04    0.15496E+04   -0.14854E+00    1
    0.55544E+04    0.15496E+04   -0.14858E+00    1
    0.55644E+04    0.15496E+04   -0.14862E+00    1
    0.55744E+04    0.15496E+04   -0.14865E+00    1
    0.55844E+04    0.15496E+04   -0.14869E+00    1
    0.55944E+04    0.15496E+04   -0.14873E+00    1
    0.56044E+04    0.15496E+04   -0.14876E+00    1
    0.56144E+04    0.15496E+04   -0.14880E+00    1
    0.56244E+04    0.15496E+04   -0.14884E+00    1
    0.56344E+04    0.15496E+04   -0.14887E+00    1
    0.56444E+04    0.15496E+04   -0.14891E+00    1
    0.56544E+04    0.15496E+04   -0.14895E+00    1
    0.56643E+04    0.15496E+04   -0.14898E+00    1
    0.56743E+04    0.15496E+04   -0.14902E+00    1
    0.56843E+04    0.15496E+04   -0.14906E+00    1
    0.56943E+04    0.15496E+04   -0.14909E+00    1
    0.57043E+04    0.15496E+04   -0.14913E+00    1
    0.57143E+04    0.15496E+04   -0.14917E+00    1
    0.57243E+04    0.15496E+04   -0.14920E+00    1
    0.57343E+04    0.15496E+04   -0.14924E+00    1
    0.57443E+04    0.15496E+04   -0.14928E+00    1
    0.57542E+04    0.15496E+04   -0.14935E+00    1
    0.57642E+04    0.15496E+04   -0.14945E+00    1
    0.57742E+04    0.15496E+04   -0.14955E+00    1
    0.57842E+04    0.15496E+04   -0.14965E+00    1
    0.57942E+04    0.15496E+04   -0.14976E+00    1
    0.58042E+04    0.15496E+04   -0.14986E+00    1
    0.58142E+04    0.15496E+04   -0.14996E+00    1
    0.58242E+04    0.15496E+04   -0.15006E+00    1
    0.58342E+04    0.15496E+04   -0.15016E+00    1
    0.58442E+04    0.15496E+04   -0.15027E+00    1
    0.58542E+04    0.15496E+04   -0.15037E+00    1
    0.58641E+04    0.15496E+04   -0.15047E+00    1
    0.58741E+04    0.15496E+04   -0.15057E+00    1
    0.58841E+04    0.15496E+04   -0.15068E+00    1
    0.58941E+04    0.15496E+04   -0.15078E+00    1
    0.59041E+04    0.15496E+04   -0.15088E+00    1
    0.59141E+04    0.15496E+04   -0.15098E+00    1
    0.59241E+04    0.15496E+04   -0.15108E+00    1
    0.59341E+04    0.15496E+04   -0.15119E+00    1
    0.59441E+04    0.15496E+04   -0.15129E+00    1
    0.59541E+04    0.15496E+04   -0.15139E+00    1
    0.59640E+04    0.15496E+04   -0.15149E+00    1
    0.59740E+04    0.15496E+04   -0.15159E+00    1
    0.59840E+04    0.15496E+04   -0.15170E+00    1
    0.59940E+04    0.15496E+04   -0.15180E+00    1
    0.60040E+04    0.15496E+04   -0.15551E+00    1
    0.60140E+04    0.15496E+04   -0.15603E+00    1
    0.60240E+04    0.15496E+04   -0.15585E+00    1
    0.60340E+04    0.15496E+04   -0.15567E+00    1
    0.60440E+04    0.15496E+04   -0.15549E+00    1
    0.60539E+04    0.15496E+04   -0.15531E+00    1
    0.60639E+04    0.15496E+04   -0.15513E+00    1
    0.60739E+04    0.15496E+04   -0.15495E+00    1
    0.60839E+04    0.15496E+04   -0.15477E+00    1
    0.60939E+04    0.15496E+04   -0.15459E+00    1
    0.61039E+04    0.15496E+04   -0.15441E+00    1
    0.61139E+04    0.15496E+04   -0.15423E+00    1
    0.61239E+04    0.15496E+04   -0.15405E+00    1
    0.61339E+04    0.15496E+04   -0.15387E+00    1
    0.61439E+04    0.15496E+04   -0.15369E+00    1
    0.61539E+04    0.15496E+04   -0.15351E+00    1
    0.61638E+04    0.15496E+04   -0.15333E+00    1
    0.61738E+04    0.15496E+04   -0.15315E+00    1
    0.61838E+04    0.15496E+04   -0.15297E+00    1
    0.61938E+04    0.15496E+04   -0.15280E+00    1
    0.62038E+04    0.15496E+04   -0.15262E+00    1
    0.62138E+04    0.15496E+04   -0.15244E+00    1
    0.62238E+04    0.15496E+04   -0.15226E+00    1
    0.62338E+04    0.15496E+04   -0.15208E+00    1
    0.62438E+04    0.15496E+04   -0.15190E+00    1
    0.62538E+04    0.15496E+04   -0.15172E+00    1
    0.62637E+04    0.15496E+04   -0.15156E+00    1
    0.62737E+04    0.15496E+04   -0.15141E+00    1
    0.62837E+04    0.15496E+04   -0.15126E+00    1
    0.62937E+04    0.15496E+04   -0.15110E+00    1
    0.63037E+04    0.15496E+04   -0.15095E+00    1
    0.63137E+04    0.15496E+04   -0.15079E+00    1
    0.63237E+04    0.15496E+04   -0.15064E+00    1
    0.63337E+04    0.15496E+04   -0.15048E+00    1
    0.63437E+04    0.15496E+04   -0.15033E+00    1
    0.63537E+04    0.15496E+04   -0.15017E+00    1
    0.63636E+04    0.15496E+04   -0.15002E+00    1
    0.63736E+04    0.15496E+04   -0.14986E+00    1
    0.63836E+04    0.15496E+04   -0.14971E+00    1
    0.63936E+04    0.15496E+04   -0.14956E+00    1
    0.64036E+04    0.15496E+04   -0.14940E+00    1
    0.64136E+04    0.15496E+04   -0.14925E+00    1
    0.64236E+04    0.15496E+04   -0.14909E+00    1
    0.64336E+04    0.15496E+04   -0.14894E+00    1
    0.64436E+04    0.15496E+04   -0.14878E+00    1
    0.64536E+04    0.15496E+04   -0.14863E+00    1
    0.64635E+04    0.15496E+04   -0.14847E+00    1
    0.64735E+04    0.15496E+04   -0.14832E+00    1
    0.64835E+04    0.15496E+04   -0.14817E+00    1
    0.64935E+04    0.15496E+04   -0.14801E+00    1
    0.65035E+04    0.15496E+04   -0.14729E+00    1
    0.65135E+04    0.15496E+04   -0.14740E+00    1
    0.65235E+04    0.15496E+04   -0.14750E+00    1
    0.65335E+04    0.15496E+04   -0.14761E+00    1
    0.65435E+04    0.15496E+04   -0.14772E+00    1
    0.65534E+04    0.15496E+04   -0.14783E+00    1
    0.65634E+04    0.15496E+04   -0.14794E+00    1
    0.65734E+04    0.15496E+04   -0.14805E+00    1
    0.65834E+04    0.15496E+04   -0.14816E+00    1
    0.65934E+04    0.15496E+04   -0.14827E+00    1
    0.66034E+04    0.15496E+04   -0.14838E+00    1
    0.66134E+04    0.15496E+04   -0.14849E+00    1
    0.66234E+04    0.15496E+04   -0.14859E+00    1
    0.66334E+04    0.15496E+04   -0.14870E+00    1
    0.66434E+04    0.15496E+04   -0.14881E+00    1
    0.66534E+04    0.15496E+04   -0.14892E+00    1
    0.66633E+04    0.15496E+04   -0.14903E+00    1
    0.66733E+04    0.15496E+04   -0.14914E+00    1
    0.66833E+04    0.15496E+04   -0.14925E+00    1
    0.66933E+04    0.15496E+04   -0.14936E+00    1
    0.67033E+04    0.15496E+04   -0.14947E+00    1
    0.67133E+04    0.15496E+04   -0.14958E+00    1
    0.67233E+04    0.15496E+04   -0.14969E+00    1
    0.67333E+04    0.15496E+04   -0.14979E+00    1
    0.67433E+04    0.15496E+04   -0.14990E+00    1
    0.67532E+04    0.15496E+04   -0.15006E+00    1
    0.67632E+04    0.15496E+04   -0.15029E+00    1
    0.67732E+04    0.15496E+04   -0.15052E+00    1
    0.67832E+04    0.15496E+04   -0.15074E+00    1
    0.67932E+04    0.15496E+04   -0.15097E+00    1
    0.68032E+04    0.15496E+04   -0.15120E+00    1
    0.68132E+04    0.15496E+04   -0.15143E+00    1
    0.68232E+04    0.15496E+04   -0.15165E+00    1
    0.68332E+04    0.15496E+04   -0.15188E+00    1
    0.68432E+04    0.15496E+04   -0.15211E+00    1
    0.68532E+04    0.15496E+04   -0.15234E+00    1
    0.68631E+04    0.15496E+04   -0.15256E+00    1
    0.68731E+04    0.15496E+04   -0.15279E+00    1
    0.68831E+04    0.15496E+04   -0.15302E+00    1
    0.68931E+04    0.15496E+04   -0.15325E+00    1
    0.69031E+04    0.15496E+04   -0.15347E+00    1
    0.69131E+04    0.15496E+04   -0.15370E+00    1
    0.69231E+04    0.15496E+04   -0.15393E+00    1
    0.69331E+04    0.15496E+04   -0.15416E+00    1
    0.69431E+04    0.15496E+04   -0.15439E+00    1
    0.69531E+04    0.15496E+04   -0.15461E+00    1
    0.69630E+04    0.15496E+04   -0.15484E+00    1
    0.69730E+04    0.15496E+04   -0.15507E+00    1
    0.69830E+04    0.15496E+04   -0.15530E+00    1
    0.69930E+04    0.15496E+04   -0.15552E+00    1
    0.70030E+04    0.15496E+04   -0.15482E+00    1
    0.70130E+04    0.15496E+04   -0.15461E+00    1
    0.70230E+04    0.15496E+04   -0.15440E+00    1
    0.70330E+04    0.15496E+04   -0.15419E+00    1
    0.70430E+04    0.15496E+04   -0.15397E+00    1
    0.70529E+04    0.15496E+04   -0.15376E+00    1
    0.70629E+04    0.15496E+04   -0.15355E+00    1
    0.70729E+04    0.15496E+04   -0.15333E+00    1
    0.70829E+04    0.15496E+04   -0.15312E+00    1
    0.70929E+04    0.15496E+04   -0.15291E+00    1
    0.71029E+04    0.15496E+04   -0.15269E+00    1
    0.71129E+04    0.15496E+04   -0.15248E+00    1
    0.71229E+04    0.15496E+04   -0.15227E+00    1
    0.71329E+04    0.15496E+04   -0.15206E+00    1
    0.71429E+04    0.15496E+04   -0.15184E+00    1
    0.71529E+04    0.15496E+04   -0.15163E+00    1
    0.71628E+04    0.15496E+04   -0.15142E+00    1
    0.71728E+04    0.15496E+04   -0.15120E+00    1
    0.71828E+04    0.15496E+04   -0.15099E+00    1
    0.71928E+04    0.15496E+04   -0.15078E+00    1
    0.72028E+04    0.15496E+04   -0.15056E+00    1
    0.72128E+04    0.15496E+04   -0.15035E+00    1
    0.72228E+04    0.15496E+04   -0.15014E+00    1
    0.72328E+04    0.15496E+04   -0.14993E+00    1
    0.72428E+04    0.15496E+04   -0.14971E+00    1
    0.72528E+04    0.15496E+04   -0.14954E+00    1
    0.72627E+04    0.15496E+04   -0.14944E+00    1
    0.72727E+04    0.15496E+04   -0.14933E+00    1
    0.72827E+04    0.15496E+04   -0.14923E+00    1
    0.72927E+04    0.15496E+04   -0.14913E+00    1
    0.73027E+04    0.15496E+04   -0.14903E+00    1
    0.73127E+04    0.15496E+04   -0.14893E+00    1
    0.73227E+04    0.15496E+04   -0.14883E+00    1
    0.73327E+04    0.15496E+04   -0.14873E+00    1
    0.73427E+04    0.15496E+04   -0.14862E+00    1
    0.73527E+04    0.15496E+04   -0.14852E+00    1
    0.73626E+04    0.15496E+04   -0.14842E+00    1
    0.73726E+04    0.15496E+04   -0.14832E+00    1
    0.73826E+04    0.15496E+04   -0.14822E+00    1
    0.73926E+04    0.15496E+04   -0.14812E+00    1
    0.74026E+04    0.15496E+04   -0.14801E+00    1
    0.74126E+04    0.15496E+04   -0.14791E+00    1
    0.74226E+04    0.15496E+04   -0.14781E+00    1
    0.74326E+04    0.15496E+04   -0.14771E+00    1
    0.74426E+04    0.15496E+04   -0.14761E+00    1
    0.74526E+04    0.15496E+04   -0.14751E+00    1
    0.74625E+04    0.15496E+04   -0.14740E+00    1
    0.74725E+04    0.15496E+04   -0.14730E+00    1
    0.74825E+04    0.15496E+04   -0.14720E+00    1
    0.74925E+04    0.15496E+04   -0.14710E+00    1
    0.75025E+04    0.15496E+04   -0.14803E+00    1
    0.75125E+04    0.15496E+04   -0.14819E+00    1
    0.75225E+04    0.15496E+04   -0.14836E+00    1
    0.75325E+04    0.15496E+04   -0.14852E+00    1
    0.75425E+04    0.15496E+04   -0.14868E+00    1
    0.75524E+04    0.15496E+04   -0.14885E+00    1
    0.75624E+04    0.15496E+04   -0.14901E+00    1
    0.75724E+04    0.15496E+04   -0.14918E+00    1
    0.75824E+04    0.15496E+04   -0.14934E+00    1
    0.75924E+04    0.15496E+04   -0.14951E+00    1
    0.76024E+04    0.15496E+04   -0.14967E+00    1
    0.76124E+04    0.15496E+04   -0.14983E+00    1
    0.76224E+04    0.15496E+04   -0.15000E+00    1
    0.76324E+04    0.15496E+04   -0.15016E+00    1
    0.76424E+04    0.15496E+04   -0.15033E+00    1
    0.76524E+04    0.15496E+04   -0.15049E+00    1
    0.76623E+04    0.15496E+04   -0.15066E+00    1
    0.76723E+04    0.15496E+04   -0.15082E+00    1
    0.76823E+04    0.15496E+04   -0.15098E+00    1
    0.76923E+04    0.15496E+04   -0.15115E+00    1
    0.77023E+04    0.15496E+04   -0.15131E+00    1
    0.77123E+04    0.15496E+04   -0.15148E+00    1
    0.77223E+04    0.15496E+04   -0.15164E+00    1
    0.77323E+04    0.15496E+04   -0.15181E+00    1
    0.77423E+04    0.15496E+04   -0.15197E+00    1
    0.77522E+04    0.15496E+04   -0.15212E+00    1
    0.77622E+04    0.15496E+04   -0.15224E+00    1
    0.77722E+04    0.15496E+04   -0.15235E+00    1
    0.77822E+04    0.15496E+04   -0.15247E+00    1
    0.77922E+04    0.15496E+04   -0.15258E+00    1
    0.78022E+04    0.15496E+04   -0.15270E+00    1
    0.78122E+04    0.15496E+04   -0.15281E+00    1
    0.78222E+04    0.15496E+04   -0.15293E+00    1
    0.78322E+04    0.15496E+04   -0.15304E+00    1
    0.78422E+04    0.15496E+04   -0.15316E+00    1
    0.78522E+04    0.15496E+04   -0.15327E+00    1
    0.78621E+04    0.15496E+04   -0.15339E+00    1
    0.78721E+04    0.15496E+04   -0.15350E+00    1
    0.78821E+04    0.15496E+04   -0.15362E+00    1
    0.78921E+04    0.15496E+04   -0.15373E+00    1
    0.79021E+04    0.15496E+04   -0.15385E+00    1
    0.79121E+04    0.15496E+04   -0.15396E+00    1
    0.79221E+04    0.15496E+04   -0.15408E+00    1
    0.79321E+04    0.15496E+04   -0.15419E+00    1
    0.79421E+04    0.15496E+04   -0.15431E+00    1
    0.79521E+04    0.15496E+04   -0.15442E+00    1
    0.79620E+04    0.15496E+04   -0.15454E+00    1
    0.79720E+04    0.15496E+04   -0.15465E+00    1
    0.79820E+04    0.15496E+04   -0.15477E+00    1
    0.79920E+04    0.15496E+04   -0.15489E+00    1
    0.80020E+04    0.15496E+04   -0.15378E+00    1
    0.80120E+04    0.15496E+04   -0.15189E+00    1
    0.80220E+04    0.15496E+04   -0.15178E+00    1
    0.80320E+04    0.15496E+04   -0.15168E+00    1
    0.80420E+04    0.15496E+04   -0.15157E+00    1
    0.80519E+04    0.15496E+04   -0.15146E+00    1
    0.80619E+04    0.15496E+04   -0.15135E+00    1
    0.80719E+04    0.15496E+04   -0.15125E+00    1
    0.80819E+04    0.15496E+04   -0.15114E+00    1
    0.80919E+04    0.15496E+04   -0.15103E+00    1
    0.81019E+04    0.15496E+04   -0.15093E+00    1
    0.81119E+04    0.15496E+04   -0.15082E+00    1
    0.81219E+04    0.15496E+04   -0.15071E+00    1
    0.81319E+04    0.15496E+04   -0.15061E+00    1
    0.81419E+04    0.15496E+04   -0.15050E+00    1
    0.81519E+04    0.15496E+04   -0.15039E+00    1
    0.81618E+04    0.15496E+04   -0.15029E+00    1
    0.81718E+04    0.15496E+04   -0.15018E+00    1
    0.81818E+04    0.15496E+04   -0.15007E+00    1
    0.81918E+04    0.15496E+04   -0.14996E+00    1
    0.82018E+04    0.15496E+04   -0.14986E+00    1
    0.82118E+04    0.15496E+04   -0.14975E+00    1
    0.82218E+04    0.15496E+04   -0.14964E+00    1
    0.82318E+04    0.15496E+04   -0.14954E+00    1
    0.82418E+04    0.15496E+04   -0.14943E+00    1
    0.82518E+04    0.15496E+04   -0.14931E+00    1
    0.82617E+04    0.15496E+04   -0.14931E+00    1
    0.82717E+04    0.15496E+04   -0.14932E+00    1
    0.82817E+04    0.15496E+04   -0.14933E+00    1
    0.82917E+04    0.15496E+04   -0.14934E+00    1
    0.83017E+04    0.15496E+04   -0.14934E+00    1
    0.83117E+04    0.15496E+04   -0.14935E+00    1
    0.83217E+04    0.15496E+04   -0.14936E+00    1
    0.83317E+04    0.15496E+04   -0.14936E+00    1
    0.83417E+04    0.15496E+04   -0.14937E+00    1
    0.83516E+04    0.15496E+04   -0.14938E+00    1
    0.83616E+04    0.15496E+04   -0.14939E+00    1
    0.83716E+04    0.15496E+04   -0.14939E+00    1
    0.83816E+04    0.15496E+04   -0.14940E+00    1
    0.83916E+04    0.15496E+04   -0.14941E+00    1
    0.84016E+04    0.15496E+04   -0.14941E+00    1
    0.84116E+04    0.15496E+04   -0.14942E+00    1
    0.84216E+04    0.15496E+04   -0.14943E+00    1
    0.84316E+04    0.15496E+04   -0.14944E+00    1
    0.84416E+04    0.15496E+04   -0.14944E+00    1
    0.84515E+04    0.15496E+04   -0.14945E+00    1
    0.84615E+04    0.15496E+04   -0.14946E+00    1
    0.84715E+04    0.15496E+04   -0.14946E+00    1
    0.84815E+04    0.15496E+04   -0.14947E+00    1
    0.84915E+04    0.15496E+04   -0.14948E+00    1
    0.85015E+04    0.15496E+04   -0.14994E+00    1
    0.85115E+04    0.15496E+04   -0.15006E+00    1
    0.85215E+04    0.15496E+04   -0.15019E+00    1
    0.85315E+04    0.15496E+04   -0.15031E+00    1
    0.85415E+04    0.15496E+04   -0.15043E+00    1
    0.85515E+04    0.15496E+04   -0.15055E+00    1
    0.85614E+04    0.15496E+04   -0.15068E+00    1
    0.85714E+04    0.15496E+04   -0.15080E+00    1
    0.85814E+04    0.15496E+04   -0.15092E+00    1
    0.85914E+04    0.15496E+04   -0.15105E+00    1
    0.86014E+04    0.15496E+04   -0.15117E+00    1
    0.86114E+04    0.15496E+04   -0.15129E+00    1
    0.86214E+04    0.15496E+04   -0.15142E+00    1
    0.86314E+04    0.15496E+04   -0.15154E+00    1
    0.86414E+04    0.15496E+04   -0.15166E+00    1
    0.86514E+04    0.15496E+04   -0.15178E+00    1
    0.86613E+04    0.15496E+04   -0.15191E+00    1
    0.86713E+04    0.15496E+04   -0.15203E+00    1
    0.86813E+04    0.15496E+04   -0.15215E+00    1
    0.86913E+04    0.15496E+04   -0.15228E+00    1
    0.87013E+04    0.15496E+04   -0.15240E+00    1
    0.87113E+04    0.15496E+04   -0.15252E+00    1
    0.87213E+04    0.15496E+04   -0.15264E+00    1
    0.87313E+04    0.15496E+04   -0.15277E+00    1
    0.87413E+04    0.15496E+04   -0.15289E+00    1
    0.87512E+04    0.15496E+04   -0.15300E+00    1
    0.87612E+04    0.15496E+04   -0.15304E+00    1
    0.87712E+04    0.15496E+04   -0.15308E+00    1
    0.87812E+04    0.15496E+04   -0.15313E+00    1
    0.87912E+04    0.15496E+04   -0.15317E+00    1
    0.88012E+04    0.15496E+04   -0.15321E+00    1
    0.88112E+04    0.15496E+04   -0.15325E+00    1
    0.88212E+04    0.15496E+04   -0.15330E+00    1
    0.88312E+04    0.15496E+04   -0.15334E+00    1
    0.88412E+04    0.15496E+04   -0.15338E+00    1
    0.88511E+04    0.15496E+04   -0.15342E+00    1
    0.88611E+04    0.15496E+04   -0.15346E+00    1
    0.88711E+04    0.15496E+04   -0.15351E+00    1
    0.88811E+04    0.15496E+04   -0.15355E+00    1
    0.88911E+04    0.15496E+04   -0.15359E+00    1
    0.89011E+04    0.15496E+04   -0.15363E+00    1
    0.89111E+04    0.15496E+04   -0.15368E+00    1
    0.89211E+04    0.15496E+04   -0.15372E+00    1
    0.89311E+04    0.15496E+04   -0.15376E+00    1
    0.89411E+04    0.15496E+04   -0.15380E+00    1
    0.89511E+04    0.15496E+04   -0.15384E+00    1
    0.89610E+04    0.15496E+04   -0.15389E+00    1
    0.89710E+04    0.15496E+04   -0.15393E+00    1
    0.89810E+04    0.15496E+04   -0.15397E+00    1
    0.89910E+04    0.15496E+04   -0.15401E+00    1
    0.90010E+04    0.15496E+04   -0.15234E+00    1
    0.90110E+04    0.15496E+04   -0.14954E+00    1
    0.90210E+04    0.15496E+04   -0.14960E+00    1
    0.90310E+04    0.15496E+04   -0.14967E+00    1
    0.90410E+04    0.15496E+04   -0.14973E+00    1
    0.90510E+04    0.15496E+04   -0.14979E+00    1
    0.90609E+04    0.15496E+04   -0.14986E+00    1
    0.90709E+04    0.15496E+04   -0.14992E+00    1
    0.90809E+04    0.15496E+04   -0.14998E+00    1
    0.90909E+04    0.15496E+04   -0.15005E+00    1
    0.91009E+04    0.15496E+04   -0.15011E+00    1
    0.91109E+04    0.15496E+04   -0.15017E+00    1
    0.91209E+04    0.15496E+04   -0.15024E+00    1
    0.91309E+04    0.15496E+04   -0.15030E+00    1
    0.91409E+04    0.15496E+04   -0.15036E+00    1
    0.91509E+04    0.15496E+04   -0.15043E+00    1
    0.91608E+04    0.15496E+04   -0.15049E+00    1
    0.91708E+04    0.15496E+04   -0.15055E+00    1
    0.91808E+04    0.15496E+04   -0.15062E+00    1
    0.91908E+04    0.15496E+04   -0.15068E+00    1
    0.92008E+04    0.15496E+04   -0.15074E+00    1
    0.92108E+04    0.15496E+04   -0.15081E+00    1
    0.92208E+04    0.15496E+04   -0.15087E+00    1
    0.92308E+04    0.15496E+04   -0.15093E+00    1
    0.92408E+04    0.15496E+04   -0.15100E+00    1
    0.92508E+04    0.15496E+04   -0.15106E+00    1
    0.92607E+04    0.15496E+04   -0.15115E+00    1
    0.92707E+04    0.15496E+04   -0.15126E+00    1
    0.92807E+04    0.15496E+04   -0.15136E+00    1
    0.92907E+04    0.15496E+04   -0.15146E+00    1
    0.93007E+04    0.15496E+04   -0.15157E+00    1
    0.93107E+04    0.15496E+04   -0.15167E+00    1
    0.93207E+04    0.15496E+04   -0.15178E+00    1
    0.93307E+04    0.15496E+04   -0.15188E+00    1
    0.93407E+04    0.15496E+04   -0.15199E+00    1
    0.93506E+04    0.15496E+04   -0.15209E+00    1
    0.93606E+04    0.15496E+04   -0.15219E+00    1
    0.93706E+04    0.15496E+04   -0.15230E+00    1
    0.93806E+04    0.15496E+04   -0.15240E+00    1
    0.93906E+04    0.15496E+04   -0.15251E+00    1
    0.94006E+04    0.15496E+04   -0.15261E+00    1
    0.94106E+04    0.15496E+04   -0.15271E+00    1
    0.94206E+04    0.15496E+04   -0.15282E+00    1
    0.94306E+04    0.15496E+04   -0.15292E+00    1
    0.94406E+04    0.15496E+04   -0.15303E+00    1
    0.94506E+04    0.15496E+04   -0.15313E+00    1
    0.94605E+04    0.15496E+04   -0.15323E+00    1
    0.94705E+04    0.15496E+04   -0.15334E+00    1
    0.94805E+04    0.15496E+04   -0.15344E+00    1
    0.94905E+04    0.15496E+04   -0.15355E+00    1
    0.95005E+04    0.15496E+04   -0.15403E+00    1
    0.95105E+04    0.15496E+04   -0.15508E+00    1
    0.95205E+04    0.15496E+04   -0.15496E+00    1
    0.95305E+04    0.15496E+04   -0.15485E+00    1
    0.95405E+04    0.15496E+04   -0.15473E+00    1
    0.95505E+04    0.15496E+04   -0.15462E+00    1
    0.95604E+04    0.15496E+04   -0.15451E+00    1
    0.95704E+04    0.15496E+04   -0.15439E+00    1
    0.95804E+04    0.15496E+04   -0.15428E+00    1
    0.95904E+04    0.15496E+04   -0.15416E+00    1
    0.96004E+04    0.15496E+04   -0.15405E+00    1
    0.96104E+04    0.15496E+04   -0.15394E+00    1
    0.96204E+04    0.15496E+04   -0.15382E+00    1
    0.96304E+04    0.15496E+04   -0.15371E+00    1
    0.96404E+04    0.15496E+04   -0.15359E+00    1
    0.96504E+04    0.15496E+04   -0.15348E+00    1
    0.96603E+04    0.15496E+04   -0.15337E+00    1
    0.96703E+04    0.15496E+04   -0.15325E+00    1
    0.96803E+04    0.15496E+04   -0.15314E+00    1
    0.96903E+04    0.15496E+04   -0.15302E+00    1
    0.97003E+04    0.15496E+04   -0.15291E+00    1
    0.97103E+04    0.15496E+04   -0.15280E+00    1
    0.97203E+04    0.15496E+04   -0.15268E+00    1
    0.97303E+04    0.15496E+04   -0.15257E+00    1
    0.97403E+04    0.15496E+04   -0.15245E+00    1
    0.97502E+04    0.15496E+04   -0.15234E+00    1
    0.97602E+04    0.15496E+04   -0.15222E+00    1
    0.97702E+04    0.15496E+04   -0.15210E+00    1
    0.97802E+04    0.15496E+04   -0.15198E+00    1
    0.97902E+04    0.15496E+04   -0.15187E+00    1
    0.98002E+04    0.15496E+04   -0.15175E+00    1
    0.98102E+04    0.15496E+04   -0.15163E+00    1
    0.98202E+04    0.15496E+04   -0.15151E+00    1
    0.98302E+04    0.15496E+04   -0.15139E+00    1
    0.98402E+04    0.15496E+04   -0.15128E+00    1
    0.98501E+04    0.15496E+04   -0.15116E+00    1
    0.98601E+04    0.15496E+04   -0.15104E+00    1
    0.98701E+04    0.15496E+04   -0.15092E+00    1
    0.98801E+04    0.15496E+04   -0.15080E+00    1
    0.98901E+04    0.15496E+04   -0.15068E+00    1
    0.99001E+04    0.15496E+04   -0.15057E+00    1
    0.99101E+04    0.15496E+04   -0.15045E+00    1
    0.99201E+04    0.15496E+04   -0.15033E+00    1
    0.99301E+04    0.15496E+04   -0.15021E+00    1
    0.99401E+04    0.15496E+04   -0.15009E+00    1
    0.99501E+04    0.15496E+04   -0.14998E+00    1
    0.99600E+04    0.15496E+04   -0.14986E+00    1
    0.99700E+04    0.15496E+04   -0.14974E+00    1
    0.99800E+04    0.15496E+04   -0.14962E+00    1
    0.99900E+04    0.15496E+04   -0.14950E+00    1
    0.10000E+05    0.15496E+04   -0.15070E+00    1
