 T =     0.25229E+13

          X              Y          COND*TMPy

    0.10000E+02    0.20390E+04   -0.17996E+02    1


    0.10000E+02    0.15496E+04   -0.34201E+02    1
    0.19990E+02    0.15496E+04   -0.34092E+02    1
    0.29980E+02    0.15496E+04   -0.34743E+02    1
    0.39970E+02    0.15496E+04   -0.34644E+02    1
    0.49960E+02    0.15496E+04   -0.34526E+02    1
    0.59950E+02    0.15496E+04   -0.34390E+02    1
    0.69940E+02    0.15496E+04   -0.34236E+02    1
    0.79930E+02    0.15496E+04   -0.34065E+02    1
    0.89920E+02    0.15496E+04   -0.33876E+02    1
    0.99910E+02    0.15496E+04   -0.30808E+02    1
    0.10990E+03    0.15496E+04   -0.24744E+02    1
    0.11989E+03    0.15496E+04   -0.18172E+02    1
    0.12988E+03    0.15496E+04   -0.13455E+02    1
    0.13987E+03    0.15496E+04   -0.13209E+02    1
    0.14986E+03    0.15496E+04   -0.12966E+02    1
    0.15985E+03    0.15496E+04   -0.12726E+02    1
    0.16984E+03    0.15496E+04   -0.12490E+02    1
    0.17983E+03    0.15496E+04   -0.12257E+02    1
    0.18982E+03    0.15496E+04   -0.12027E+02    1
    0.19981E+03    0.15496E+04   -0.12728E+02    1
    0.20980E+03    0.15496E+04   -0.12686E+02    1
    0.21979E+03    0.15496E+04   -0.12638E+02    1
    0.22978E+03    0.15496E+04   -0.12590E+02    1
    0.23977E+03    0.15496E+04   -0.12542E+02    1
    0.24976E+03    0.15496E+04   -0.12487E+02    1
    0.25975E+03    0.15496E+04   -0.12406E+02    1
    0.26974E+03    0.15496E+04   -0.12326E+02    1
    0.27973E+03    0.15496E+04   -0.12251E+02    1
    0.28972E+03    0.15496E+04   -0.12177E+02    1
    0.29971E+03    0.15496E+04   -0.12095E+02    1
    0.30970E+03    0.15496E+04   -0.12010E+02    1
    0.31969E+03    0.15496E+04   -0.11925E+02    1
    0.32968E+03    0.15496E+04   -0.11859E+02    1
    0.33967E+03    0.15496E+04   -0.11789E+02    1
    0.34966E+03    0.15496E+04   -0.11718E+02    1
    0.35965E+03    0.15496E+04   -0.11644E+02    1
    0.36964E+03    0.15496E+04   -0.11571E+02    1
    0.37963E+03    0.15496E+04   -0.11498E+02    1
    0.38962E+03    0.15496E+04   -0.11428E+02    1
    0.39961E+03    0.15496E+04   -0.11360E+02    1
    0.40960E+03    0.15496E+04   -0.11268E+02    1
    0.41959E+03    0.15496E+04   -0.11205E+02    1
    0.42958E+03    0.15496E+04   -0.11144E+02    1
    0.43957E+03    0.15496E+04   -0.11082E+02    1
    0.44956E+03    0.15496E+04   -0.11022E+02    1
    0.45955E+03    0.15496E+04   -0.10957E+02    1
    0.46954E+03    0.15496E+04   -0.10892E+02    1
    0.47953E+03    0.15496E+04   -0.10827E+02    1
    0.48952E+03    0.15496E+04   -0.10759E+02    1
    0.49951E+03    0.15496E+04   -0.10692E+02    1
    0.50950E+03    0.15496E+04   -0.10633E+02    1
    0.51949E+03    0.15496E+04   -0.10575E+02    1
    0.52948E+03    0.15496E+04   -0.10516E+02    1
    0.53947E+03    0.15496E+04   -0.10455E+02    1
    0.54946E+03    0.15496E+04   -0.10394E+02    1
    0.55945E+03    0.15496E+04   -0.10331E+02    1
    0.56944E+03    0.15496E+04   -0.10267E+02    1
    0.57943E+03    0.15496E+04   -0.10205E+02    1
    0.58942E+03    0.15496E+04   -0.10144E+02    1
    0.59941E+03    0.15496E+04   -0.10048E+02    1
    0.60940E+03    0.15496E+04   -0.99793E+01    1
    0.61939E+03    0.15496E+04   -0.99117E+01    1
    0.62938E+03    0.15496E+04   -0.99381E+01    1
    0.63937E+03    0.15496E+04   -0.98831E+01    1
    0.64936E+03    0.15496E+04   -0.98287E+01    1
    0.65935E+03    0.15496E+04   -0.97786E+01    1
    0.66934E+03    0.15496E+04   -0.97293E+01    1
    0.67933E+03    0.15496E+04   -0.96620E+01    1
    0.68932E+03    0.15496E+04   -0.95763E+01    1
    0.69931E+03    0.15496E+04   -0.94931E+01    1
    0.70930E+03    0.15496E+04   -0.94468E+01    1
    0.71929E+03    0.15496E+04   -0.94010E+01    1
    0.72928E+03    0.15496E+04   -0.93556E+01    1
    0.73927E+03    0.15496E+04   -0.93147E+01    1
    0.74926E+03    0.15496E+04   -0.92727E+01    1
    0.75925E+03    0.15496E+04   -0.92013E+01    1
    0.76924E+03    0.15496E+04   -0.91310E+01    1
    0.77923E+03    0.15496E+04   -0.90617E+01    1
    0.78922E+03    0.15496E+04   -0.90201E+01    1
    0.79921E+03    0.15496E+04   -0.89416E+01    1
    0.80920E+03    0.15496E+04   -0.88968E+01    1
    0.81919E+03    0.15496E+04   -0.88527E+01    1
    0.82918E+03    0.15496E+04   -0.88391E+01    1
    0.83917E+03    0.15496E+04   -0.88267E+01    1
    0.84916E+03    0.15496E+04   -0.62605E+01    1
    0.85915E+03    0.15496E+04   -0.19342E+01    1
    0.86914E+03    0.15496E+04    0.12448E+01    1
    0.87913E+03    0.15496E+04    0.11779E+01    1
    0.88912E+03    0.15496E+04    0.11133E+01    1
    0.89911E+03    0.15496E+04    0.10516E+01    1
    0.90910E+03    0.15496E+04    0.84256E+00    1
    0.91909E+03    0.15496E+04    0.79336E+00    1
    0.92908E+03    0.15496E+04    0.92734E+00    1
    0.93907E+03    0.15496E+04    0.93175E+00    1
    0.94906E+03    0.15496E+04    0.93643E+00    1
    0.95905E+03    0.15496E+04    0.94140E+00    1
    0.96904E+03    0.15496E+04    0.94513E+00    1
    0.97903E+03    0.15496E+04    0.94903E+00    1
    0.98902E+03    0.15496E+04    0.94062E+00    1
    0.99901E+03    0.15496E+04    0.93518E+00    1
    0.10090E+04    0.15496E+04    0.93011E+00    1
    0.10190E+04    0.15496E+04    0.92467E+00    1
    0.10290E+04    0.15496E+04    0.91558E+00    1
    0.10390E+04    0.15496E+04    0.90686E+00    1
    0.10490E+04    0.15496E+04    0.89850E+00    1
    0.10590E+04    0.15496E+04    0.89543E+00    1
    0.10689E+04    0.15496E+04    0.88818E+00    1
    0.10789E+04    0.15496E+04    0.88194E+00    1
    0.10889E+04    0.15496E+04    0.87590E+00    1
    0.10989E+04    0.15496E+04    0.87001E+00    1
    0.11089E+04    0.15496E+04    0.86428E+00    1
    0.11189E+04    0.15496E+04    0.86000E+00    1
    0.11289E+04    0.15496E+04    0.85701E+00    1
    0.11389E+04    0.15496E+04    0.85417E+00    1
    0.11489E+04    0.15496E+04    0.85146E+00    1
    0.11589E+04    0.15496E+04    0.84889E+00    1
    0.11688E+04    0.15496E+04    0.84594E+00    1
    0.11788E+04    0.15496E+04    0.83748E+00    1
    0.11888E+04    0.15496E+04    0.83587E+00    1
    0.11988E+04    0.15496E+04    0.83544E+00    1
    0.12088E+04    0.15496E+04    0.83537E+00    1
    0.12188E+04    0.15496E+04    0.82524E+00    1
    0.12288E+04    0.15496E+04    0.82574E+00    1
    0.12388E+04    0.15496E+04    0.82631E+00    1
    0.12488E+04    0.15496E+04    0.82696E+00    1
    0.12588E+04    0.15496E+04    0.83328E+00    1
    0.12687E+04    0.15496E+04    0.82875E+00    1
    0.12787E+04    0.15496E+04    0.82432E+00    1
    0.12887E+04    0.15496E+04    0.82220E+00    1
    0.12987E+04    0.15496E+04    0.82229E+00    1
    0.13087E+04    0.15496E+04    0.82242E+00    1
    0.13187E+04    0.15496E+04    0.82261E+00    1
    0.13287E+04    0.15496E+04    0.82283E+00    1
    0.13387E+04    0.15496E+04    0.82592E+00    1
    0.13487E+04    0.15496E+04    0.82807E+00    1
    0.13587E+04    0.15496E+04    0.83037E+00    1
    0.13686E+04    0.15496E+04    0.83270E+00    1
    0.13786E+04    0.15496E+04    0.83614E+00    1
    0.13886E+04    0.15496E+04    0.84307E+00    1
    0.13986E+04    0.15496E+04    0.85000E+00    1
    0.14086E+04    0.15496E+04    0.85692E+00    1
    0.14186E+04    0.15496E+04    0.86384E+00    1
    0.14286E+04    0.15496E+04    0.87075E+00    1
    0.14386E+04    0.15496E+04    0.87766E+00    1
    0.14486E+04    0.15496E+04    0.88458E+00    1
    0.14585E+04    0.15496E+04    0.89149E+00    1
    0.14685E+04    0.15496E+04    0.91866E+00    1
    0.14785E+04    0.15496E+04    0.92752E+00    1
    0.14885E+04    0.15496E+04    0.93619E+00    1
    0.14985E+04    0.15496E+04    0.94485E+00    1
    0.15085E+04    0.15496E+04    0.95350E+00    1
    0.15185E+04    0.15496E+04    0.96100E+00    1
    0.15285E+04    0.15496E+04    0.98171E+00    1
    0.15385E+04    0.15496E+04    0.99839E+00    1
    0.15485E+04    0.15496E+04    0.10133E+01    1
    0.15585E+04    0.15496E+04    0.10336E+01    1
    0.15684E+04    0.15496E+04    0.10511E+01    1
    0.15784E+04    0.15496E+04    0.10694E+01    1
    0.15884E+04    0.15496E+04    0.10888E+01    1
    0.15984E+04    0.15496E+04    0.11082E+01    1
    0.16084E+04    0.15496E+04    0.11275E+01    1
    0.16184E+04    0.15496E+04    0.11467E+01    1
    0.16284E+04    0.15496E+04    0.11659E+01    1
    0.16384E+04    0.15496E+04    0.11851E+01    1
    0.16484E+04    0.15496E+04    0.12360E+01    1
    0.16584E+04    0.15496E+04    0.12240E+01    1
    0.16683E+04    0.15496E+04    0.12577E+01    1
    0.16783E+04    0.15496E+04    0.12913E+01    1
    0.16883E+04    0.15496E+04    0.13249E+01    1
    0.16983E+04    0.15496E+04    0.13584E+01    1
    0.17083E+04    0.15496E+04    0.14229E+01    1
    0.17183E+04    0.15496E+04    0.14588E+01    1
    0.17283E+04    0.15496E+04    0.14840E+01    1
    0.17383E+04    0.15496E+04    0.15291E+01    1
    0.17483E+04    0.15496E+04    0.15740E+01    1
    0.17582E+04    0.15496E+04    0.16188E+01    1
    0.17682E+04    0.15496E+04    0.16625E+01    1
    0.17782E+04    0.15496E+04    0.17292E+01    1
    0.17882E+04    0.15496E+04    0.17956E+01    1
    0.17982E+04    0.15496E+04    0.18618E+01    1
    0.18082E+04    0.15496E+04    0.19484E+01    1
    0.18182E+04    0.15496E+04    0.20386E+01    1
    0.18282E+04    0.15496E+04    0.22464E+01    1
    0.18382E+04    0.15496E+04    0.23373E+01    1
    0.18482E+04    0.15496E+04    0.24279E+01    1
    0.18582E+04    0.15496E+04    0.25182E+01    1
    0.18681E+04    0.15496E+04    0.26083E+01    1
    0.18781E+04    0.15496E+04    0.27235E+01    1
    0.18881E+04    0.15496E+04    0.29251E+01    1
    0.18981E+04    0.15496E+04    0.31252E+01    1
    0.19081E+04    0.15496E+04    0.33236E+01    1
    0.19181E+04    0.15496E+04    0.35201E+01    1
    0.19281E+04    0.15496E+04    0.37126E+01    1
    0.19381E+04    0.15496E+04    0.39022E+01    1
    0.19481E+04    0.15496E+04    0.40888E+01    1
    0.19580E+04    0.15496E+04    0.42722E+01    1
    0.19680E+04    0.15496E+04    0.44521E+01    1
    0.19780E+04    0.15496E+04    0.46284E+01    1
    0.19880E+04    0.15496E+04    0.48009E+01    1
    0.19980E+04    0.15496E+04    0.11751E+02    1
    0.20080E+04    0.15496E+04   -0.98013E-01    1
    0.20180E+04    0.15496E+04   -0.10015E+00    1
    0.20280E+04    0.15496E+04   -0.10229E+00    1
    0.20380E+04    0.15496E+04   -0.10443E+00    1
    0.20480E+04    0.15496E+04   -0.10657E+00    1
    0.20579E+04    0.15496E+04   -0.10871E+00    1
    0.20679E+04    0.15496E+04   -0.11085E+00    1
    0.20779E+04    0.15496E+04   -0.11299E+00    1
    0.20879E+04    0.15496E+04   -0.11512E+00    1
    0.20979E+04    0.15496E+04   -0.11726E+00    1
    0.21079E+04    0.15496E+04   -0.11940E+00    1
    0.21179E+04    0.15496E+04   -0.12154E+00    1
    0.21279E+04    0.15496E+04   -0.12361E+00    1
    0.21379E+04    0.15496E+04   -0.12514E+00    1
    0.21479E+04    0.15496E+04   -0.12668E+00    1
    0.21578E+04    0.15496E+04   -0.12822E+00    1
    0.21678E+04    0.15496E+04   -0.12976E+00    1
    0.21778E+04    0.15496E+04   -0.13129E+00    1
    0.21878E+04    0.15496E+04   -0.13283E+00    1
    0.21978E+04    0.15496E+04   -0.13437E+00    1
    0.22078E+04    0.15496E+04   -0.13591E+00    1
    0.22178E+04    0.15496E+04   -0.13744E+00    1
    0.22278E+04    0.15496E+04   -0.13898E+00    1
    0.22378E+04    0.15496E+04   -0.14052E+00    1
    0.22478E+04    0.15496E+04   -0.14157E+00    1
    0.22578E+04    0.15496E+04   -0.14197E+00    1
    0.22677E+04    0.15496E+04   -0.14264E+00    1
    0.22777E+04    0.15496E+04   -0.14332E+00    1
    0.22877E+04    0.15496E+04   -0.14400E+00    1
    0.22977E+04    0.15496E+04   -0.14467E+00    1
    0.23077E+04    0.15496E+04   -0.14535E+00    1
    0.23177E+04    0.15496E+04   -0.14603E+00    1
    0.23277E+04    0.15496E+04   -0.14670E+00    1
    0.23377E+04    0.15496E+04   -0.14738E+00    1
    0.23477E+04    0.15496E+04   -0.14806E+00    1
    0.23577E+04    0.15496E+04   -0.14873E+00    1
    0.23676E+04    0.15496E+04   -0.14941E+00    1
    0.23776E+04    0.15496E+04   -0.15004E+00    1
    0.23876E+04    0.15496E+04   -0.15060E+00    1
    0.23976E+04    0.15496E+04   -0.15117E+00    1
    0.24076E+04    0.15496E+04   -0.15174E+00    1
    0.24176E+04    0.15496E+04   -0.15230E+00    1
    0.24276E+04    0.15496E+04   -0.15287E+00    1
    0.24376E+04    0.15496E+04   -0.15344E+00    1
    0.24476E+04    0.15496E+04   -0.15400E+00    1
    0.24576E+04    0.15496E+04   -0.15457E+00    1
    0.24675E+04    0.15496E+04   -0.15514E+00    1
    0.24775E+04    0.15496E+04   -0.15570E+00    1
    0.24875E+04    0.15496E+04   -0.15627E+00    1
    0.24975E+04    0.15496E+04   -0.15623E+00    1
    0.25075E+04    0.15496E+04   -0.15686E+00    1
    0.25175E+04    0.15496E+04   -0.15700E+00    1
    0.25275E+04    0.15496E+04   -0.15714E+00    1
    0.25375E+04    0.15496E+04   -0.15728E+00    1
    0.25475E+04    0.15496E+04   -0.15742E+00    1
    0.25575E+04    0.15496E+04   -0.15756E+00    1
    0.25674E+04    0.15496E+04   -0.15770E+00    1
    0.25774E+04    0.15496E+04   -0.15784E+00    1
    0.25874E+04    0.15496E+04   -0.15798E+00    1
    0.25974E+04    0.15496E+04   -0.15813E+00    1
    0.26074E+04    0.15496E+04   -0.15827E+00    1
    0.26174E+04    0.15496E+04   -0.15841E+00    1
    0.26274E+04    0.15496E+04   -0.15846E+00    1
    0.26374E+04    0.15496E+04   -0.15839E+00    1
    0.26474E+04    0.15496E+04   -0.15832E+00    1
    0.26573E+04    0.15496E+04   -0.15826E+00    1
    0.26673E+04    0.15496E+04   -0.15819E+00    1
    0.26773E+04    0.15496E+04   -0.15812E+00    1
    0.26873E+04    0.15496E+04   -0.15805E+00    1
    0.26973E+04    0.15496E+04   -0.15798E+00    1
    0.27073E+04    0.15496E+04   -0.15792E+00    1
    0.27173E+04    0.15496E+04   -0.15785E+00    1
    0.27273E+04    0.15496E+04   -0.15778E+00    1
    0.27373E+04    0.15496E+04   -0.15771E+00    1
    0.27473E+04    0.15496E+04   -0.15695E+00    1
    0.27572E+04    0.15496E+04   -0.15705E+00    1
    0.27672E+04    0.15496E+04   -0.15671E+00    1
    0.27772E+04    0.15496E+04   -0.15637E+00    1
    0.27872E+04    0.15496E+04   -0.15604E+00    1
    0.27972E+04    0.15496E+04   -0.15570E+00    1
    0.28072E+04    0.15496E+04   -0.15536E+00    1
    0.28172E+04    0.15496E+04   -0.15502E+00    1
    0.28272E+04    0.15496E+04   -0.15468E+00    1
    0.28372E+04    0.15496E+04   -0.15434E+00    1
    0.28472E+04    0.15496E+04   -0.15401E+00    1
    0.28572E+04    0.15496E+04   -0.15367E+00    1
    0.28671E+04    0.15496E+04   -0.15333E+00    1
    0.28771E+04    0.15496E+04   -0.15296E+00    1
    0.28871E+04    0.15496E+04   -0.15255E+00    1
    0.28971E+04    0.15496E+04   -0.15214E+00    1
    0.29071E+04    0.15496E+04   -0.15173E+00    1
    0.29171E+04    0.15496E+04   -0.15132E+00    1
    0.29271E+04    0.15496E+04   -0.15091E+00    1
    0.29371E+04    0.15496E+04   -0.15049E+00    1
    0.29471E+04    0.15496E+04   -0.15008E+00    1
    0.29571E+04    0.15496E+04   -0.14967E+00    1
    0.29670E+04    0.15496E+04   -0.14926E+00    1
    0.29770E+04    0.15496E+04   -0.14885E+00    1
    0.29870E+04    0.15496E+04   -0.14844E+00    1
    0.29970E+04    0.15496E+04   -0.14779E+00    1
    0.30070E+04    0.15496E+04   -0.14734E+00    1
    0.30170E+04    0.15496E+04   -0.14690E+00    1
    0.30270E+04    0.15496E+04   -0.14645E+00    1
    0.30370E+04    0.15496E+04   -0.14601E+00    1
    0.30470E+04    0.15496E+04   -0.14556E+00    1
    0.30570E+04    0.15496E+04   -0.14512E+00    1
    0.30669E+04    0.15496E+04   -0.14468E+00    1
    0.30769E+04    0.15496E+04   -0.14423E+00    1
    0.30869E+04    0.15496E+04   -0.14379E+00    1
    0.30969E+04    0.15496E+04   -0.14335E+00    1
    0.31069E+04    0.15496E+04   -0.14290E+00    1
    0.31169E+04    0.15496E+04   -0.14246E+00    1
    0.31269E+04    0.15496E+04   -0.14204E+00    1
    0.31369E+04    0.15496E+04   -0.14165E+00    1
    0.31469E+04    0.15496E+04   -0.14126E+00    1
    0.31568E+04    0.15496E+04   -0.14087E+00    1
    0.31668E+04    0.15496E+04   -0.14048E+00    1
    0.31768E+04    0.15496E+04   -0.14009E+00    1
    0.31868E+04    0.15496E+04   -0.13970E+00    1
    0.31968E+04    0.15496E+04   -0.13931E+00    1
    0.32068E+04    0.15496E+04   -0.13892E+00    1
    0.32168E+04    0.15496E+04   -0.13853E+00    1
    0.32268E+04    0.15496E+04   -0.13814E+00    1
    0.32368E+04    0.15496E+04   -0.13775E+00    1
    0.32468E+04    0.15496E+04   -0.13805E+00    1
    0.32568E+04    0.15496E+04   -0.13720E+00    1
    0.32667E+04    0.15496E+04   -0.13717E+00    1
    0.32767E+04    0.15496E+04   -0.13713E+00    1
    0.32867E+04    0.15496E+04   -0.13709E+00    1
    0.32967E+04    0.15496E+04   -0.13706E+00    1
    0.33067E+04    0.15496E+04   -0.13702E+00    1
    0.33167E+04    0.15496E+04   -0.13699E+00    1
    0.33267E+04    0.15496E+04   -0.13695E+00    1
    0.33367E+04    0.15496E+04   -0.13691E+00    1
    0.33467E+04    0.15496E+04   -0.13688E+00    1
    0.33567E+04    0.15496E+04   -0.13684E+00    1
    0.33666E+04    0.15496E+04   -0.13681E+00    1
    0.33766E+04    0.15496E+04   -0.13680E+00    1
    0.33866E+04    0.15496E+04   -0.13687E+00    1
    0.33966E+04    0.15496E+04   -0.13694E+00    1
    0.34066E+04    0.15496E+04   -0.13701E+00    1
    0.34166E+04    0.15496E+04   -0.13708E+00    1
    0.34266E+04    0.15496E+04   -0.13715E+00    1
    0.34366E+04    0.15496E+04   -0.13722E+00    1
    0.34466E+04    0.15496E+04   -0.13729E+00    1
    0.34566E+04    0.15496E+04   -0.13736E+00    1
    0.34665E+04    0.15496E+04   -0.13743E+00    1
    0.34765E+04    0.15496E+04   -0.13750E+00    1
    0.34865E+04    0.15496E+04   -0.13757E+00    1
    0.34965E+04    0.15496E+04   -0.13763E+00    1
    0.35065E+04    0.15496E+04   -0.13815E+00    1
    0.35165E+04    0.15496E+04   -0.13843E+00    1
    0.35265E+04    0.15496E+04   -0.13871E+00    1
    0.35365E+04    0.15496E+04   -0.13898E+00    1
    0.35465E+04    0.15496E+04   -0.13926E+00    1
    0.35565E+04    0.15496E+04   -0.13954E+00    1
    0.35664E+04    0.15496E+04   -0.13982E+00    1
    0.35764E+04    0.15496E+04   -0.14010E+00    1
    0.35864E+04    0.15496E+04   -0.14038E+00    1
    0.35964E+04    0.15496E+04   -0.14066E+00    1
    0.36064E+04    0.15496E+04   -0.14093E+00    1
    0.36164E+04    0.15496E+04   -0.14121E+00    1
    0.36264E+04    0.15496E+04   -0.14150E+00    1
    0.36364E+04    0.15496E+04   -0.14181E+00    1
    0.36464E+04    0.15496E+04   -0.14212E+00    1
    0.36563E+04    0.15496E+04   -0.14243E+00    1
    0.36663E+04    0.15496E+04   -0.14274E+00    1
    0.36763E+04    0.15496E+04   -0.14305E+00    1
    0.36863E+04    0.15496E+04   -0.14337E+00    1
    0.36963E+04    0.15496E+04   -0.14368E+00    1
    0.37063E+04    0.15496E+04   -0.14399E+00    1
    0.37163E+04    0.15496E+04   -0.14430E+00    1
    0.37263E+04    0.15496E+04   -0.14461E+00    1
    0.37363E+04    0.15496E+04   -0.14492E+00    1
    0.37463E+04    0.15496E+04   -0.14523E+00    1
    0.37562E+04    0.15496E+04   -0.14577E+00    1
    0.37662E+04    0.15496E+04   -0.14609E+00    1
    0.37762E+04    0.15496E+04   -0.14641E+00    1
    0.37862E+04    0.15496E+04   -0.14673E+00    1
    0.37962E+04    0.15496E+04   -0.14705E+00    1
    0.38062E+04    0.15496E+04   -0.14737E+00    1
    0.38162E+04    0.15496E+04   -0.14769E+00    1
    0.38262E+04    0.15496E+04   -0.14801E+00    1
    0.38362E+04    0.15496E+04   -0.14833E+00    1
    0.38462E+04    0.15496E+04   -0.14866E+00    1
    0.38562E+04    0.15496E+04   -0.14898E+00    1
    0.38661E+04    0.15496E+04   -0.14930E+00    1
    0.38761E+04    0.15496E+04   -0.14961E+00    1
    0.38861E+04    0.15496E+04   -0.14992E+00    1
    0.38961E+04    0.15496E+04   -0.15023E+00    1
    0.39061E+04    0.15496E+04   -0.15053E+00    1
    0.39161E+04    0.15496E+04   -0.15084E+00    1
    0.39261E+04    0.15496E+04   -0.15114E+00    1
    0.39361E+04    0.15496E+04   -0.15145E+00    1
    0.39461E+04    0.15496E+04   -0.15176E+00    1
    0.39561E+04    0.15496E+04   -0.15206E+00    1
    0.39660E+04    0.15496E+04   -0.15237E+00    1
    0.39760E+04    0.15496E+04   -0.15268E+00    1
    0.39860E+04    0.15496E+04   -0.15298E+00    1
    0.39960E+04    0.15496E+04   -0.15329E+00    1
    0.40060E+04    0.15496E+04   -0.15544E+00    1
    0.40160E+04    0.15496E+04   -0.15534E+00    1
    0.40260E+04    0.15496E+04   -0.15524E+00    1
    0.40360E+04    0.15496E+04   -0.15515E+00    1
    0.40460E+04    0.15496E+04   -0.15505E+00    1
    0.40560E+04    0.15496E+04   -0.15496E+00    1
    0.40659E+04    0.15496E+04   -0.15486E+00    1
    0.40759E+04    0.15496E+04   -0.15476E+00    1
    0.40859E+04    0.15496E+04   -0.15467E+00    1
    0.40959E+04    0.15496E+04   -0.15457E+00    1
    0.41059E+04    0.15496E+04   -0.15447E+00    1
    0.41159E+04    0.15496E+04   -0.15438E+00    1
    0.41259E+04    0.15496E+04   -0.15428E+00    1
    0.41359E+04    0.15496E+04   -0.15419E+00    1
    0.41459E+04    0.15496E+04   -0.15409E+00    1
    0.41559E+04    0.15496E+04   -0.15399E+00    1
    0.41658E+04    0.15496E+04   -0.15390E+00    1
    0.41758E+04    0.15496E+04   -0.15380E+00    1
    0.41858E+04    0.15496E+04   -0.15370E+00    1
    0.41958E+04    0.15496E+04   -0.15361E+00    1
    0.42058E+04    0.15496E+04   -0.15351E+00    1
    0.42158E+04    0.15496E+04   -0.15341E+00    1
    0.42258E+04    0.15496E+04   -0.15332E+00    1
    0.42358E+04    0.15496E+04   -0.15322E+00    1
    0.42458E+04    0.15496E+04   -0.15313E+00    1
    0.42558E+04    0.15496E+04   -0.15293E+00    1
    0.42657E+04    0.15496E+04   -0.15269E+00    1
    0.42757E+04    0.15496E+04   -0.15246E+00    1
    0.42857E+04    0.15496E+04   -0.15222E+00    1
    0.42957E+04    0.15496E+04   -0.15199E+00    1
    0.43057E+04    0.15496E+04   -0.15175E+00    1
    0.43157E+04    0.15496E+04   -0.15152E+00    1
    0.43257E+04    0.15496E+04   -0.15128E+00    1
    0.43357E+04    0.15496E+04   -0.15105E+00    1
    0.43457E+04    0.15496E+04   -0.15081E+00    1
    0.43557E+04    0.15496E+04   -0.15058E+00    1
    0.43656E+04    0.15496E+04   -0.15034E+00    1
    0.43756E+04    0.15496E+04   -0.15011E+00    1
    0.43856E+04    0.15496E+04   -0.14987E+00    1
    0.43956E+04    0.15496E+04   -0.14964E+00    1
    0.44056E+04    0.15496E+04   -0.14940E+00    1
    0.44156E+04    0.15496E+04   -0.14917E+00    1
    0.44256E+04    0.15496E+04   -0.14893E+00    1
    0.44356E+04    0.15496E+04   -0.14870E+00    1
    0.44456E+04    0.15496E+04   -0.14846E+00    1
    0.44556E+04    0.15496E+04   -0.14823E+00    1
    0.44655E+04    0.15496E+04   -0.14799E+00    1
    0.44755E+04    0.15496E+04   -0.14776E+00    1
    0.44855E+04    0.15496E+04   -0.14752E+00    1
    0.44955E+04    0.15496E+04   -0.14729E+00    1
    0.45055E+04    0.15496E+04   -0.14558E+00    1
    0.45155E+04    0.15496E+04   -0.14560E+00    1
    0.45255E+04    0.15496E+04   -0.14561E+00    1
    0.45355E+04    0.15496E+04   -0.14563E+00    1
    0.45455E+04    0.15496E+04   -0.14564E+00    1
    0.45554E+04    0.15496E+04   -0.14566E+00    1
    0.45654E+04    0.15496E+04   -0.14567E+00    1
    0.45754E+04    0.15496E+04   -0.14569E+00    1
    0.45854E+04    0.15496E+04   -0.14571E+00    1
    0.45954E+04    0.15496E+04   -0.14572E+00    1
    0.46054E+04    0.15496E+04   -0.14574E+00    1
    0.46154E+04    0.15496E+04   -0.14575E+00    1
    0.46254E+04    0.15496E+04   -0.14577E+00    1
    0.46354E+04    0.15496E+04   -0.14578E+00    1
    0.46454E+04    0.15496E+04   -0.14580E+00    1
    0.46554E+04    0.15496E+04   -0.14582E+00    1
    0.46653E+04    0.15496E+04   -0.14583E+00    1
    0.46753E+04    0.15496E+04   -0.14585E+00    1
    0.46853E+04    0.15496E+04   -0.14586E+00    1
    0.46953E+04    0.15496E+04   -0.14588E+00    1
    0.47053E+04    0.15496E+04   -0.14589E+00    1
    0.47153E+04    0.15496E+04   -0.14591E+00    1
    0.47253E+04    0.15496E+04   -0.14592E+00    1
    0.47353E+04    0.15496E+04   -0.14594E+00    1
    0.47453E+04    0.15496E+04   -0.14596E+00    1
    0.47552E+04    0.15496E+04   -0.14605E+00    1
    0.47652E+04    0.15496E+04   -0.14619E+00    1
    0.47752E+04    0.15496E+04   -0.14633E+00    1
    0.47852E+04    0.15496E+04   -0.14647E+00    1
    0.47952E+04    0.15496E+04   -0.14661E+00    1
    0.48052E+04    0.15496E+04   -0.14675E+00    1
    0.48152E+04    0.15496E+04   -0.14689E+00    1
    0.48252E+04    0.15496E+04   -0.14703E+00    1
    0.48352E+04    0.15496E+04   -0.14717E+00    1
    0.48452E+04    0.15496E+04   -0.14731E+00    1
    0.48552E+04    0.15496E+04   -0.14745E+00    1
    0.48651E+04    0.15496E+04   -0.14759E+00    1
    0.48751E+04    0.15496E+04   -0.14773E+00    1
    0.48851E+04    0.15496E+04   -0.14787E+00    1
    0.48951E+04    0.15496E+04   -0.14801E+00    1
    0.49051E+04    0.15496E+04   -0.14815E+00    1
    0.49151E+04    0.15496E+04   -0.14829E+00    1
    0.49251E+04    0.15496E+04   -0.14843E+00    1
    0.49351E+04    0.15496E+04   -0.14857E+00    1
    0.49451E+04    0.15496E+04   -0.14871E+00    1
    0.49551E+04    0.15496E+04   -0.14885E+00    1
    0.49650E+04    0.15496E+04   -0.14899E+00    1
    0.49750E+04    0.15496E+04   -0.14913E+00    1
    0.49850E+04    0.15496E+04   -0.14927E+00    1
    0.49950E+04    0.15496E+04   -0.14941E+00    1
    0.50050E+04    0.15496E+04   -0.15193E+00    1
    0.50150E+04    0.15496E+04   -0.15186E+00    1
    0.50250E+04    0.15496E+04   -0.15180E+00    1
    0.50350E+04    0.15496E+04   -0.15173E+00    1
    0.50450E+04    0.15496E+04   -0.15166E+00    1
    0.50549E+04    0.15496E+04   -0.15160E+00    1
    0.50649E+04    0.15496E+04   -0.15153E+00    1
    0.50749E+04    0.15496E+04   -0.15146E+00    1
    0.50849E+04    0.15496E+04   -0.15140E+00    1
    0.50949E+04    0.15496E+04   -0.15133E+00    1
    0.51049E+04    0.15496E+04   -0.15126E+00    1
    0.51149E+04    0.15496E+04   -0.15120E+00    1
    0.51249E+04    0.15496E+04   -0.15113E+00    1
    0.51349E+04    0.15496E+04   -0.15106E+00    1
    0.51449E+04    0.15496E+04   -0.15100E+00    1
    0.51549E+04    0.15496E+04   -0.15093E+00    1
    0.51648E+04    0.15496E+04   -0.15086E+00    1
    0.51748E+04    0.15496E+04   -0.15080E+00    1
    0.51848E+04    0.15496E+04   -0.15073E+00    1
    0.51948E+04    0.15496E+04   -0.15066E+00    1
    0.52048E+04    0.15496E+04   -0.15060E+00    1
    0.52148E+04    0.15496E+04   -0.15053E+00    1
    0.52248E+04    0.15496E+04   -0.15046E+00    1
    0.52348E+04    0.15496E+04   -0.15040E+00    1
    0.52448E+04    0.15496E+04   -0.15033E+00    1
    0.52548E+04    0.15496E+04   -0.15021E+00    1
    0.52647E+04    0.15496E+04   -0.15005E+00    1
    0.52747E+04    0.15496E+04   -0.14990E+00    1
    0.52847E+04    0.15496E+04   -0.14974E+00    1
    0.52947E+04    0.15496E+04   -0.14959E+00    1
    0.53047E+04    0.15496E+04   -0.14943E+00    1
    0.53147E+04    0.15496E+04   -0.14927E+00    1
    0.53247E+04    0.15496E+04   -0.14912E+00    1
    0.53347E+04    0.15496E+04   -0.14896E+00    1
    0.53447E+04    0.15496E+04   -0.14880E+00    1
    0.53547E+04    0.15496E+04   -0.14865E+00    1
    0.53646E+04    0.15496E+04   -0.14849E+00    1
    0.53746E+04    0.15496E+04   -0.14834E+00    1
    0.53846E+04    0.15496E+04   -0.14818E+00    1
    0.53946E+04    0.15496E+04   -0.14802E+00    1
    0.54046E+04    0.15496E+04   -0.14787E+00    1
    0.54146E+04    0.15496E+04   -0.14771E+00    1
    0.54246E+04    0.15496E+04   -0.14756E+00    1
    0.54346E+04    0.15496E+04   -0.14740E+00    1
    0.54446E+04    0.15496E+04   -0.14724E+00    1
    0.54546E+04    0.15496E+04   -0.14709E+00    1
    0.54645E+04    0.15496E+04   -0.14693E+00    1
    0.54745E+04    0.15496E+04   -0.14677E+00    1
    0.54845E+04    0.15496E+04   -0.14662E+00    1
    0.54945E+04    0.15496E+04   -0.14646E+00    1
    0.55045E+04    0.15496E+04   -0.14486E+00    1
    0.55145E+04    0.15496E+04   -0.14499E+00    1
    0.55245E+04    0.15496E+04   -0.14512E+00    1
    0.55345E+04    0.15496E+04   -0.14525E+00    1
    0.55445E+04    0.15496E+04   -0.14537E+00    1
    0.55544E+04    0.15496E+04   -0.14550E+00    1
    0.55644E+04    0.15496E+04   -0.14563E+00    1
    0.55744E+04    0.15496E+04   -0.14576E+00    1
    0.55844E+04    0.15496E+04   -0.14588E+00    1
    0.55944E+04    0.15496E+04   -0.14601E+00    1
    0.56044E+04    0.15496E+04   -0.14614E+00    1
    0.56144E+04    0.15496E+04   -0.14627E+00    1
    0.56244E+04    0.15496E+04   -0.14640E+00    1
    0.56344E+04    0.15496E+04   -0.14652E+00    1
    0.56444E+04    0.15496E+04   -0.14665E+00    1
    0.56544E+04    0.15496E+04   -0.14678E+00    1
    0.56643E+04    0.15496E+04   -0.14691E+00    1
    0.56743E+04    0.15496E+04   -0.14703E+00    1
    0.56843E+04    0.15496E+04   -0.14716E+00    1
    0.56943E+04    0.15496E+04   -0.14729E+00    1
    0.57043E+04    0.15496E+04   -0.14742E+00    1
    0.57143E+04    0.15496E+04   -0.14754E+00    1
    0.57243E+04    0.15496E+04   -0.14767E+00    1
    0.57343E+04    0.15496E+04   -0.14780E+00    1
    0.57443E+04    0.15496E+04   -0.14793E+00    1
    0.57542E+04    0.15496E+04   -0.14809E+00    1
    0.57642E+04    0.15496E+04   -0.14827E+00    1
    0.57742E+04    0.15496E+04   -0.14846E+00    1
    0.57842E+04    0.15496E+04   -0.14864E+00    1
    0.57942E+04    0.15496E+04   -0.14883E+00    1
    0.58042E+04    0.15496E+04   -0.14902E+00    1
    0.58142E+04    0.15496E+04   -0.14920E+00    1
    0.58242E+04    0.15496E+04   -0.14939E+00    1
    0.58342E+04    0.15496E+04   -0.14957E+00    1
    0.58442E+04    0.15496E+04   -0.14976E+00    1
    0.58542E+04    0.15496E+04   -0.14995E+00    1
    0.58641E+04    0.15496E+04   -0.15013E+00    1
    0.58741E+04    0.15496E+04   -0.15032E+00    1
    0.58841E+04    0.15496E+04   -0.15050E+00    1
    0.58941E+04    0.15496E+04   -0.15069E+00    1
    0.59041E+04    0.15496E+04   -0.15087E+00    1
    0.59141E+04    0.15496E+04   -0.15106E+00    1
    0.59241E+04    0.15496E+04   -0.15125E+00    1
    0.59341E+04    0.15496E+04   -0.15143E+00    1
    0.59441E+04    0.15496E+04   -0.15162E+00    1
    0.59541E+04    0.15496E+04   -0.15180E+00    1
    0.59640E+04    0.15496E+04   -0.15199E+00    1
    0.59740E+04    0.15496E+04   -0.15218E+00    1
    0.59840E+04    0.15496E+04   -0.15236E+00    1
    0.59940E+04    0.15496E+04   -0.15255E+00    1
    0.60040E+04    0.15496E+04   -0.15573E+00    1
    0.60140E+04    0.15496E+04   -0.15636E+00    1
    0.60240E+04    0.15496E+04   -0.15616E+00    1
    0.60340E+04    0.15496E+04   -0.15597E+00    1
    0.60440E+04    0.15496E+04   -0.15577E+00    1
    0.60539E+04    0.15496E+04   -0.15557E+00    1
    0.60639E+04    0.15496E+04   -0.15537E+00    1
    0.60739E+04    0.15496E+04   -0.15517E+00    1
    0.60839E+04    0.15496E+04   -0.15498E+00    1
    0.60939E+04    0.15496E+04   -0.15478E+00    1
    0.61039E+04    0.15496E+04   -0.15458E+00    1
    0.61139E+04    0.15496E+04   -0.15438E+00    1
    0.61239E+04    0.15496E+04   -0.15418E+00    1
    0.61339E+04    0.15496E+04   -0.15399E+00    1
    0.61439E+04    0.15496E+04   -0.15379E+00    1
    0.61539E+04    0.15496E+04   -0.15359E+00    1
    0.61638E+04    0.15496E+04   -0.15339E+00    1
    0.61738E+04    0.15496E+04   -0.15319E+00    1
    0.61838E+04    0.15496E+04   -0.15300E+00    1
    0.61938E+04    0.15496E+04   -0.15280E+00    1
    0.62038E+04    0.15496E+04   -0.15260E+00    1
    0.62138E+04    0.15496E+04   -0.15240E+00    1
    0.62238E+04    0.15496E+04   -0.15220E+00    1
    0.62338E+04    0.15496E+04   -0.15201E+00    1
    0.62438E+04    0.15496E+04   -0.15181E+00    1
    0.62538E+04    0.15496E+04   -0.15161E+00    1
    0.62637E+04    0.15496E+04   -0.15143E+00    1
    0.62737E+04    0.15496E+04   -0.15125E+00    1
    0.62837E+04    0.15496E+04   -0.15106E+00    1
    0.62937E+04    0.15496E+04   -0.15088E+00    1
    0.63037E+04    0.15496E+04   -0.15070E+00    1
    0.63137E+04    0.15496E+04   -0.15052E+00    1
    0.63237E+04    0.15496E+04   -0.15033E+00    1
    0.63337E+04    0.15496E+04   -0.15015E+00    1
    0.63437E+04    0.15496E+04   -0.14997E+00    1
    0.63537E+04    0.15496E+04   -0.14978E+00    1
    0.63636E+04    0.15496E+04   -0.14960E+00    1
    0.63736E+04    0.15496E+04   -0.14942E+00    1
    0.63836E+04    0.15496E+04   -0.14924E+00    1
    0.63936E+04    0.15496E+04   -0.14905E+00    1
    0.64036E+04    0.15496E+04   -0.14887E+00    1
    0.64136E+04    0.15496E+04   -0.14869E+00    1
    0.64236E+04    0.15496E+04   -0.14851E+00    1
    0.64336E+04    0.15496E+04   -0.14832E+00    1
    0.64436E+04    0.15496E+04   -0.14814E+00    1
    0.64536E+04    0.15496E+04   -0.14796E+00    1
    0.64635E+04    0.15496E+04   -0.14778E+00    1
    0.64735E+04    0.15496E+04   -0.14759E+00    1
    0.64835E+04    0.15496E+04   -0.14741E+00    1
    0.64935E+04    0.15496E+04   -0.14723E+00    1
    0.65035E+04    0.15496E+04   -0.14635E+00    1
    0.65135E+04    0.15496E+04   -0.14645E+00    1
    0.65235E+04    0.15496E+04   -0.14655E+00    1
    0.65335E+04    0.15496E+04   -0.14665E+00    1
    0.65435E+04    0.15496E+04   -0.14675E+00    1
    0.65534E+04    0.15496E+04   -0.14685E+00    1
    0.65634E+04    0.15496E+04   -0.14695E+00    1
    0.65734E+04    0.15496E+04   -0.14705E+00    1
    0.65834E+04    0.15496E+04   -0.14715E+00    1
    0.65934E+04    0.15496E+04   -0.14725E+00    1
    0.66034E+04    0.15496E+04   -0.14735E+00    1
    0.66134E+04    0.15496E+04   -0.14745E+00    1
    0.66234E+04    0.15496E+04   -0.14755E+00    1
    0.66334E+04    0.15496E+04   -0.14765E+00    1
    0.66434E+04    0.15496E+04   -0.14775E+00    1
    0.66534E+04    0.15496E+04   -0.14785E+00    1
    0.66633E+04    0.15496E+04   -0.14795E+00    1
    0.66733E+04    0.15496E+04   -0.14805E+00    1
    0.66833E+04    0.15496E+04   -0.14815E+00    1
    0.66933E+04    0.15496E+04   -0.14825E+00    1
    0.67033E+04    0.15496E+04   -0.14835E+00    1
    0.67133E+04    0.15496E+04   -0.14845E+00    1
    0.67233E+04    0.15496E+04   -0.14855E+00    1
    0.67333E+04    0.15496E+04   -0.14865E+00    1
    0.67433E+04    0.15496E+04   -0.14875E+00    1
    0.67532E+04    0.15496E+04   -0.14893E+00    1
    0.67632E+04    0.15496E+04   -0.14922E+00    1
    0.67732E+04    0.15496E+04   -0.14950E+00    1
    0.67832E+04    0.15496E+04   -0.14979E+00    1
    0.67932E+04    0.15496E+04   -0.15008E+00    1
    0.68032E+04    0.15496E+04   -0.15037E+00    1
    0.68132E+04    0.15496E+04   -0.15066E+00    1
    0.68232E+04    0.15496E+04   -0.15095E+00    1
    0.68332E+04    0.15496E+04   -0.15124E+00    1
    0.68432E+04    0.15496E+04   -0.15153E+00    1
    0.68532E+04    0.15496E+04   -0.15182E+00    1
    0.68631E+04    0.15496E+04   -0.15211E+00    1
    0.68731E+04    0.15496E+04   -0.15240E+00    1
    0.68831E+04    0.15496E+04   -0.15269E+00    1
    0.68931E+04    0.15496E+04   -0.15298E+00    1
    0.69031E+04    0.15496E+04   -0.15326E+00    1
    0.69131E+04    0.15496E+04   -0.15355E+00    1
    0.69231E+04    0.15496E+04   -0.15384E+00    1
    0.69331E+04    0.15496E+04   -0.15413E+00    1
    0.69431E+04    0.15496E+04   -0.15442E+00    1
    0.69531E+04    0.15496E+04   -0.15471E+00    1
    0.69630E+04    0.15496E+04   -0.15500E+00    1
    0.69730E+04    0.15496E+04   -0.15529E+00    1
    0.69830E+04    0.15496E+04   -0.15558E+00    1
    0.69930E+04    0.15496E+04   -0.15587E+00    1
    0.70030E+04    0.15496E+04   -0.15568E+00    1
    0.70130E+04    0.15496E+04   -0.15550E+00    1
    0.70230E+04    0.15496E+04   -0.15533E+00    1
    0.70330E+04    0.15496E+04   -0.15516E+00    1
    0.70430E+04    0.15496E+04   -0.15499E+00    1
    0.70529E+04    0.15496E+04   -0.15482E+00    1
    0.70629E+04    0.15496E+04   -0.15464E+00    1
    0.70729E+04    0.15496E+04   -0.15447E+00    1
    0.70829E+04    0.15496E+04   -0.15430E+00    1
    0.70929E+04    0.15496E+04   -0.15413E+00    1
    0.71029E+04    0.15496E+04   -0.15396E+00    1
    0.71129E+04    0.15496E+04   -0.15378E+00    1
    0.71229E+04    0.15496E+04   -0.15361E+00    1
    0.71329E+04    0.15496E+04   -0.15344E+00    1
    0.71429E+04    0.15496E+04   -0.15327E+00    1
    0.71529E+04    0.15496E+04   -0.15310E+00    1
    0.71628E+04    0.15496E+04   -0.15292E+00    1
    0.71728E+04    0.15496E+04   -0.15275E+00    1
    0.71828E+04    0.15496E+04   -0.15258E+00    1
    0.71928E+04    0.15496E+04   -0.15241E+00    1
    0.72028E+04    0.15496E+04   -0.15224E+00    1
    0.72128E+04    0.15496E+04   -0.15206E+00    1
    0.72228E+04    0.15496E+04   -0.15189E+00    1
    0.72328E+04    0.15496E+04   -0.15172E+00    1
    0.72428E+04    0.15496E+04   -0.15155E+00    1
    0.72528E+04    0.15496E+04   -0.15139E+00    1
    0.72627E+04    0.15496E+04   -0.15125E+00    1
    0.72727E+04    0.15496E+04   -0.15112E+00    1
    0.72827E+04    0.15496E+04   -0.15098E+00    1
    0.72927E+04    0.15496E+04   -0.15085E+00    1
    0.73027E+04    0.15496E+04   -0.15072E+00    1
    0.73127E+04    0.15496E+04   -0.15058E+00    1
    0.73227E+04    0.15496E+04   -0.15045E+00    1
    0.73327E+04    0.15496E+04   -0.15031E+00    1
    0.73427E+04    0.15496E+04   -0.15018E+00    1
    0.73527E+04    0.15496E+04   -0.15004E+00    1
    0.73626E+04    0.15496E+04   -0.14991E+00    1
    0.73726E+04    0.15496E+04   -0.14977E+00    1
    0.73826E+04    0.15496E+04   -0.14964E+00    1
    0.73926E+04    0.15496E+04   -0.14951E+00    1
    0.74026E+04    0.15496E+04   -0.14937E+00    1
    0.74126E+04    0.15496E+04   -0.14924E+00    1
    0.74226E+04    0.15496E+04   -0.14910E+00    1
    0.74326E+04    0.15496E+04   -0.14897E+00    1
    0.74426E+04    0.15496E+04   -0.14883E+00    1
    0.74526E+04    0.15496E+04   -0.14870E+00    1
    0.74625E+04    0.15496E+04   -0.14857E+00    1
    0.74725E+04    0.15496E+04   -0.14843E+00    1
    0.74825E+04    0.15496E+04   -0.14830E+00    1
    0.74925E+04    0.15496E+04   -0.14816E+00    1
    0.75025E+04    0.15496E+04   -0.14809E+00    1
    0.75125E+04    0.15496E+04   -0.14822E+00    1
    0.75225E+04    0.15496E+04   -0.14836E+00    1
    0.75325E+04    0.15496E+04   -0.14849E+00    1
    0.75425E+04    0.15496E+04   -0.14863E+00    1
    0.75524E+04    0.15496E+04   -0.14876E+00    1
    0.75624E+04    0.15496E+04   -0.14890E+00    1
    0.75724E+04    0.15496E+04   -0.14903E+00    1
    0.75824E+04    0.15496E+04   -0.14917E+00    1
    0.75924E+04    0.15496E+04   -0.14930E+00    1
    0.76024E+04    0.15496E+04   -0.14944E+00    1
    0.76124E+04    0.15496E+04   -0.14957E+00    1
    0.76224E+04    0.15496E+04   -0.14971E+00    1
    0.76324E+04    0.15496E+04   -0.14984E+00    1
    0.76424E+04    0.15496E+04   -0.14998E+00    1
    0.76524E+04    0.15496E+04   -0.15011E+00    1
    0.76623E+04    0.15496E+04   -0.15025E+00    1
    0.76723E+04    0.15496E+04   -0.15038E+00    1
    0.76823E+04    0.15496E+04   -0.15051E+00    1
    0.76923E+04    0.15496E+04   -0.15065E+00    1
    0.77023E+04    0.15496E+04   -0.15078E+00    1
    0.77123E+04    0.15496E+04   -0.15092E+00    1
    0.77223E+04    0.15496E+04   -0.15105E+00    1
    0.77323E+04    0.15496E+04   -0.15119E+00    1
    0.77423E+04    0.15496E+04   -0.15132E+00    1
    0.77522E+04    0.15496E+04   -0.15145E+00    1
    0.77622E+04    0.15496E+04   -0.15158E+00    1
    0.77722E+04    0.15496E+04   -0.15170E+00    1
    0.77822E+04    0.15496E+04   -0.15182E+00    1
    0.77922E+04    0.15496E+04   -0.15195E+00    1
    0.78022E+04    0.15496E+04   -0.15207E+00    1
    0.78122E+04    0.15496E+04   -0.15219E+00    1
    0.78222E+04    0.15496E+04   -0.15232E+00    1
    0.78322E+04    0.15496E+04   -0.15244E+00    1
    0.78422E+04    0.15496E+04   -0.15256E+00    1
    0.78522E+04    0.15496E+04   -0.15269E+00    1
    0.78621E+04    0.15496E+04   -0.15281E+00    1
    0.78721E+04    0.15496E+04   -0.15293E+00    1
    0.78821E+04    0.15496E+04   -0.15306E+00    1
    0.78921E+04    0.15496E+04   -0.15318E+00    1
    0.79021E+04    0.15496E+04   -0.15330E+00    1
    0.79121E+04    0.15496E+04   -0.15343E+00    1
    0.79221E+04    0.15496E+04   -0.15355E+00    1
    0.79321E+04    0.15496E+04   -0.15367E+00    1
    0.79421E+04    0.15496E+04   -0.15380E+00    1
    0.79521E+04    0.15496E+04   -0.15392E+00    1
    0.79620E+04    0.15496E+04   -0.15404E+00    1
    0.79720E+04    0.15496E+04   -0.15417E+00    1
    0.79820E+04    0.15496E+04   -0.15429E+00    1
    0.79920E+04    0.15496E+04   -0.15442E+00    1
    0.80020E+04    0.15496E+04   -0.15338E+00    1
    0.80120E+04    0.15496E+04   -0.15159E+00    1
    0.80220E+04    0.15496E+04   -0.15150E+00    1
    0.80320E+04    0.15496E+04   -0.15141E+00    1
    0.80420E+04    0.15496E+04   -0.15131E+00    1
    0.80519E+04    0.15496E+04   -0.15122E+00    1
    0.80619E+04    0.15496E+04   -0.15112E+00    1
    0.80719E+04    0.15496E+04   -0.15103E+00    1
    0.80819E+04    0.15496E+04   -0.15094E+00    1
    0.80919E+04    0.15496E+04   -0.15084E+00    1
    0.81019E+04    0.15496E+04   -0.15075E+00    1
    0.81119E+04    0.15496E+04   -0.15066E+00    1
    0.81219E+04    0.15496E+04   -0.15056E+00    1
    0.81319E+04    0.15496E+04   -0.15047E+00    1
    0.81419E+04    0.15496E+04   -0.15038E+00    1
    0.81519E+04    0.15496E+04   -0.15028E+00    1
    0.81618E+04    0.15496E+04   -0.15019E+00    1
    0.81718E+04    0.15496E+04   -0.15009E+00    1
    0.81818E+04    0.15496E+04   -0.15000E+00    1
    0.81918E+04    0.15496E+04   -0.14991E+00    1
    0.82018E+04    0.15496E+04   -0.14981E+00    1
    0.82118E+04    0.15496E+04   -0.14972E+00    1
    0.82218E+04    0.15496E+04   -0.14963E+00    1
    0.82318E+04    0.15496E+04   -0.14953E+00    1
    0.82418E+04    0.15496E+04   -0.14944E+00    1
    0.82518E+04    0.15496E+04   -0.14933E+00    1
    0.82617E+04    0.15496E+04   -0.14935E+00    1
    0.82717E+04    0.15496E+04   -0.14936E+00    1
    0.82817E+04    0.15496E+04   -0.14938E+00    1
    0.82917E+04    0.15496E+04   -0.14940E+00    1
    0.83017E+04    0.15496E+04   -0.14942E+00    1
    0.83117E+04    0.15496E+04   -0.14944E+00    1
    0.83217E+04    0.15496E+04   -0.14945E+00    1
    0.83317E+04    0.15496E+04   -0.14947E+00    1
    0.83417E+04    0.15496E+04   -0.14949E+00    1
    0.83516E+04    0.15496E+04   -0.14951E+00    1
    0.83616E+04    0.15496E+04   -0.14952E+00    1
    0.83716E+04    0.15496E+04   -0.14954E+00    1
    0.83816E+04    0.15496E+04   -0.14956E+00    1
    0.83916E+04    0.15496E+04   -0.14958E+00    1
    0.84016E+04    0.15496E+04   -0.14960E+00    1
    0.84116E+04    0.15496E+04   -0.14961E+00    1
    0.84216E+04    0.15496E+04   -0.14963E+00    1
    0.84316E+04    0.15496E+04   -0.14965E+00    1
    0.84416E+04    0.15496E+04   -0.14967E+00    1
    0.84515E+04    0.15496E+04   -0.14969E+00    1
    0.84615E+04    0.15496E+04   -0.14970E+00    1
    0.84715E+04    0.15496E+04   -0.14972E+00    1
    0.84815E+04    0.15496E+04   -0.14974E+00    1
    0.84915E+04    0.15496E+04   -0.14976E+00    1
    0.85015E+04    0.15496E+04   -0.15024E+00    1
    0.85115E+04    0.15496E+04   -0.15036E+00    1
    0.85215E+04    0.15496E+04   -0.15049E+00    1
    0.85315E+04    0.15496E+04   -0.15061E+00    1
    0.85415E+04    0.15496E+04   -0.15074E+00    1
    0.85515E+04    0.15496E+04   -0.15086E+00    1
    0.85614E+04    0.15496E+04   -0.15099E+00    1
    0.85714E+04    0.15496E+04   -0.15111E+00    1
    0.85814E+04    0.15496E+04   -0.15124E+00    1
    0.85914E+04    0.15496E+04   -0.15136E+00    1
    0.86014E+04    0.15496E+04   -0.15149E+00    1
    0.86114E+04    0.15496E+04   -0.15161E+00    1
    0.86214E+04    0.15496E+04   -0.15174E+00    1
    0.86314E+04    0.15496E+04   -0.15186E+00    1
    0.86414E+04    0.15496E+04   -0.15199E+00    1
    0.86514E+04    0.15496E+04   -0.15211E+00    1
    0.86613E+04    0.15496E+04   -0.15224E+00    1
    0.86713E+04    0.15496E+04   -0.15236E+00    1
    0.86813E+04    0.15496E+04   -0.15249E+00    1
    0.86913E+04    0.15496E+04   -0.15261E+00    1
    0.87013E+04    0.15496E+04   -0.15274E+00    1
    0.87113E+04    0.15496E+04   -0.15286E+00    1
    0.87213E+04    0.15496E+04   -0.15299E+00    1
    0.87313E+04    0.15496E+04   -0.15311E+00    1
    0.87413E+04    0.15496E+04   -0.15324E+00    1
    0.87512E+04    0.15496E+04   -0.15335E+00    1
    0.87612E+04    0.15496E+04   -0.15339E+00    1
    0.87712E+04    0.15496E+04   -0.15343E+00    1
    0.87812E+04    0.15496E+04   -0.15347E+00    1
    0.87912E+04    0.15496E+04   -0.15351E+00    1
    0.88012E+04    0.15496E+04   -0.15355E+00    1
    0.88112E+04    0.15496E+04   -0.15359E+00    1
    0.88212E+04    0.15496E+04   -0.15363E+00    1
    0.88312E+04    0.15496E+04   -0.15366E+00    1
    0.88412E+04    0.15496E+04   -0.15370E+00    1
    0.88511E+04    0.15496E+04   -0.15374E+00    1
    0.88611E+04    0.15496E+04   -0.15378E+00    1
    0.88711E+04    0.15496E+04   -0.15382E+00    1
    0.88811E+04    0.15496E+04   -0.15386E+00    1
    0.88911E+04    0.15496E+04   -0.15390E+00    1
    0.89011E+04    0.15496E+04   -0.15394E+00    1
    0.89111E+04    0.15496E+04   -0.15398E+00    1
    0.89211E+04    0.15496E+04   -0.15402E+00    1
    0.89311E+04    0.15496E+04   -0.15406E+00    1
    0.89411E+04    0.15496E+04   -0.15410E+00    1
    0.89511E+04    0.15496E+04   -0.15414E+00    1
    0.89610E+04    0.15496E+04   -0.15418E+00    1
    0.89710E+04    0.15496E+04   -0.15422E+00    1
    0.89810E+04    0.15496E+04   -0.15426E+00    1
    0.89910E+04    0.15496E+04   -0.15429E+00    1
    0.90010E+04    0.15496E+04   -0.15253E+00    1
    0.90110E+04    0.15496E+04   -0.14970E+00    1
    0.90210E+04    0.15496E+04   -0.14975E+00    1
    0.90310E+04    0.15496E+04   -0.14980E+00    1
    0.90410E+04    0.15496E+04   -0.14985E+00    1
    0.90510E+04    0.15496E+04   -0.14990E+00    1
    0.90609E+04    0.15496E+04   -0.14995E+00    1
    0.90709E+04    0.15496E+04   -0.15000E+00    1
    0.90809E+04    0.15496E+04   -0.15005E+00    1
    0.90909E+04    0.15496E+04   -0.15010E+00    1
    0.91009E+04    0.15496E+04   -0.15015E+00    1
    0.91109E+04    0.15496E+04   -0.15020E+00    1
    0.91209E+04    0.15496E+04   -0.15025E+00    1
    0.91309E+04    0.15496E+04   -0.15030E+00    1
    0.91409E+04    0.15496E+04   -0.15035E+00    1
    0.91509E+04    0.15496E+04   -0.15040E+00    1
    0.91608E+04    0.15496E+04   -0.15045E+00    1
    0.91708E+04    0.15496E+04   -0.15051E+00    1
    0.91808E+04    0.15496E+04   -0.15056E+00    1
    0.91908E+04    0.15496E+04   -0.15061E+00    1
    0.92008E+04    0.15496E+04   -0.15066E+00    1
    0.92108E+04    0.15496E+04   -0.15071E+00    1
    0.92208E+04    0.15496E+04   -0.15076E+00    1
    0.92308E+04    0.15496E+04   -0.15081E+00    1
    0.92408E+04    0.15496E+04   -0.15086E+00    1
    0.92508E+04    0.15496E+04   -0.15091E+00    1
    0.92607E+04    0.15496E+04   -0.15099E+00    1
    0.92707E+04    0.15496E+04   -0.15108E+00    1
    0.92807E+04    0.15496E+04   -0.15118E+00    1
    0.92907E+04    0.15496E+04   -0.15127E+00    1
    0.93007E+04    0.15496E+04   -0.15136E+00    1
    0.93107E+04    0.15496E+04   -0.15145E+00    1
    0.93207E+04    0.15496E+04   -0.15155E+00    1
    0.93307E+04    0.15496E+04   -0.15164E+00    1
    0.93407E+04    0.15496E+04   -0.15173E+00    1
    0.93506E+04    0.15496E+04   -0.15183E+00    1
    0.93606E+04    0.15496E+04   -0.15192E+00    1
    0.93706E+04    0.15496E+04   -0.15201E+00    1
    0.93806E+04    0.15496E+04   -0.15210E+00    1
    0.93906E+04    0.15496E+04   -0.15220E+00    1
    0.94006E+04    0.15496E+04   -0.15229E+00    1
    0.94106E+04    0.15496E+04   -0.15238E+00    1
    0.94206E+04    0.15496E+04   -0.15247E+00    1
    0.94306E+04    0.15496E+04   -0.15257E+00    1
    0.94406E+04    0.15496E+04   -0.15266E+00    1
    0.94506E+04    0.15496E+04   -0.15275E+00    1
    0.94605E+04    0.15496E+04   -0.15284E+00    1
    0.94705E+04    0.15496E+04   -0.15294E+00    1
    0.94805E+04    0.15496E+04   -0.15303E+00    1
    0.94905E+04    0.15496E+04   -0.15312E+00    1
    0.95005E+04    0.15496E+04   -0.15359E+00    1
    0.95105E+04    0.15496E+04   -0.15461E+00    1
    0.95205E+04    0.15496E+04   -0.15449E+00    1
    0.95305E+04    0.15496E+04   -0.15437E+00    1
    0.95405E+04    0.15496E+04   -0.15426E+00    1
    0.95505E+04    0.15496E+04   -0.15414E+00    1
    0.95604E+04    0.15496E+04   -0.15402E+00    1
    0.95704E+04    0.15496E+04   -0.15390E+00    1
    0.95804E+04    0.15496E+04   -0.15379E+00    1
    0.95904E+04    0.15496E+04   -0.15367E+00    1
    0.96004E+04    0.15496E+04   -0.15355E+00    1
    0.96104E+04    0.15496E+04   -0.15343E+00    1
    0.96204E+04    0.15496E+04   -0.15332E+00    1
    0.96304E+04    0.15496E+04   -0.15320E+00    1
    0.96404E+04    0.15496E+04   -0.15308E+00    1
    0.96504E+04    0.15496E+04   -0.15296E+00    1
    0.96603E+04    0.15496E+04   -0.15285E+00    1
    0.96703E+04    0.15496E+04   -0.15273E+00    1
    0.96803E+04    0.15496E+04   -0.15261E+00    1
    0.96903E+04    0.15496E+04   -0.15249E+00    1
    0.97003E+04    0.15496E+04   -0.15238E+00    1
    0.97103E+04    0.15496E+04   -0.15226E+00    1
    0.97203E+04    0.15496E+04   -0.15214E+00    1
    0.97303E+04    0.15496E+04   -0.15202E+00    1
    0.97403E+04    0.15496E+04   -0.15191E+00    1
    0.97502E+04    0.15496E+04   -0.15179E+00    1
    0.97602E+04    0.15496E+04   -0.15166E+00    1
    0.97702E+04    0.15496E+04   -0.15154E+00    1
    0.97802E+04    0.15496E+04   -0.15142E+00    1
    0.97902E+04    0.15496E+04   -0.15129E+00    1
    0.98002E+04    0.15496E+04   -0.15117E+00    1
    0.98102E+04    0.15496E+04   -0.15105E+00    1
    0.98202E+04    0.15496E+04   -0.15093E+00    1
    0.98302E+04    0.15496E+04   -0.15080E+00    1
    0.98402E+04    0.15496E+04   -0.15068E+00    1
    0.98501E+04    0.15496E+04   -0.15056E+00    1
    0.98601E+04    0.15496E+04   -0.15044E+00    1
    0.98701E+04    0.15496E+04   -0.15031E+00    1
    0.98801E+04    0.15496E+04   -0.15019E+00    1
    0.98901E+04    0.15496E+04   -0.15007E+00    1
    0.99001E+04    0.15496E+04   -0.14994E+00    1
    0.99101E+04    0.15496E+04   -0.14982E+00    1
    0.99201E+04    0.15496E+04   -0.14970E+00    1
    0.99301E+04    0.15496E+04   -0.14958E+00    1
    0.99401E+04    0.15496E+04   -0.14945E+00    1
    0.99501E+04    0.15496E+04   -0.14933E+00    1
    0.99600E+04    0.15496E+04   -0.14921E+00    1
    0.99700E+04    0.15496E+04   -0.14909E+00    1
    0.99800E+04    0.15496E+04   -0.14896E+00    1
    0.99900E+04    0.15496E+04   -0.14884E+00    1
    0.10000E+05    0.15496E+04   -0.14999E+00    1
